2020-03-23 17:59:34 INFO  cn.com.alasky.StartApp 26 main - 启动应用
2020-03-23 17:59:35 INFO  org.springframework.boot.StartupInfoLogger 50 logStarting - Starting StartApp on Alasky with PID 15908 (F:\develop\association\target\classes started by Alasky in F:\develop\association)
2020-03-23 17:59:35 INFO  org.springframework.boot.SpringApplication 675 logStartupProfileInfo - No active profile set, falling back to default profiles: default
2020-03-23 17:59:36 INFO  org.springframework.data.repository.config.RepositoryConfigurationDelegate 244 multipleStoresDetected - Multiple Spring Data modules found, entering strict repository configuration mode!
2020-03-23 17:59:36 INFO  org.springframework.data.repository.config.RepositoryConfigurationDelegate 126 registerRepositoriesIn - Bootstrapping Spring Data repositories in DEFAULT mode.
2020-03-23 17:59:36 INFO  org.springframework.data.repository.config.RepositoryConfigurationDelegate 182 registerRepositoriesIn - Finished Spring Data repository scanning in 24ms. Found 0 repository interfaces.
2020-03-23 17:59:36 INFO  org.springframework.context.support.PostProcessorRegistrationDelegate$BeanPostProcessorChecker 330 postProcessAfterInitialization - Bean 'org.springframework.transaction.annotation.ProxyTransactionManagementConfiguration' of type [org.springframework.transaction.annotation.ProxyTransactionManagementConfiguration$$EnhancerBySpringCGLIB$$d6c6ee3] is not eligible for getting processed by all BeanPostProcessors (for example: not eligible for auto-proxying)
2020-03-23 17:59:37 INFO  org.springframework.boot.web.embedded.tomcat.TomcatWebServer 90 initialize - Tomcat initialized with port(s): 8080 (http)
2020-03-23 17:59:37 INFO  org.apache.juli.logging.DirectJDKLog 173 log - Initializing ProtocolHandler ["http-nio-8080"]
2020-03-23 17:59:37 INFO  org.apache.juli.logging.DirectJDKLog 173 log - Starting service [Tomcat]
2020-03-23 17:59:37 INFO  org.apache.juli.logging.DirectJDKLog 173 log - Starting Servlet engine: [Apache Tomcat/9.0.16]
2020-03-23 17:59:37 INFO  org.apache.juli.logging.DirectJDKLog 173 log - The APR based Apache Tomcat Native library which allows optimal performance in production environments was not found on the java.library.path: [C:\Software\java\jdk1.8.0_211\bin;C:\Windows\Sun\Java\bin;C:\Windows\system32;C:\Windows;C:\Software\python\Scripts\;C:\Software\python\;C:\Windows\system32;C:\Windows;C:\Windows\System32\Wbem;C:\Windows\System32\WindowsPowerShell\v1.0\;C:\Windows\System32\OpenSSH\;C:\Software\java\jdk1.8.0_211\bin;C:\Software\java\jdk1.8.0_211\jre\bin;C:\Program Files\Intel\WiFi\bin\;C:\Program Files\Common Files\Intel\WirelessCommon\;D:\hadoop-2.7.7\bin;%CATALINA_HOME%\lib;%CATALINA_HOME%\bin;C:\Program Files (x86)\NVIDIA Corporation\PhysX\Common;C:\Program Files\NVIDIA Corporation\NVIDIA NvDLISR;C:\Software\Git\cmd;D:\mysql-8.0.18-winx64\bin;D:\pandoc\;C:\Program Files\nodejs\;C:\ProgramData\chocolatey\bin;C:\Software\python\python3.6\Scripts\;C:\Software\python\python3.6\;C:\Software\Scripts\;C:\Software\;C:\Users\Administrator\AppData\Local\Microsoft\WindowsApps;C:\Program Files\Intel\WiFi\bin\;C:\Program Files\Common Files\Intel\WirelessCommon\;D:\IntelliJ IDEA 2019.1.2\bin;D:\Microsoft VS Code\bin;D:\apache-maven-3.6.1\bin;C:\Software\python\Scripts;C:\Users\Administrator\AppData\Local\GitHubDesktop\bin;C:\Program Files\Bandizip\;C:\Users\Administrator\AppData\Roaming\npm;.]
2020-03-23 17:59:37 INFO  org.apache.juli.logging.DirectJDKLog 173 log - At least one JAR was scanned for TLDs yet contained no TLDs. Enable debug logging for this logger for a complete list of JARs that were scanned but no TLDs were found in them. Skipping unneeded JARs during scanning can improve startup time and JSP compilation time.
2020-03-23 17:59:37 INFO  org.apache.juli.logging.DirectJDKLog 173 log - Initializing Spring embedded WebApplicationContext
2020-03-23 17:59:37 INFO  org.springframework.boot.web.servlet.context.ServletWebServerApplicationContext 296 prepareWebApplicationContext - Root WebApplicationContext: initialization completed in 2020 ms
2020-03-23 17:59:38 INFO  org.springframework.beans.factory.annotation.AutowiredAnnotationBeanPostProcessor 447 lambda$buildAutowiringMetadata$1 - Autowired annotation is not supported on static fields: private static java.lang.String cn.com.alasky.utils.JedisUtils.url
2020-03-23 17:59:38 INFO  org.springframework.beans.factory.annotation.AutowiredAnnotationBeanPostProcessor 447 lambda$buildAutowiringMetadata$1 - Autowired annotation is not supported on static fields: private static int cn.com.alasky.utils.JedisUtils.port
2020-03-23 17:59:38 INFO  io.lettuce.core.EpollProvider 68 <clinit> - Starting without optional epoll library
2020-03-23 17:59:38 INFO  io.lettuce.core.KqueueProvider 70 <clinit> - Starting without optional kqueue library
2020-03-23 17:59:39 INFO  org.springframework.scheduling.concurrent.ExecutorConfigurationSupport 171 initialize - Initializing ExecutorService 'applicationTaskExecutor'
2020-03-23 17:59:40 INFO  org.springframework.scheduling.annotation.ScheduledAnnotationBeanPostProcessor 295 finishRegistration - No TaskScheduler/ScheduledExecutorService bean found for scheduled processing
2020-03-23 17:59:40 INFO  org.apache.juli.logging.DirectJDKLog 173 log - Starting ProtocolHandler ["http-nio-8080"]
2020-03-23 17:59:40 INFO  org.springframework.boot.web.embedded.tomcat.TomcatWebServer 204 start - Tomcat started on port(s): 8080 (http) with context path ''
2020-03-23 17:59:40 INFO  org.springframework.boot.StartupInfoLogger 59 logStarted - Started StartApp in 5.573 seconds (JVM running for 7.554)
2020-03-23 17:59:48 INFO  org.apache.juli.logging.DirectJDKLog 173 log - Initializing Spring DispatcherServlet 'dispatcherServlet'
2020-03-23 17:59:48 INFO  org.springframework.web.servlet.FrameworkServlet 524 initServletBean - Initializing Servlet 'dispatcherServlet'
2020-03-23 17:59:48 INFO  org.springframework.web.servlet.FrameworkServlet 546 initServletBean - Completed initialization in 9 ms
2020-03-23 17:59:48 ERROR cn.com.alasky.utils.JedisUtils 89 pageviewsIncrease - 获取Jedis连接出错: redis.clients.jedis.exceptions.JedisConnectionException: Could not get a resource from the pool
2020-03-23 17:59:48 ERROR com.alibaba.druid.support.logging.Log4j2Impl 58 error - testWhileIdle is true, validationQuery not set
2020-03-23 17:59:48 INFO  com.alibaba.druid.support.logging.Log4j2Impl 106 info - {dataSource-1} inited
2020-03-23 18:02:59 ERROR cn.com.alasky.utils.JedisUtils 89 pageviewsIncrease - 获取Jedis连接出错: redis.clients.jedis.exceptions.JedisConnectionException: Could not get a resource from the pool
2020-03-23 18:03:36 ERROR cn.com.alasky.utils.JedisUtils 89 pageviewsIncrease - 获取Jedis连接出错: redis.clients.jedis.exceptions.JedisConnectionException: Could not get a resource from the pool
2020-03-23 18:04:09 ERROR cn.com.alasky.utils.JedisUtils 89 pageviewsIncrease - 获取Jedis连接出错: redis.clients.jedis.exceptions.JedisConnectionException: Could not get a resource from the pool
2020-03-23 18:04:10 ERROR cn.com.alasky.utils.JedisUtils 89 pageviewsIncrease - 获取Jedis连接出错: redis.clients.jedis.exceptions.JedisConnectionException: Could not get a resource from the pool
2020-03-23 18:04:16 ERROR cn.com.alasky.utils.JedisUtils 89 pageviewsIncrease - 获取Jedis连接出错: redis.clients.jedis.exceptions.JedisConnectionException: Could not get a resource from the pool
2020-03-23 18:04:36 ERROR cn.com.alasky.utils.JedisUtils 89 pageviewsIncrease - 获取Jedis连接出错: redis.clients.jedis.exceptions.JedisConnectionException: Could not get a resource from the pool
2020-03-23 18:06:08 ERROR cn.com.alasky.utils.JedisUtils 89 pageviewsIncrease - 获取Jedis连接出错: redis.clients.jedis.exceptions.JedisConnectionException: Could not get a resource from the pool
2020-03-23 18:07:22 ERROR cn.com.alasky.utils.JedisUtils 89 pageviewsIncrease - 获取Jedis连接出错: redis.clients.jedis.exceptions.JedisConnectionException: Could not get a resource from the pool
2020-03-23 18:11:42 INFO  org.springframework.scheduling.concurrent.ExecutorConfigurationSupport 208 shutdown - Shutting down ExecutorService 'applicationTaskExecutor'
2020-03-23 18:11:42 INFO  com.alibaba.druid.support.logging.Log4j2Impl 106 info - {dataSource-1} closed
