2020-03-24 11:05:23 INFO  cn.com.alasky.StartApp 28 main - 启动应用
2020-03-24 11:05:23 INFO  org.springframework.boot.StartupInfoLogger 50 logStarting - Starting StartApp on Alasky with PID 15984 (F:\develop\association\target\classes started by Alasky in F:\develop\association)
2020-03-24 11:05:23 INFO  org.springframework.boot.SpringApplication 675 logStartupProfileInfo - No active profile set, falling back to default profiles: default
2020-03-24 11:05:25 INFO  org.springframework.data.repository.config.RepositoryConfigurationDelegate 244 multipleStoresDetected - Multiple Spring Data modules found, entering strict repository configuration mode!
2020-03-24 11:05:25 INFO  org.springframework.data.repository.config.RepositoryConfigurationDelegate 126 registerRepositoriesIn - Bootstrapping Spring Data repositories in DEFAULT mode.
2020-03-24 11:05:25 INFO  org.springframework.data.repository.config.RepositoryConfigurationDelegate 182 registerRepositoriesIn - Finished Spring Data repository scanning in 25ms. Found 0 repository interfaces.
2020-03-24 11:05:25 INFO  org.springframework.context.support.PostProcessorRegistrationDelegate$BeanPostProcessorChecker 330 postProcessAfterInitialization - Bean 'org.springframework.transaction.annotation.ProxyTransactionManagementConfiguration' of type [org.springframework.transaction.annotation.ProxyTransactionManagementConfiguration$$EnhancerBySpringCGLIB$$aaeed5cc] is not eligible for getting processed by all BeanPostProcessors (for example: not eligible for auto-proxying)
2020-03-24 11:05:25 INFO  org.springframework.boot.web.embedded.tomcat.TomcatWebServer 90 initialize - Tomcat initialized with port(s): 8080 (http)
2020-03-24 11:05:25 INFO  org.apache.juli.logging.DirectJDKLog 173 log - Initializing ProtocolHandler ["http-nio-8080"]
2020-03-24 11:05:25 INFO  org.apache.juli.logging.DirectJDKLog 173 log - Starting service [Tomcat]
2020-03-24 11:05:25 INFO  org.apache.juli.logging.DirectJDKLog 173 log - Starting Servlet engine: [Apache Tomcat/9.0.16]
2020-03-24 11:05:25 INFO  org.apache.juli.logging.DirectJDKLog 173 log - The APR based Apache Tomcat Native library which allows optimal performance in production environments was not found on the java.library.path: [C:\Software\java\jdk1.8.0_211\bin;C:\Windows\Sun\Java\bin;C:\Windows\system32;C:\Windows;C:\Software\python\Scripts\;C:\Software\python\;C:\Windows\system32;C:\Windows;C:\Windows\System32\Wbem;C:\Windows\System32\WindowsPowerShell\v1.0\;C:\Windows\System32\OpenSSH\;C:\Software\java\jdk1.8.0_211\bin;C:\Software\java\jdk1.8.0_211\jre\bin;C:\Program Files\Intel\WiFi\bin\;C:\Program Files\Common Files\Intel\WirelessCommon\;D:\hadoop-2.7.7\bin;%CATALINA_HOME%\lib;%CATALINA_HOME%\bin;C:\Program Files (x86)\NVIDIA Corporation\PhysX\Common;C:\Program Files\NVIDIA Corporation\NVIDIA NvDLISR;C:\Software\Git\cmd;D:\mysql-8.0.18-winx64\bin;D:\pandoc\;C:\Program Files\nodejs\;C:\ProgramData\chocolatey\bin;C:\Software\python\python3.6\Scripts\;C:\Software\python\python3.6\;C:\Software\Scripts\;C:\Software\;C:\Users\Administrator\AppData\Local\Microsoft\WindowsApps;C:\Program Files\Intel\WiFi\bin\;C:\Program Files\Common Files\Intel\WirelessCommon\;D:\IntelliJ IDEA 2019.1.2\bin;D:\Microsoft VS Code\bin;D:\apache-maven-3.6.1\bin;C:\Software\python\Scripts;C:\Users\Administrator\AppData\Local\GitHubDesktop\bin;C:\Program Files\Bandizip\;C:\Users\Administrator\AppData\Roaming\npm;.]
2020-03-24 11:05:26 INFO  org.apache.juli.logging.DirectJDKLog 173 log - At least one JAR was scanned for TLDs yet contained no TLDs. Enable debug logging for this logger for a complete list of JARs that were scanned but no TLDs were found in them. Skipping unneeded JARs during scanning can improve startup time and JSP compilation time.
2020-03-24 11:05:26 INFO  org.apache.juli.logging.DirectJDKLog 173 log - Initializing Spring embedded WebApplicationContext
2020-03-24 11:05:26 INFO  org.springframework.boot.web.servlet.context.ServletWebServerApplicationContext 296 prepareWebApplicationContext - Root WebApplicationContext: initialization completed in 2219 ms
2020-03-24 11:05:27 INFO  io.lettuce.core.EpollProvider 68 <clinit> - Starting without optional epoll library
2020-03-24 11:05:27 INFO  io.lettuce.core.KqueueProvider 70 <clinit> - Starting without optional kqueue library
2020-03-24 11:05:28 INFO  org.springframework.scheduling.concurrent.ExecutorConfigurationSupport 171 initialize - Initializing ExecutorService 'applicationTaskExecutor'
2020-03-24 11:05:29 INFO  org.springframework.scheduling.annotation.ScheduledAnnotationBeanPostProcessor 295 finishRegistration - No TaskScheduler/ScheduledExecutorService bean found for scheduled processing
2020-03-24 11:05:29 INFO  org.apache.juli.logging.DirectJDKLog 173 log - Starting ProtocolHandler ["http-nio-8080"]
2020-03-24 11:05:29 INFO  org.springframework.boot.web.embedded.tomcat.TomcatWebServer 204 start - Tomcat started on port(s): 8080 (http) with context path ''
2020-03-24 11:05:29 INFO  org.springframework.boot.StartupInfoLogger 59 logStarted - Started StartApp in 6.125 seconds (JVM running for 8.155)
2020-03-24 11:05:42 INFO  org.apache.juli.logging.DirectJDKLog 173 log - Initializing Spring DispatcherServlet 'dispatcherServlet'
2020-03-24 11:05:42 INFO  org.springframework.web.servlet.FrameworkServlet 524 initServletBean - Initializing Servlet 'dispatcherServlet'
2020-03-24 11:05:42 INFO  org.springframework.web.servlet.FrameworkServlet 546 initServletBean - Completed initialization in 10 ms
2020-03-24 11:05:42 ERROR com.alibaba.druid.support.logging.Log4j2Impl 58 error - testWhileIdle is true, validationQuery not set
2020-03-24 11:05:42 INFO  com.alibaba.druid.support.logging.Log4j2Impl 106 info - {dataSource-1} inited
2020-03-24 11:09:36 ERROR cn.com.alasky.controller.admin.AdminController 45 getUserPosition - 获取用户职位出错: java.lang.NullPointerException
2020-03-24 11:09:49 INFO  cn.com.alasky.controller.LoginController 56 getLoginInfo - 新的登录(127.0.0.1): 11122223333
2020-03-24 11:09:50 INFO  cn.com.alasky.controller.admin.AdminController 41 getUserPosition - 查看控制台: 8cff4bc2-07e3-4099-84f5-89e7b880a197
2020-03-24 11:09:50 INFO  cn.com.alasky.controller.admin.UserDataController 49 getUserData - 查看用户信息: 8cff4bc2-07e3-4099-84f5-89e7b880a197
2020-03-24 11:09:53 INFO  cn.com.alasky.controller.admin.PersonalDataController 53 getPersonalData - 查看个人信息: 8cff4bc2-07e3-4099-84f5-89e7b880a197
2020-03-24 11:09:57 INFO  cn.com.alasky.controller.LoginController 100 logout - 11122223333 退出登录
2020-03-24 11:09:58 ERROR cn.com.alasky.controller.admin.AdminController 45 getUserPosition - 获取用户职位出错: java.lang.NullPointerException
2020-03-24 11:10:09 INFO  cn.com.alasky.controller.LoginController 56 getLoginInfo - 新的登录(127.0.0.1): 22233334444
2020-03-24 11:10:10 INFO  cn.com.alasky.controller.admin.AdminController 41 getUserPosition - 查看控制台: 639c1f8c-9ec9-42ef-b413-b76711ce57f8
2020-03-24 11:10:10 INFO  cn.com.alasky.controller.admin.UserDataController 49 getUserData - 查看用户信息: 639c1f8c-9ec9-42ef-b413-b76711ce57f8
2020-03-24 11:10:15 INFO  cn.com.alasky.controller.admin.PersonalDataController 53 getPersonalData - 查看个人信息: 639c1f8c-9ec9-42ef-b413-b76711ce57f8
2020-03-24 11:10:18 INFO  cn.com.alasky.controller.admin.AssDataController 42 getAssData - 获取社团信息: 639c1f8c-9ec9-42ef-b413-b76711ce57f8
2020-03-24 11:10:41 INFO  cn.com.alasky.controller.admin.AdminController 41 getUserPosition - 查看控制台: 639c1f8c-9ec9-42ef-b413-b76711ce57f8
2020-03-24 11:10:41 INFO  cn.com.alasky.controller.admin.UserDataController 49 getUserData - 查看用户信息: 639c1f8c-9ec9-42ef-b413-b76711ce57f8
2020-03-24 11:10:46 INFO  cn.com.alasky.controller.admin.PersonalDataController 53 getPersonalData - 查看个人信息: 639c1f8c-9ec9-42ef-b413-b76711ce57f8
2020-03-24 11:10:54 INFO  cn.com.alasky.controller.admin.AdminController 41 getUserPosition - 查看控制台: 639c1f8c-9ec9-42ef-b413-b76711ce57f8
2020-03-24 11:10:54 INFO  cn.com.alasky.controller.admin.UserDataController 49 getUserData - 查看用户信息: 639c1f8c-9ec9-42ef-b413-b76711ce57f8
2020-03-24 11:10:55 INFO  cn.com.alasky.controller.admin.PersonalDataController 53 getPersonalData - 查看个人信息: 639c1f8c-9ec9-42ef-b413-b76711ce57f8
2020-03-24 11:11:00 INFO  cn.com.alasky.controller.admin.UserDataController 49 getUserData - 查看用户信息: 639c1f8c-9ec9-42ef-b413-b76711ce57f8
2020-03-24 11:11:02 INFO  cn.com.alasky.controller.admin.PersonalDataController 53 getPersonalData - 查看个人信息: 639c1f8c-9ec9-42ef-b413-b76711ce57f8
2020-03-24 11:11:53 INFO  cn.com.alasky.controller.admin.AdminController 41 getUserPosition - 查看控制台: 639c1f8c-9ec9-42ef-b413-b76711ce57f8
2020-03-24 11:11:54 INFO  cn.com.alasky.controller.admin.UserDataController 49 getUserData - 查看用户信息: 639c1f8c-9ec9-42ef-b413-b76711ce57f8
2020-03-24 11:11:55 INFO  cn.com.alasky.controller.admin.PersonalDataController 53 getPersonalData - 查看个人信息: 639c1f8c-9ec9-42ef-b413-b76711ce57f8
2020-03-24 11:12:01 INFO  cn.com.alasky.controller.admin.PersonalDataController 53 getPersonalData - 查看个人信息: 639c1f8c-9ec9-42ef-b413-b76711ce57f8
2020-03-24 11:12:02 INFO  cn.com.alasky.controller.admin.PersonalDataController 53 getPersonalData - 查看个人信息: 639c1f8c-9ec9-42ef-b413-b76711ce57f8
2020-03-24 11:12:02 INFO  cn.com.alasky.controller.admin.PersonalDataController 53 getPersonalData - 查看个人信息: 639c1f8c-9ec9-42ef-b413-b76711ce57f8
2020-03-24 11:12:19 ERROR cn.com.alasky.controller.admin.AdminController 45 getUserPosition - 获取用户职位出错: java.lang.NullPointerException
2020-03-24 11:12:26 INFO  cn.com.alasky.controller.LoginController 56 getLoginInfo - 新的登录(127.0.0.1): 22233334444
2020-03-24 11:12:27 INFO  cn.com.alasky.controller.admin.AdminController 41 getUserPosition - 查看控制台: 639c1f8c-9ec9-42ef-b413-b76711ce57f8
2020-03-24 11:12:27 INFO  cn.com.alasky.controller.admin.UserDataController 49 getUserData - 查看用户信息: 639c1f8c-9ec9-42ef-b413-b76711ce57f8
2020-03-24 11:12:29 INFO  cn.com.alasky.controller.admin.PersonalDataController 53 getPersonalData - 查看个人信息: 639c1f8c-9ec9-42ef-b413-b76711ce57f8
2020-03-24 11:12:32 INFO  cn.com.alasky.controller.admin.AssDataController 42 getAssData - 获取社团信息: 639c1f8c-9ec9-42ef-b413-b76711ce57f8
2020-03-24 11:13:31 INFO  cn.com.alasky.controller.admin.AssDataController 68 createNewAss - 创建新的社团: 639c1f8c-9ec9-42ef-b413-b76711ce57f8
2020-03-24 11:13:33 INFO  cn.com.alasky.controller.admin.AdminController 41 getUserPosition - 查看控制台: 639c1f8c-9ec9-42ef-b413-b76711ce57f8
2020-03-24 11:13:33 INFO  cn.com.alasky.controller.admin.UserDataController 49 getUserData - 查看用户信息: 639c1f8c-9ec9-42ef-b413-b76711ce57f8
2020-03-24 11:13:36 INFO  cn.com.alasky.controller.admin.AssAdminController 42 getAssAdminAssInfo - 查看控制台社团管理: 22233334444
2020-03-24 11:13:54 INFO  cn.com.alasky.controller.admin.AssAdminController 105 assAdminDepChange - 修改部门信息: 22233334444
2020-03-24 11:15:07 INFO  cn.com.alasky.controller.admin.AssAdminController 42 getAssAdminAssInfo - 查看控制台社团管理: 22233334444
2020-03-24 11:15:30 ERROR cn.com.alasky.controller.admin.AdminController 45 getUserPosition - 获取用户职位出错: java.lang.NullPointerException
2020-03-24 11:15:37 INFO  cn.com.alasky.controller.LoginController 56 getLoginInfo - 新的登录(127.0.0.1): 22233334444
2020-03-24 11:15:39 INFO  cn.com.alasky.controller.admin.AdminController 41 getUserPosition - 查看控制台: 639c1f8c-9ec9-42ef-b413-b76711ce57f8
2020-03-24 11:15:39 INFO  cn.com.alasky.controller.admin.UserDataController 49 getUserData - 查看用户信息: 639c1f8c-9ec9-42ef-b413-b76711ce57f8
2020-03-24 11:15:40 INFO  cn.com.alasky.controller.admin.AssDataController 42 getAssData - 获取社团信息: 639c1f8c-9ec9-42ef-b413-b76711ce57f8
2020-03-24 11:15:40 INFO  cn.com.alasky.controller.admin.AssAdminController 42 getAssAdminAssInfo - 查看控制台社团管理: 22233334444
2020-03-24 11:16:06 INFO  cn.com.alasky.controller.admin.AssAdminController 105 assAdminDepChange - 修改部门信息: 22233334444
2020-03-24 11:17:24 INFO  cn.com.alasky.controller.admin.AdminController 41 getUserPosition - 查看控制台: 639c1f8c-9ec9-42ef-b413-b76711ce57f8
2020-03-24 11:17:24 INFO  cn.com.alasky.controller.admin.UserDataController 49 getUserData - 查看用户信息: 639c1f8c-9ec9-42ef-b413-b76711ce57f8
2020-03-24 11:17:25 INFO  cn.com.alasky.controller.admin.AssAdminController 42 getAssAdminAssInfo - 查看控制台社团管理: 22233334444
2020-03-24 11:17:34 ERROR cn.com.alasky.controller.admin.AdminController 45 getUserPosition - 获取用户职位出错: java.lang.NullPointerException
2020-03-24 11:17:38 INFO  cn.com.alasky.controller.LoginController 56 getLoginInfo - 新的登录(127.0.0.1): 22233334444
2020-03-24 11:17:39 INFO  cn.com.alasky.controller.admin.AdminController 41 getUserPosition - 查看控制台: 639c1f8c-9ec9-42ef-b413-b76711ce57f8
2020-03-24 11:17:39 INFO  cn.com.alasky.controller.admin.UserDataController 49 getUserData - 查看用户信息: 639c1f8c-9ec9-42ef-b413-b76711ce57f8
2020-03-24 11:17:40 INFO  cn.com.alasky.controller.admin.AssAdminController 42 getAssAdminAssInfo - 查看控制台社团管理: 22233334444
2020-03-24 11:18:07 INFO  cn.com.alasky.controller.admin.AdminController 41 getUserPosition - 查看控制台: 639c1f8c-9ec9-42ef-b413-b76711ce57f8
2020-03-24 11:18:08 INFO  cn.com.alasky.controller.admin.UserDataController 49 getUserData - 查看用户信息: 639c1f8c-9ec9-42ef-b413-b76711ce57f8
2020-03-24 11:18:08 INFO  cn.com.alasky.controller.admin.AdminController 41 getUserPosition - 查看控制台: 639c1f8c-9ec9-42ef-b413-b76711ce57f8
2020-03-24 11:18:08 INFO  cn.com.alasky.controller.admin.UserDataController 49 getUserData - 查看用户信息: 639c1f8c-9ec9-42ef-b413-b76711ce57f8
2020-03-24 11:18:09 INFO  cn.com.alasky.controller.admin.AdminController 41 getUserPosition - 查看控制台: 639c1f8c-9ec9-42ef-b413-b76711ce57f8
2020-03-24 11:18:09 INFO  cn.com.alasky.controller.admin.UserDataController 49 getUserData - 查看用户信息: 639c1f8c-9ec9-42ef-b413-b76711ce57f8
2020-03-24 11:18:10 INFO  cn.com.alasky.controller.admin.AssDataController 42 getAssData - 获取社团信息: 639c1f8c-9ec9-42ef-b413-b76711ce57f8
2020-03-24 11:18:10 INFO  cn.com.alasky.controller.admin.AssAdminController 42 getAssAdminAssInfo - 查看控制台社团管理: 22233334444
2020-03-24 11:18:25 INFO  cn.com.alasky.controller.admin.AdminController 41 getUserPosition - 查看控制台: 639c1f8c-9ec9-42ef-b413-b76711ce57f8
2020-03-24 11:18:25 INFO  cn.com.alasky.controller.admin.UserDataController 49 getUserData - 查看用户信息: 639c1f8c-9ec9-42ef-b413-b76711ce57f8
2020-03-24 11:18:26 INFO  cn.com.alasky.controller.admin.AssAdminController 42 getAssAdminAssInfo - 查看控制台社团管理: 22233334444
2020-03-24 11:18:43 INFO  cn.com.alasky.controller.admin.AssAdminController 42 getAssAdminAssInfo - 查看控制台社团管理: 22233334444
2020-03-24 11:19:08 INFO  cn.com.alasky.controller.admin.AdminController 41 getUserPosition - 查看控制台: 639c1f8c-9ec9-42ef-b413-b76711ce57f8
2020-03-24 11:19:09 INFO  cn.com.alasky.controller.admin.UserDataController 49 getUserData - 查看用户信息: 639c1f8c-9ec9-42ef-b413-b76711ce57f8
2020-03-24 11:19:11 INFO  cn.com.alasky.controller.admin.AssAdminController 42 getAssAdminAssInfo - 查看控制台社团管理: 22233334444
2020-03-24 11:19:34 ERROR cn.com.alasky.controller.admin.AdminController 45 getUserPosition - 获取用户职位出错: java.lang.NullPointerException
2020-03-24 11:19:40 INFO  cn.com.alasky.controller.LoginController 56 getLoginInfo - 新的登录(127.0.0.1): 22233334444
2020-03-24 11:19:42 INFO  cn.com.alasky.controller.admin.AdminController 41 getUserPosition - 查看控制台: 639c1f8c-9ec9-42ef-b413-b76711ce57f8
2020-03-24 11:19:42 INFO  cn.com.alasky.controller.admin.UserDataController 49 getUserData - 查看用户信息: 639c1f8c-9ec9-42ef-b413-b76711ce57f8
2020-03-24 11:19:44 INFO  cn.com.alasky.controller.admin.AssAdminController 42 getAssAdminAssInfo - 查看控制台社团管理: 22233334444
2020-03-24 11:20:11 INFO  cn.com.alasky.controller.admin.AssAdminController 42 getAssAdminAssInfo - 查看控制台社团管理: 22233334444
2020-03-24 11:21:06 INFO  cn.com.alasky.controller.admin.AssAdminController 42 getAssAdminAssInfo - 查看控制台社团管理: 22233334444
2020-03-24 11:21:07 INFO  cn.com.alasky.controller.admin.AssAdminController 42 getAssAdminAssInfo - 查看控制台社团管理: 22233334444
2020-03-24 11:21:42 INFO  cn.com.alasky.controller.admin.AdminController 41 getUserPosition - 查看控制台: 639c1f8c-9ec9-42ef-b413-b76711ce57f8
2020-03-24 11:21:43 INFO  cn.com.alasky.controller.admin.UserDataController 49 getUserData - 查看用户信息: 639c1f8c-9ec9-42ef-b413-b76711ce57f8
2020-03-24 11:21:45 INFO  cn.com.alasky.controller.admin.AssAdminController 42 getAssAdminAssInfo - 查看控制台社团管理: 22233334444
2020-03-24 11:22:38 INFO  cn.com.alasky.controller.admin.AdminController 41 getUserPosition - 查看控制台: 639c1f8c-9ec9-42ef-b413-b76711ce57f8
2020-03-24 11:22:38 INFO  cn.com.alasky.controller.admin.UserDataController 49 getUserData - 查看用户信息: 639c1f8c-9ec9-42ef-b413-b76711ce57f8
2020-03-24 11:22:40 INFO  cn.com.alasky.controller.admin.AssAdminController 42 getAssAdminAssInfo - 查看控制台社团管理: 22233334444
2020-03-24 11:22:52 INFO  cn.com.alasky.controller.admin.AssAdminController 105 assAdminDepChange - 修改部门信息: 22233334444
2020-03-24 11:23:17 INFO  cn.com.alasky.controller.admin.AdminController 41 getUserPosition - 查看控制台: 639c1f8c-9ec9-42ef-b413-b76711ce57f8
2020-03-24 11:23:17 INFO  cn.com.alasky.controller.admin.UserDataController 49 getUserData - 查看用户信息: 639c1f8c-9ec9-42ef-b413-b76711ce57f8
2020-03-24 11:23:18 INFO  cn.com.alasky.controller.admin.AssAdminController 42 getAssAdminAssInfo - 查看控制台社团管理: 22233334444
2020-03-24 11:23:21 INFO  cn.com.alasky.controller.admin.AssAdminController 105 assAdminDepChange - 修改部门信息: 22233334444
2020-03-24 11:23:39 INFO  cn.com.alasky.controller.admin.AssAdminController 42 getAssAdminAssInfo - 查看控制台社团管理: 22233334444
2020-03-24 11:23:48 INFO  cn.com.alasky.controller.admin.AssAdminController 105 assAdminDepChange - 修改部门信息: 22233334444
2020-03-24 11:24:04 INFO  cn.com.alasky.controller.LoginController 100 logout - 22233334444 退出登录
2020-03-24 11:24:04 ERROR cn.com.alasky.controller.admin.AdminController 45 getUserPosition - 获取用户职位出错: java.lang.NullPointerException
2020-03-24 11:24:14 INFO  cn.com.alasky.controller.LoginController 56 getLoginInfo - 新的登录(127.0.0.1): 33344445555
2020-03-24 11:24:15 INFO  cn.com.alasky.controller.admin.AdminController 41 getUserPosition - 查看控制台: 09c97296-2e5e-4f7f-863d-8f87ef31dec1
2020-03-24 11:24:15 INFO  cn.com.alasky.controller.admin.UserDataController 49 getUserData - 查看用户信息: 09c97296-2e5e-4f7f-863d-8f87ef31dec1
2020-03-24 11:24:18 INFO  cn.com.alasky.controller.admin.AssDataController 42 getAssData - 获取社团信息: 09c97296-2e5e-4f7f-863d-8f87ef31dec1
2020-03-24 11:25:07 INFO  cn.com.alasky.controller.admin.AssDataController 68 createNewAss - 创建新的社团: 09c97296-2e5e-4f7f-863d-8f87ef31dec1
2020-03-24 11:25:09 INFO  cn.com.alasky.controller.admin.AdminController 41 getUserPosition - 查看控制台: 09c97296-2e5e-4f7f-863d-8f87ef31dec1
2020-03-24 11:25:09 INFO  cn.com.alasky.controller.admin.UserDataController 49 getUserData - 查看用户信息: 09c97296-2e5e-4f7f-863d-8f87ef31dec1
2020-03-24 11:25:11 INFO  cn.com.alasky.controller.admin.AssAdminController 42 getAssAdminAssInfo - 查看控制台社团管理: 33344445555
2020-03-24 11:25:26 INFO  cn.com.alasky.controller.admin.AssAdminController 105 assAdminDepChange - 修改部门信息: 33344445555
2020-03-24 11:25:47 INFO  cn.com.alasky.controller.admin.AssAdminController 153 assAdminDepAdd - 添加社团(e47154dd-bcd6-448e-a5fd-16f9d9f620ff)部门: 33344445555
2020-03-24 11:25:49 INFO  cn.com.alasky.controller.admin.AssAdminController 42 getAssAdminAssInfo - 查看控制台社团管理: 33344445555
2020-03-24 11:25:59 INFO  cn.com.alasky.controller.admin.AssAdminController 105 assAdminDepChange - 修改部门信息: 33344445555
2020-03-24 11:27:19 INFO  cn.com.alasky.controller.admin.AssAdminController 42 getAssAdminAssInfo - 查看控制台社团管理: 33344445555
2020-03-24 11:27:23 INFO  cn.com.alasky.controller.LoginController 100 logout - 33344445555 退出登录
2020-03-24 11:27:23 ERROR cn.com.alasky.controller.admin.AdminController 45 getUserPosition - 获取用户职位出错: java.lang.NullPointerException
2020-03-24 11:27:31 INFO  cn.com.alasky.controller.LoginController 56 getLoginInfo - 新的登录(127.0.0.1): 44455556666
2020-03-24 11:27:32 INFO  cn.com.alasky.controller.admin.AdminController 41 getUserPosition - 查看控制台: 0b62a3de-03cc-4be3-a377-3e52c588f2e9
2020-03-24 11:27:32 INFO  cn.com.alasky.controller.admin.UserDataController 49 getUserData - 查看用户信息: 0b62a3de-03cc-4be3-a377-3e52c588f2e9
2020-03-24 11:27:35 INFO  cn.com.alasky.controller.admin.AssDataController 42 getAssData - 获取社团信息: 0b62a3de-03cc-4be3-a377-3e52c588f2e9
2020-03-24 11:28:35 INFO  cn.com.alasky.controller.admin.AssDataController 68 createNewAss - 创建新的社团: 0b62a3de-03cc-4be3-a377-3e52c588f2e9
2020-03-24 11:28:38 INFO  cn.com.alasky.controller.admin.AdminController 41 getUserPosition - 查看控制台: 0b62a3de-03cc-4be3-a377-3e52c588f2e9
2020-03-24 11:28:38 INFO  cn.com.alasky.controller.admin.UserDataController 49 getUserData - 查看用户信息: 0b62a3de-03cc-4be3-a377-3e52c588f2e9
2020-03-24 11:28:39 INFO  cn.com.alasky.controller.admin.AssAdminController 42 getAssAdminAssInfo - 查看控制台社团管理: 44455556666
2020-03-24 11:28:50 INFO  cn.com.alasky.controller.admin.AssAdminController 105 assAdminDepChange - 修改部门信息: 44455556666
2020-03-24 11:28:53 INFO  cn.com.alasky.controller.admin.DepAdminController 47 getDepAdminAssInfo - 查看部门管理: 0b62a3de-03cc-4be3-a377-3e52c588f2e9
2020-03-24 11:28:59 INFO  cn.com.alasky.controller.admin.AssAdminController 42 getAssAdminAssInfo - 查看控制台社团管理: 44455556666
2020-03-24 11:29:00 INFO  cn.com.alasky.controller.admin.AssDataController 42 getAssData - 获取社团信息: 0b62a3de-03cc-4be3-a377-3e52c588f2e9
2020-03-24 11:43:42 INFO  cn.com.alasky.controller.admin.AdminController 41 getUserPosition - 查看控制台: 0b62a3de-03cc-4be3-a377-3e52c588f2e9
2020-03-24 11:43:42 INFO  cn.com.alasky.controller.admin.UserDataController 49 getUserData - 查看用户信息: 0b62a3de-03cc-4be3-a377-3e52c588f2e9
2020-03-24 11:52:12 INFO  cn.com.alasky.controller.LoginController 56 getLoginInfo - 新的登录(127.0.0.1): 44455556666
2020-03-24 12:06:55 INFO  cn.com.alasky.controller.admin.AdminController 41 getUserPosition - 查看控制台: 0b62a3de-03cc-4be3-a377-3e52c588f2e9
2020-03-24 12:06:55 INFO  cn.com.alasky.controller.admin.UserDataController 49 getUserData - 查看用户信息: 0b62a3de-03cc-4be3-a377-3e52c588f2e9
2020-03-24 15:56:34 INFO  cn.com.alasky.controller.LoginController 56 getLoginInfo - 新的登录(127.0.0.1): 44455556666
2020-03-24 16:37:48 INFO  cn.com.alasky.controller.LoginController 56 getLoginInfo - 新的登录(127.0.0.1): 44455556666
2020-03-24 16:38:08 INFO  cn.com.alasky.controller.admin.AdminController 41 getUserPosition - 查看控制台: 0b62a3de-03cc-4be3-a377-3e52c588f2e9
2020-03-24 16:38:08 INFO  cn.com.alasky.controller.admin.UserDataController 49 getUserData - 查看用户信息: 0b62a3de-03cc-4be3-a377-3e52c588f2e9
2020-03-24 16:38:10 INFO  cn.com.alasky.controller.admin.PersonalDataController 53 getPersonalData - 查看个人信息: 0b62a3de-03cc-4be3-a377-3e52c588f2e9
2020-03-24 16:38:54 INFO  cn.com.alasky.controller.admin.AdminController 41 getUserPosition - 查看控制台: 0b62a3de-03cc-4be3-a377-3e52c588f2e9
2020-03-24 16:38:54 INFO  cn.com.alasky.controller.admin.UserDataController 49 getUserData - 查看用户信息: 0b62a3de-03cc-4be3-a377-3e52c588f2e9
2020-03-24 16:38:55 INFO  cn.com.alasky.controller.admin.PersonalDataController 53 getPersonalData - 查看个人信息: 0b62a3de-03cc-4be3-a377-3e52c588f2e9
2020-03-24 16:38:57 INFO  cn.com.alasky.controller.admin.AssDataController 42 getAssData - 获取社团信息: 0b62a3de-03cc-4be3-a377-3e52c588f2e9
2020-03-24 16:38:58 INFO  cn.com.alasky.controller.admin.AssAdminController 42 getAssAdminAssInfo - 查看控制台社团管理: 44455556666
2020-03-24 16:39:00 INFO  cn.com.alasky.controller.admin.DepAdminController 47 getDepAdminAssInfo - 查看部门管理: 0b62a3de-03cc-4be3-a377-3e52c588f2e9
2020-03-24 16:39:20 INFO  cn.com.alasky.controller.admin.UserDataController 49 getUserData - 查看用户信息: 0b62a3de-03cc-4be3-a377-3e52c588f2e9
2020-03-24 16:45:18 INFO  cn.com.alasky.controller.admin.AdminController 41 getUserPosition - 查看控制台: 0b62a3de-03cc-4be3-a377-3e52c588f2e9
2020-03-24 16:45:18 INFO  cn.com.alasky.controller.admin.UserDataController 49 getUserData - 查看用户信息: 0b62a3de-03cc-4be3-a377-3e52c588f2e9
2020-03-24 16:45:42 INFO  cn.com.alasky.controller.admin.AdminController 41 getUserPosition - 查看控制台: 0b62a3de-03cc-4be3-a377-3e52c588f2e9
2020-03-24 16:45:42 INFO  cn.com.alasky.controller.admin.UserDataController 49 getUserData - 查看用户信息: 0b62a3de-03cc-4be3-a377-3e52c588f2e9
2020-03-24 16:45:48 INFO  cn.com.alasky.controller.admin.AdminController 41 getUserPosition - 查看控制台: 0b62a3de-03cc-4be3-a377-3e52c588f2e9
2020-03-24 16:45:49 INFO  cn.com.alasky.controller.admin.UserDataController 49 getUserData - 查看用户信息: 0b62a3de-03cc-4be3-a377-3e52c588f2e9
2020-03-24 16:45:49 INFO  cn.com.alasky.controller.admin.AdminController 41 getUserPosition - 查看控制台: 0b62a3de-03cc-4be3-a377-3e52c588f2e9
2020-03-24 16:45:50 INFO  cn.com.alasky.controller.admin.UserDataController 49 getUserData - 查看用户信息: 0b62a3de-03cc-4be3-a377-3e52c588f2e9
2020-03-24 16:45:50 INFO  cn.com.alasky.controller.admin.AdminController 41 getUserPosition - 查看控制台: 0b62a3de-03cc-4be3-a377-3e52c588f2e9
2020-03-24 16:45:50 INFO  cn.com.alasky.controller.admin.UserDataController 49 getUserData - 查看用户信息: 0b62a3de-03cc-4be3-a377-3e52c588f2e9
2020-03-24 16:47:18 INFO  cn.com.alasky.controller.admin.AdminController 41 getUserPosition - 查看控制台: 0b62a3de-03cc-4be3-a377-3e52c588f2e9
2020-03-24 16:47:18 INFO  cn.com.alasky.controller.admin.UserDataController 49 getUserData - 查看用户信息: 0b62a3de-03cc-4be3-a377-3e52c588f2e9
2020-03-24 16:47:41 INFO  cn.com.alasky.controller.admin.AdminController 41 getUserPosition - 查看控制台: 0b62a3de-03cc-4be3-a377-3e52c588f2e9
2020-03-24 16:47:42 INFO  cn.com.alasky.controller.admin.UserDataController 49 getUserData - 查看用户信息: 0b62a3de-03cc-4be3-a377-3e52c588f2e9
2020-03-24 16:48:18 INFO  cn.com.alasky.controller.admin.AdminController 41 getUserPosition - 查看控制台: 0b62a3de-03cc-4be3-a377-3e52c588f2e9
2020-03-24 16:48:18 INFO  cn.com.alasky.controller.admin.UserDataController 49 getUserData - 查看用户信息: 0b62a3de-03cc-4be3-a377-3e52c588f2e9
2020-03-24 16:48:34 INFO  cn.com.alasky.controller.admin.PersonalDataController 53 getPersonalData - 查看个人信息: 0b62a3de-03cc-4be3-a377-3e52c588f2e9
2020-03-24 16:48:35 INFO  cn.com.alasky.controller.admin.AssDataController 42 getAssData - 获取社团信息: 0b62a3de-03cc-4be3-a377-3e52c588f2e9
2020-03-24 16:48:36 INFO  cn.com.alasky.controller.admin.AssAdminController 42 getAssAdminAssInfo - 查看控制台社团管理: 44455556666
2020-03-24 16:48:38 INFO  cn.com.alasky.controller.admin.AssDataController 42 getAssData - 获取社团信息: 0b62a3de-03cc-4be3-a377-3e52c588f2e9
2020-03-24 16:48:39 INFO  cn.com.alasky.controller.admin.DepAdminController 47 getDepAdminAssInfo - 查看部门管理: 0b62a3de-03cc-4be3-a377-3e52c588f2e9
2020-03-24 16:48:39 INFO  cn.com.alasky.controller.admin.AssAdminController 42 getAssAdminAssInfo - 查看控制台社团管理: 44455556666
2020-03-24 16:48:40 INFO  cn.com.alasky.controller.admin.DepAdminController 47 getDepAdminAssInfo - 查看部门管理: 0b62a3de-03cc-4be3-a377-3e52c588f2e9
2020-03-24 16:48:58 INFO  cn.com.alasky.controller.admin.UserDataController 49 getUserData - 查看用户信息: 0b62a3de-03cc-4be3-a377-3e52c588f2e9
2020-03-24 16:53:29 INFO  cn.com.alasky.controller.admin.PersonalDataController 53 getPersonalData - 查看个人信息: 0b62a3de-03cc-4be3-a377-3e52c588f2e9
2020-03-24 16:59:10 INFO  cn.com.alasky.controller.admin.AdminController 41 getUserPosition - 查看控制台: 0b62a3de-03cc-4be3-a377-3e52c588f2e9
2020-03-24 16:59:13 INFO  cn.com.alasky.controller.admin.PersonalDataController 53 getPersonalData - 查看个人信息: 0b62a3de-03cc-4be3-a377-3e52c588f2e9
2020-03-24 16:59:13 INFO  cn.com.alasky.controller.admin.UserDataController 49 getUserData - 查看用户信息: 0b62a3de-03cc-4be3-a377-3e52c588f2e9
2020-03-24 16:59:39 INFO  cn.com.alasky.controller.admin.AdminController 41 getUserPosition - 查看控制台: 0b62a3de-03cc-4be3-a377-3e52c588f2e9
2020-03-24 17:01:46 INFO  cn.com.alasky.controller.admin.AdminController 41 getUserPosition - 查看控制台: 0b62a3de-03cc-4be3-a377-3e52c588f2e9
2020-03-24 17:01:47 INFO  cn.com.alasky.controller.admin.UserDataController 49 getUserData - 查看用户信息: 0b62a3de-03cc-4be3-a377-3e52c588f2e9
2020-03-24 17:01:52 INFO  cn.com.alasky.controller.admin.AssDataController 42 getAssData - 获取社团信息: 0b62a3de-03cc-4be3-a377-3e52c588f2e9
2020-03-24 17:02:04 INFO  cn.com.alasky.controller.admin.AdminController 41 getUserPosition - 查看控制台: 0b62a3de-03cc-4be3-a377-3e52c588f2e9
2020-03-24 17:02:04 INFO  cn.com.alasky.controller.admin.AssDataController 42 getAssData - 获取社团信息: 0b62a3de-03cc-4be3-a377-3e52c588f2e9
2020-03-24 17:02:42 INFO  cn.com.alasky.controller.admin.AssAdminController 42 getAssAdminAssInfo - 查看控制台社团管理: 44455556666
2020-03-24 17:02:43 INFO  cn.com.alasky.controller.admin.AssDataController 42 getAssData - 获取社团信息: 0b62a3de-03cc-4be3-a377-3e52c588f2e9
2020-03-24 17:03:00 INFO  cn.com.alasky.controller.admin.AdminController 41 getUserPosition - 查看控制台: 0b62a3de-03cc-4be3-a377-3e52c588f2e9
2020-03-24 17:03:00 INFO  cn.com.alasky.controller.admin.AssDataController 42 getAssData - 获取社团信息: 0b62a3de-03cc-4be3-a377-3e52c588f2e9
2020-03-24 17:08:28 INFO  cn.com.alasky.controller.admin.AdminController 41 getUserPosition - 查看控制台: 0b62a3de-03cc-4be3-a377-3e52c588f2e9
2020-03-24 17:08:29 INFO  cn.com.alasky.controller.admin.UserDataController 49 getUserData - 查看用户信息: 0b62a3de-03cc-4be3-a377-3e52c588f2e9
2020-03-24 17:08:34 INFO  cn.com.alasky.controller.admin.UserDataController 49 getUserData - 查看用户信息: 0b62a3de-03cc-4be3-a377-3e52c588f2e9
2020-03-24 17:08:35 INFO  cn.com.alasky.controller.admin.PersonalDataController 53 getPersonalData - 查看个人信息: 0b62a3de-03cc-4be3-a377-3e52c588f2e9
2020-03-24 17:08:39 INFO  cn.com.alasky.controller.admin.AdminController 41 getUserPosition - 查看控制台: 0b62a3de-03cc-4be3-a377-3e52c588f2e9
2020-03-24 17:08:39 INFO  cn.com.alasky.controller.admin.UserDataController 49 getUserData - 查看用户信息: 0b62a3de-03cc-4be3-a377-3e52c588f2e9
2020-03-24 17:08:42 INFO  cn.com.alasky.controller.admin.PersonalDataController 53 getPersonalData - 查看个人信息: 0b62a3de-03cc-4be3-a377-3e52c588f2e9
2020-03-24 17:08:43 INFO  cn.com.alasky.controller.admin.AssDataController 42 getAssData - 获取社团信息: 0b62a3de-03cc-4be3-a377-3e52c588f2e9
2020-03-24 17:08:46 INFO  cn.com.alasky.controller.admin.AdminController 41 getUserPosition - 查看控制台: 0b62a3de-03cc-4be3-a377-3e52c588f2e9
2020-03-24 17:08:47 INFO  cn.com.alasky.controller.admin.AssDataController 42 getAssData - 获取社团信息: 0b62a3de-03cc-4be3-a377-3e52c588f2e9
2020-03-24 17:09:21 INFO  cn.com.alasky.controller.admin.AdminController 41 getUserPosition - 查看控制台: 0b62a3de-03cc-4be3-a377-3e52c588f2e9
2020-03-24 17:09:21 INFO  cn.com.alasky.controller.admin.UserDataController 49 getUserData - 查看用户信息: 0b62a3de-03cc-4be3-a377-3e52c588f2e9
2020-03-24 17:09:29 INFO  cn.com.alasky.controller.admin.PersonalDataController 53 getPersonalData - 查看个人信息: 0b62a3de-03cc-4be3-a377-3e52c588f2e9
2020-03-24 17:09:31 INFO  cn.com.alasky.controller.admin.AdminController 41 getUserPosition - 查看控制台: 0b62a3de-03cc-4be3-a377-3e52c588f2e9
2020-03-24 17:09:31 INFO  cn.com.alasky.controller.admin.PersonalDataController 53 getPersonalData - 查看个人信息: 0b62a3de-03cc-4be3-a377-3e52c588f2e9
2020-03-24 17:09:37 INFO  cn.com.alasky.controller.admin.AssAdminController 42 getAssAdminAssInfo - 查看控制台社团管理: 44455556666
2020-03-24 17:09:47 INFO  cn.com.alasky.controller.admin.AdminController 41 getUserPosition - 查看控制台: 0b62a3de-03cc-4be3-a377-3e52c588f2e9
2020-03-24 17:09:48 INFO  cn.com.alasky.controller.admin.UserDataController 49 getUserData - 查看用户信息: 0b62a3de-03cc-4be3-a377-3e52c588f2e9
2020-03-24 17:09:49 INFO  cn.com.alasky.controller.admin.AdminController 41 getUserPosition - 查看控制台: 0b62a3de-03cc-4be3-a377-3e52c588f2e9
2020-03-24 17:09:49 INFO  cn.com.alasky.controller.admin.UserDataController 49 getUserData - 查看用户信息: 0b62a3de-03cc-4be3-a377-3e52c588f2e9
2020-03-24 17:10:09 INFO  cn.com.alasky.controller.admin.AdminController 41 getUserPosition - 查看控制台: 0b62a3de-03cc-4be3-a377-3e52c588f2e9
2020-03-24 17:10:09 INFO  cn.com.alasky.controller.admin.UserDataController 49 getUserData - 查看用户信息: 0b62a3de-03cc-4be3-a377-3e52c588f2e9
2020-03-24 17:17:48 INFO  cn.com.alasky.controller.admin.AdminController 41 getUserPosition - 查看控制台: 0b62a3de-03cc-4be3-a377-3e52c588f2e9
2020-03-24 17:17:48 INFO  cn.com.alasky.controller.admin.UserDataController 49 getUserData - 查看用户信息: 0b62a3de-03cc-4be3-a377-3e52c588f2e9
2020-03-24 17:19:46 INFO  cn.com.alasky.controller.admin.AdminController 41 getUserPosition - 查看控制台: 0b62a3de-03cc-4be3-a377-3e52c588f2e9
2020-03-24 17:19:46 INFO  cn.com.alasky.controller.admin.UserDataController 49 getUserData - 查看用户信息: 0b62a3de-03cc-4be3-a377-3e52c588f2e9
2020-03-24 17:24:49 INFO  cn.com.alasky.controller.admin.AdminController 41 getUserPosition - 查看控制台: 0b62a3de-03cc-4be3-a377-3e52c588f2e9
2020-03-24 17:24:49 INFO  cn.com.alasky.controller.admin.UserDataController 49 getUserData - 查看用户信息: 0b62a3de-03cc-4be3-a377-3e52c588f2e9
