2020-03-15 09:57:11 INFO  cn.com.alasky.StartStaticApp 22 main - 静态写入APP启动应用
2020-03-15 09:57:12 INFO  org.springframework.boot.StartupInfoLogger 50 logStarting - Starting StartStaticApp on Alasky with PID 12844 (F:\develop\associationstatic\target\classes started by Alasky in F:\develop\association)
2020-03-15 09:57:12 INFO  org.springframework.boot.SpringApplication 675 logStartupProfileInfo - No active profile set, falling back to default profiles: default
2020-03-15 09:57:13 INFO  org.springframework.data.repository.config.RepositoryConfigurationDelegate 244 multipleStoresDetected - Multiple Spring Data modules found, entering strict repository configuration mode!
2020-03-15 09:57:13 INFO  org.springframework.data.repository.config.RepositoryConfigurationDelegate 126 registerRepositoriesIn - Bootstrapping Spring Data repositories in DEFAULT mode.
2020-03-15 09:57:13 INFO  org.springframework.data.repository.config.RepositoryConfigurationDelegate 182 registerRepositoriesIn - Finished Spring Data repository scanning in 17ms. Found 0 repository interfaces.
2020-03-15 09:57:13 INFO  org.springframework.context.support.PostProcessorRegistrationDelegate$BeanPostProcessorChecker 330 postProcessAfterInitialization - Bean 'org.springframework.transaction.annotation.ProxyTransactionManagementConfiguration' of type [org.springframework.transaction.annotation.ProxyTransactionManagementConfiguration$$EnhancerBySpringCGLIB$$aee22148] is not eligible for getting processed by all BeanPostProcessors (for example: not eligible for auto-proxying)
2020-03-15 09:57:13 INFO  org.springframework.boot.web.embedded.tomcat.TomcatWebServer 90 initialize - Tomcat initialized with port(s): 8081 (http)
2020-03-15 09:57:13 INFO  org.apache.juli.logging.DirectJDKLog 173 log - Initializing ProtocolHandler ["http-nio-8081"]
2020-03-15 09:57:13 INFO  org.apache.juli.logging.DirectJDKLog 173 log - Starting service [Tomcat]
2020-03-15 09:57:13 INFO  org.apache.juli.logging.DirectJDKLog 173 log - Starting Servlet engine: [Apache Tomcat/9.0.16]
2020-03-15 09:57:13 INFO  org.apache.juli.logging.DirectJDKLog 173 log - The APR based Apache Tomcat Native library which allows optimal performance in production environments was not found on the java.library.path: [C:\Software\java\jdk1.8.0_211\bin;C:\Windows\Sun\Java\bin;C:\Windows\system32;C:\Windows;C:\Software\python\Scripts\;C:\Software\python\;C:\Windows\system32;C:\Windows;C:\Windows\System32\Wbem;C:\Windows\System32\WindowsPowerShell\v1.0\;C:\Windows\System32\OpenSSH\;C:\Software\java\jdk1.8.0_211\bin;C:\Software\java\jdk1.8.0_211\jre\bin;C:\Program Files\Intel\WiFi\bin\;C:\Program Files\Common Files\Intel\WirelessCommon\;D:\hadoop-2.7.7\bin;%CATALINA_HOME%\lib;%CATALINA_HOME%\bin;C:\Program Files (x86)\NVIDIA Corporation\PhysX\Common;C:\Program Files\NVIDIA Corporation\NVIDIA NvDLISR;C:\Software\Git\cmd;D:\mysql-8.0.18-winx64\bin;D:\pandoc\;C:\Program Files\nodejs\;C:\ProgramData\chocolatey\bin;C:\Software\python\python3.6\Scripts\;C:\Software\python\python3.6\;C:\Software\Scripts\;C:\Software\;C:\Users\Administrator\AppData\Local\Microsoft\WindowsApps;C:\Program Files\Intel\WiFi\bin\;C:\Program Files\Common Files\Intel\WirelessCommon\;D:\IntelliJ IDEA 2019.1.2\bin;D:\Microsoft VS Code\bin;D:\apache-maven-3.6.1\bin;C:\Software\python\Scripts;C:\Users\Administrator\AppData\Local\GitHubDesktop\bin;C:\Program Files\Bandizip\;C:\Users\Administrator\AppData\Roaming\npm;.]
2020-03-15 09:57:13 INFO  org.apache.juli.logging.DirectJDKLog 173 log - Initializing Spring embedded WebApplicationContext
2020-03-15 09:57:13 INFO  org.springframework.boot.web.servlet.context.ServletWebServerApplicationContext 296 prepareWebApplicationContext - Root WebApplicationContext: initialization completed in 1710 ms
2020-03-15 09:57:14 INFO  io.lettuce.core.EpollProvider 68 <clinit> - Starting without optional epoll library
2020-03-15 09:57:14 INFO  io.lettuce.core.KqueueProvider 70 <clinit> - Starting without optional kqueue library
2020-03-15 09:57:15 INFO  org.springframework.scheduling.concurrent.ExecutorConfigurationSupport 171 initialize - Initializing ExecutorService 'applicationTaskExecutor'
2020-03-15 09:57:16 INFO  org.springframework.scheduling.annotation.ScheduledAnnotationBeanPostProcessor 295 finishRegistration - No TaskScheduler/ScheduledExecutorService bean found for scheduled processing
2020-03-15 09:57:16 INFO  org.apache.juli.logging.DirectJDKLog 173 log - Starting ProtocolHandler ["http-nio-8081"]
2020-03-15 09:57:16 INFO  org.springframework.boot.web.embedded.tomcat.TomcatWebServer 204 start - Tomcat started on port(s): 8081 (http) with context path ''
2020-03-15 09:57:16 INFO  org.springframework.boot.StartupInfoLogger 59 logStarted - Started StartStaticApp in 4.678 seconds (JVM running for 6.361)
2020-03-15 10:00:33 INFO  org.apache.juli.logging.DirectJDKLog 173 log - Initializing Spring DispatcherServlet 'dispatcherServlet'
2020-03-15 10:00:33 INFO  org.springframework.web.servlet.FrameworkServlet 524 initServletBean - Initializing Servlet 'dispatcherServlet'
2020-03-15 10:00:33 INFO  org.springframework.web.servlet.FrameworkServlet 546 initServletBean - Completed initialization in 8 ms
2020-03-15 10:00:33 ERROR org.apache.juli.logging.DirectJDKLog 175 log - Servlet.service() for servlet [dispatcherServlet] in context with path [] threw exception org.springframework.data.redis.serializer.SerializationException: Could not read JSON: Could not resolve type id 'cn.com.alasky.pojo.LoginSessionVo' as a subtype of [simple type, class java.lang.Object]: no such class found
 at [Source: (byte[])"{"@class":"cn.com.alasky.pojo.LoginSessionVo","userName":"aaa","userPhoneNumber":"11122223333","userStuUuid":"67023fcb-c31d-4c05-b41f-14ce055e01aa"}"; line: 1, column: 11]; nested exception is com.fasterxml.jackson.databind.exc.InvalidTypeIdException: Could not resolve type id 'cn.com.alasky.pojo.LoginSessionVo' as a subtype of [simple type, class java.lang.Object]: no such class found
 at [Source: (byte[])"{"@class":"cn.com.alasky.pojo.LoginSessionVo","userName":"aaa","userPhoneNumber":"11122223333","userStuUuid":"67023fcb-c31d-4c05-b41f-14ce055e01aa"}"; line: 1, column: 11]
	at org.springframework.data.redis.serializer.GenericJackson2JsonRedisSerializer.deserialize(GenericJackson2JsonRedisSerializer.java:132) ~[spring-data-redis-2.1.5.RELEASE.jar:2.1.5.RELEASE]
	at org.springframework.data.redis.serializer.GenericJackson2JsonRedisSerializer.deserialize(GenericJackson2JsonRedisSerializer.java:110) ~[spring-data-redis-2.1.5.RELEASE.jar:2.1.5.RELEASE]
	at org.springframework.data.redis.core.AbstractOperations.deserializeHashValue(AbstractOperations.java:354) ~[spring-data-redis-2.1.5.RELEASE.jar:2.1.5.RELEASE]
	at org.springframework.data.redis.core.AbstractOperations.deserializeHashMap(AbstractOperations.java:298) ~[spring-data-redis-2.1.5.RELEASE.jar:2.1.5.RELEASE]
	at org.springframework.data.redis.core.DefaultHashOperations.entries(DefaultHashOperations.java:247) ~[spring-data-redis-2.1.5.RELEASE.jar:2.1.5.RELEASE]
	at org.springframework.data.redis.core.DefaultBoundHashOperations.entries(DefaultBoundHashOperations.java:183) ~[spring-data-redis-2.1.5.RELEASE.jar:2.1.5.RELEASE]
	at org.springframework.session.data.redis.RedisOperationsSessionRepository.getSession(RedisOperationsSessionRepository.java:466) ~[spring-session-data-redis-2.1.4.RELEASE.jar:2.1.4.RELEASE]
	at org.springframework.session.data.redis.RedisOperationsSessionRepository.findById(RedisOperationsSessionRepository.java:435) ~[spring-session-data-redis-2.1.4.RELEASE.jar:2.1.4.RELEASE]
	at org.springframework.session.data.redis.RedisOperationsSessionRepository.findById(RedisOperationsSessionRepository.java:247) ~[spring-session-data-redis-2.1.4.RELEASE.jar:2.1.4.RELEASE]
	at org.springframework.session.web.http.SessionRepositoryFilter$SessionRepositoryRequestWrapper.getRequestedSession(SessionRepositoryFilter.java:380) ~[spring-session-core-2.1.4.RELEASE.jar:2.1.4.RELEASE]
	at org.springframework.session.web.http.SessionRepositoryFilter$SessionRepositoryRequestWrapper.getSession(SessionRepositoryFilter.java:306) ~[spring-session-core-2.1.4.RELEASE.jar:2.1.4.RELEASE]
	at org.springframework.session.web.http.SessionRepositoryFilter$SessionRepositoryRequestWrapper.getSession(SessionRepositoryFilter.java:201) ~[spring-session-core-2.1.4.RELEASE.jar:2.1.4.RELEASE]
	at org.springframework.web.util.WebUtils.getSessionId(WebUtils.java:358) ~[spring-web-5.1.5.RELEASE.jar:5.1.5.RELEASE]
	at org.springframework.web.servlet.FrameworkServlet.publishRequestHandledEvent(FrameworkServlet.java:1144) ~[spring-webmvc-5.1.5.RELEASE.jar:5.1.5.RELEASE]
	at org.springframework.web.servlet.FrameworkServlet.processRequest(FrameworkServlet.java:1022) ~[spring-webmvc-5.1.5.RELEASE.jar:5.1.5.RELEASE]
	at org.springframework.web.servlet.FrameworkServlet.doPost(FrameworkServlet.java:908) ~[spring-webmvc-5.1.5.RELEASE.jar:5.1.5.RELEASE]
	at javax.servlet.http.HttpServlet.service(HttpServlet.java:665) ~[javax.servlet-api-4.0.1.jar:4.0.1]
	at org.springframework.web.servlet.FrameworkServlet.service(FrameworkServlet.java:882) ~[spring-webmvc-5.1.5.RELEASE.jar:5.1.5.RELEASE]
	at javax.servlet.http.HttpServlet.service(HttpServlet.java:750) ~[javax.servlet-api-4.0.1.jar:4.0.1]
	at org.apache.catalina.core.ApplicationFilterChain.internalDoFilter(ApplicationFilterChain.java:231) ~[tomcat-embed-core-9.0.16.jar:9.0.16]
	at org.apache.catalina.core.ApplicationFilterChain.doFilter(ApplicationFilterChain.java:166) ~[tomcat-embed-core-9.0.16.jar:9.0.16]
	at org.apache.tomcat.websocket.server.WsFilter.doFilter(WsFilter.java:53) ~[tomcat-embed-websocket-9.0.16.jar:9.0.16]
	at org.apache.catalina.core.ApplicationFilterChain.internalDoFilter(ApplicationFilterChain.java:193) ~[tomcat-embed-core-9.0.16.jar:9.0.16]
	at org.apache.catalina.core.ApplicationFilterChain.doFilter(ApplicationFilterChain.java:166) ~[tomcat-embed-core-9.0.16.jar:9.0.16]
	at org.springframework.web.filter.RequestContextFilter.doFilterInternal(RequestContextFilter.java:99) ~[spring-web-5.1.5.RELEASE.jar:5.1.5.RELEASE]
	at org.springframework.web.filter.OncePerRequestFilter.doFilter(OncePerRequestFilter.java:107) ~[spring-web-5.1.5.RELEASE.jar:5.1.5.RELEASE]
	at org.apache.catalina.core.ApplicationFilterChain.internalDoFilter(ApplicationFilterChain.java:193) ~[tomcat-embed-core-9.0.16.jar:9.0.16]
	at org.apache.catalina.core.ApplicationFilterChain.doFilter(ApplicationFilterChain.java:166) ~[tomcat-embed-core-9.0.16.jar:9.0.16]
	at org.springframework.web.filter.FormContentFilter.doFilterInternal(FormContentFilter.java:92) ~[spring-web-5.1.5.RELEASE.jar:5.1.5.RELEASE]
	at org.springframework.web.filter.OncePerRequestFilter.doFilter(OncePerRequestFilter.java:107) ~[spring-web-5.1.5.RELEASE.jar:5.1.5.RELEASE]
	at org.apache.catalina.core.ApplicationFilterChain.internalDoFilter(ApplicationFilterChain.java:193) ~[tomcat-embed-core-9.0.16.jar:9.0.16]
	at org.apache.catalina.core.ApplicationFilterChain.doFilter(ApplicationFilterChain.java:166) ~[tomcat-embed-core-9.0.16.jar:9.0.16]
	at org.springframework.web.filter.HiddenHttpMethodFilter.doFilterInternal(HiddenHttpMethodFilter.java:93) ~[spring-web-5.1.5.RELEASE.jar:5.1.5.RELEASE]
	at org.springframework.web.filter.OncePerRequestFilter.doFilter(OncePerRequestFilter.java:107) ~[spring-web-5.1.5.RELEASE.jar:5.1.5.RELEASE]
	at org.apache.catalina.core.ApplicationFilterChain.internalDoFilter(ApplicationFilterChain.java:193) ~[tomcat-embed-core-9.0.16.jar:9.0.16]
	at org.apache.catalina.core.ApplicationFilterChain.doFilter(ApplicationFilterChain.java:166) ~[tomcat-embed-core-9.0.16.jar:9.0.16]
	at org.springframework.session.web.http.SessionRepositoryFilter.doFilterInternal(SessionRepositoryFilter.java:151) ~[spring-session-core-2.1.4.RELEASE.jar:2.1.4.RELEASE]
	at org.springframework.session.web.http.OncePerRequestFilter.doFilter(OncePerRequestFilter.java:81) ~[spring-session-core-2.1.4.RELEASE.jar:2.1.4.RELEASE]
	at org.apache.catalina.core.ApplicationFilterChain.internalDoFilter(ApplicationFilterChain.java:193) ~[tomcat-embed-core-9.0.16.jar:9.0.16]
	at org.apache.catalina.core.ApplicationFilterChain.doFilter(ApplicationFilterChain.java:166) ~[tomcat-embed-core-9.0.16.jar:9.0.16]
	at org.springframework.web.filter.CharacterEncodingFilter.doFilterInternal(CharacterEncodingFilter.java:200) ~[spring-web-5.1.5.RELEASE.jar:5.1.5.RELEASE]
	at org.springframework.web.filter.OncePerRequestFilter.doFilter(OncePerRequestFilter.java:107) ~[spring-web-5.1.5.RELEASE.jar:5.1.5.RELEASE]
	at org.apache.catalina.core.ApplicationFilterChain.internalDoFilter(ApplicationFilterChain.java:193) ~[tomcat-embed-core-9.0.16.jar:9.0.16]
	at org.apache.catalina.core.ApplicationFilterChain.doFilter(ApplicationFilterChain.java:166) ~[tomcat-embed-core-9.0.16.jar:9.0.16]
	at org.apache.catalina.core.StandardWrapperValve.invoke(StandardWrapperValve.java:200) [tomcat-embed-core-9.0.16.jar:9.0.16]
	at org.apache.catalina.core.StandardContextValve.invoke(StandardContextValve.java:96) [tomcat-embed-core-9.0.16.jar:9.0.16]
	at org.apache.catalina.authenticator.AuthenticatorBase.invoke(AuthenticatorBase.java:490) [tomcat-embed-core-9.0.16.jar:9.0.16]
	at org.apache.catalina.core.StandardHostValve.invoke(StandardHostValve.java:139) [tomcat-embed-core-9.0.16.jar:9.0.16]
	at org.apache.catalina.valves.ErrorReportValve.invoke(ErrorReportValve.java:92) [tomcat-embed-core-9.0.16.jar:9.0.16]
	at org.apache.catalina.core.StandardEngineValve.invoke(StandardEngineValve.java:74) [tomcat-embed-core-9.0.16.jar:9.0.16]
	at org.apache.catalina.connector.CoyoteAdapter.service(CoyoteAdapter.java:343) [tomcat-embed-core-9.0.16.jar:9.0.16]
	at org.apache.coyote.http11.Http11Processor.service(Http11Processor.java:408) [tomcat-embed-core-9.0.16.jar:9.0.16]
	at org.apache.coyote.AbstractProcessorLight.process(AbstractProcessorLight.java:66) [tomcat-embed-core-9.0.16.jar:9.0.16]
	at org.apache.coyote.AbstractProtocol$ConnectionHandler.process(AbstractProtocol.java:834) [tomcat-embed-core-9.0.16.jar:9.0.16]
	at org.apache.tomcat.util.net.NioEndpoint$SocketProcessor.doRun(NioEndpoint.java:1415) [tomcat-embed-core-9.0.16.jar:9.0.16]
	at org.apache.tomcat.util.net.SocketProcessorBase.run(SocketProcessorBase.java:49) [tomcat-embed-core-9.0.16.jar:9.0.16]
	at java.util.concurrent.ThreadPoolExecutor.runWorker(ThreadPoolExecutor.java:1149) [?:1.8.0_211]
	at java.util.concurrent.ThreadPoolExecutor$Worker.run(ThreadPoolExecutor.java:624) [?:1.8.0_211]
	at org.apache.tomcat.util.threads.TaskThread$WrappingRunnable.run(TaskThread.java:61) [tomcat-embed-core-9.0.16.jar:9.0.16]
	at java.lang.Thread.run(Thread.java:748) [?:1.8.0_211]
Caused by: com.fasterxml.jackson.databind.exc.InvalidTypeIdException: Could not resolve type id 'cn.com.alasky.pojo.LoginSessionVo' as a subtype of [simple type, class java.lang.Object]: no such class found
 at [Source: (byte[])"{"@class":"cn.com.alasky.pojo.LoginSessionVo","userName":"aaa","userPhoneNumber":"11122223333","userStuUuid":"67023fcb-c31d-4c05-b41f-14ce055e01aa"}"; line: 1, column: 11]
	at com.fasterxml.jackson.databind.exc.InvalidTypeIdException.from(InvalidTypeIdException.java:43) ~[jackson-databind-2.9.8.jar:2.9.8]
	at com.fasterxml.jackson.databind.DeserializationContext.invalidTypeIdException(DeserializationContext.java:1635) ~[jackson-databind-2.9.8.jar:2.9.8]
	at com.fasterxml.jackson.databind.DeserializationContext.handleUnknownTypeId(DeserializationContext.java:1187) ~[jackson-databind-2.9.8.jar:2.9.8]
	at com.fasterxml.jackson.databind.jsontype.impl.ClassNameIdResolver._typeFromId(ClassNameIdResolver.java:53) ~[jackson-databind-2.9.8.jar:2.9.8]
	at com.fasterxml.jackson.databind.jsontype.impl.ClassNameIdResolver.typeFromId(ClassNameIdResolver.java:44) ~[jackson-databind-2.9.8.jar:2.9.8]
	at com.fasterxml.jackson.databind.jsontype.impl.TypeDeserializerBase._findDeserializer(TypeDeserializerBase.java:156) ~[jackson-databind-2.9.8.jar:2.9.8]
	at com.fasterxml.jackson.databind.jsontype.impl.AsPropertyTypeDeserializer._deserializeTypedForId(AsPropertyTypeDeserializer.java:113) ~[jackson-databind-2.9.8.jar:2.9.8]
	at com.fasterxml.jackson.databind.jsontype.impl.AsPropertyTypeDeserializer.deserializeTypedFromObject(AsPropertyTypeDeserializer.java:97) ~[jackson-databind-2.9.8.jar:2.9.8]
	at com.fasterxml.jackson.databind.jsontype.impl.AsPropertyTypeDeserializer.deserializeTypedFromAny(AsPropertyTypeDeserializer.java:193) ~[jackson-databind-2.9.8.jar:2.9.8]
	at com.fasterxml.jackson.databind.deser.std.UntypedObjectDeserializer$Vanilla.deserializeWithType(UntypedObjectDeserializer.java:712) ~[jackson-databind-2.9.8.jar:2.9.8]
	at com.fasterxml.jackson.databind.deser.impl.TypeWrappedDeserializer.deserialize(TypeWrappedDeserializer.java:68) ~[jackson-databind-2.9.8.jar:2.9.8]
	at com.fasterxml.jackson.databind.ObjectMapper._readMapAndClose(ObjectMapper.java:4013) ~[jackson-databind-2.9.8.jar:2.9.8]
	at com.fasterxml.jackson.databind.ObjectMapper.readValue(ObjectMapper.java:3091) ~[jackson-databind-2.9.8.jar:2.9.8]
	at org.springframework.data.redis.serializer.GenericJackson2JsonRedisSerializer.deserialize(GenericJackson2JsonRedisSerializer.java:130) ~[spring-data-redis-2.1.5.RELEASE.jar:2.1.5.RELEASE]
	... 59 more

2020-03-15 10:00:33 ERROR org.apache.juli.logging.DirectJDKLog 175 log - Servlet.service() for servlet [dispatcherServlet] threw exception org.springframework.data.redis.serializer.SerializationException: Could not read JSON: Could not resolve type id 'cn.com.alasky.pojo.LoginSessionVo' as a subtype of [simple type, class java.lang.Object]: no such class found
 at [Source: (byte[])"{"@class":"cn.com.alasky.pojo.LoginSessionVo","userName":"aaa","userPhoneNumber":"11122223333","userStuUuid":"67023fcb-c31d-4c05-b41f-14ce055e01aa"}"; line: 1, column: 11]; nested exception is com.fasterxml.jackson.databind.exc.InvalidTypeIdException: Could not resolve type id 'cn.com.alasky.pojo.LoginSessionVo' as a subtype of [simple type, class java.lang.Object]: no such class found
 at [Source: (byte[])"{"@class":"cn.com.alasky.pojo.LoginSessionVo","userName":"aaa","userPhoneNumber":"11122223333","userStuUuid":"67023fcb-c31d-4c05-b41f-14ce055e01aa"}"; line: 1, column: 11]
	at org.springframework.data.redis.serializer.GenericJackson2JsonRedisSerializer.deserialize(GenericJackson2JsonRedisSerializer.java:132) ~[spring-data-redis-2.1.5.RELEASE.jar:2.1.5.RELEASE]
	at org.springframework.data.redis.serializer.GenericJackson2JsonRedisSerializer.deserialize(GenericJackson2JsonRedisSerializer.java:110) ~[spring-data-redis-2.1.5.RELEASE.jar:2.1.5.RELEASE]
	at org.springframework.data.redis.core.AbstractOperations.deserializeHashValue(AbstractOperations.java:354) ~[spring-data-redis-2.1.5.RELEASE.jar:2.1.5.RELEASE]
	at org.springframework.data.redis.core.AbstractOperations.deserializeHashMap(AbstractOperations.java:298) ~[spring-data-redis-2.1.5.RELEASE.jar:2.1.5.RELEASE]
	at org.springframework.data.redis.core.DefaultHashOperations.entries(DefaultHashOperations.java:247) ~[spring-data-redis-2.1.5.RELEASE.jar:2.1.5.RELEASE]
	at org.springframework.data.redis.core.DefaultBoundHashOperations.entries(DefaultBoundHashOperations.java:183) ~[spring-data-redis-2.1.5.RELEASE.jar:2.1.5.RELEASE]
	at org.springframework.session.data.redis.RedisOperationsSessionRepository.getSession(RedisOperationsSessionRepository.java:466) ~[spring-session-data-redis-2.1.4.RELEASE.jar:2.1.4.RELEASE]
	at org.springframework.session.data.redis.RedisOperationsSessionRepository.findById(RedisOperationsSessionRepository.java:435) ~[spring-session-data-redis-2.1.4.RELEASE.jar:2.1.4.RELEASE]
	at org.springframework.session.data.redis.RedisOperationsSessionRepository.findById(RedisOperationsSessionRepository.java:247) ~[spring-session-data-redis-2.1.4.RELEASE.jar:2.1.4.RELEASE]
	at org.springframework.session.web.http.SessionRepositoryFilter$SessionRepositoryRequestWrapper.getRequestedSession(SessionRepositoryFilter.java:380) ~[spring-session-core-2.1.4.RELEASE.jar:2.1.4.RELEASE]
	at org.springframework.session.web.http.SessionRepositoryFilter$SessionRepositoryRequestWrapper.getSession(SessionRepositoryFilter.java:306) ~[spring-session-core-2.1.4.RELEASE.jar:2.1.4.RELEASE]
	at org.springframework.session.web.http.SessionRepositoryFilter$SessionRepositoryRequestWrapper.getSession(SessionRepositoryFilter.java:201) ~[spring-session-core-2.1.4.RELEASE.jar:2.1.4.RELEASE]
	at org.springframework.web.util.WebUtils.getSessionId(WebUtils.java:358) ~[spring-web-5.1.5.RELEASE.jar:5.1.5.RELEASE]
	at org.springframework.web.servlet.FrameworkServlet.publishRequestHandledEvent(FrameworkServlet.java:1144) ~[spring-webmvc-5.1.5.RELEASE.jar:5.1.5.RELEASE]
	at org.springframework.web.servlet.FrameworkServlet.processRequest(FrameworkServlet.java:1022) ~[spring-webmvc-5.1.5.RELEASE.jar:5.1.5.RELEASE]
	at org.springframework.web.servlet.FrameworkServlet.doPost(FrameworkServlet.java:908) ~[spring-webmvc-5.1.5.RELEASE.jar:5.1.5.RELEASE]
	at javax.servlet.http.HttpServlet.service(HttpServlet.java:665) ~[javax.servlet-api-4.0.1.jar:4.0.1]
	at org.springframework.web.servlet.FrameworkServlet.service(FrameworkServlet.java:882) ~[spring-webmvc-5.1.5.RELEASE.jar:5.1.5.RELEASE]
	at javax.servlet.http.HttpServlet.service(HttpServlet.java:750) ~[javax.servlet-api-4.0.1.jar:4.0.1]
	at org.apache.catalina.core.ApplicationFilterChain.internalDoFilter(ApplicationFilterChain.java:231) ~[tomcat-embed-core-9.0.16.jar:9.0.16]
	at org.apache.catalina.core.ApplicationFilterChain.doFilter(ApplicationFilterChain.java:166) ~[tomcat-embed-core-9.0.16.jar:9.0.16]
	at org.springframework.session.web.http.SessionRepositoryFilter.doFilterInternal(SessionRepositoryFilter.java:151) ~[spring-session-core-2.1.4.RELEASE.jar:2.1.4.RELEASE]
	at org.springframework.session.web.http.OncePerRequestFilter.doFilter(OncePerRequestFilter.java:81) ~[spring-session-core-2.1.4.RELEASE.jar:2.1.4.RELEASE]
	at org.apache.catalina.core.ApplicationFilterChain.internalDoFilter(ApplicationFilterChain.java:193) ~[tomcat-embed-core-9.0.16.jar:9.0.16]
	at org.apache.catalina.core.ApplicationFilterChain.doFilter(ApplicationFilterChain.java:166) ~[tomcat-embed-core-9.0.16.jar:9.0.16]
	at org.apache.catalina.core.ApplicationDispatcher.invoke(ApplicationDispatcher.java:712) [tomcat-embed-core-9.0.16.jar:9.0.16]
	at org.apache.catalina.core.ApplicationDispatcher.processRequest(ApplicationDispatcher.java:461) [tomcat-embed-core-9.0.16.jar:9.0.16]
	at org.apache.catalina.core.ApplicationDispatcher.doForward(ApplicationDispatcher.java:384) [tomcat-embed-core-9.0.16.jar:9.0.16]
	at org.apache.catalina.core.ApplicationDispatcher.forward(ApplicationDispatcher.java:312) [tomcat-embed-core-9.0.16.jar:9.0.16]
	at org.apache.catalina.core.StandardHostValve.custom(StandardHostValve.java:394) [tomcat-embed-core-9.0.16.jar:9.0.16]
	at org.apache.catalina.core.StandardHostValve.status(StandardHostValve.java:253) [tomcat-embed-core-9.0.16.jar:9.0.16]
	at org.apache.catalina.core.StandardHostValve.throwable(StandardHostValve.java:348) [tomcat-embed-core-9.0.16.jar:9.0.16]
	at org.apache.catalina.core.StandardHostValve.invoke(StandardHostValve.java:173) [tomcat-embed-core-9.0.16.jar:9.0.16]
	at org.apache.catalina.valves.ErrorReportValve.invoke(ErrorReportValve.java:92) [tomcat-embed-core-9.0.16.jar:9.0.16]
	at org.apache.catalina.core.StandardEngineValve.invoke(StandardEngineValve.java:74) [tomcat-embed-core-9.0.16.jar:9.0.16]
	at org.apache.catalina.connector.CoyoteAdapter.service(CoyoteAdapter.java:343) [tomcat-embed-core-9.0.16.jar:9.0.16]
	at org.apache.coyote.http11.Http11Processor.service(Http11Processor.java:408) [tomcat-embed-core-9.0.16.jar:9.0.16]
	at org.apache.coyote.AbstractProcessorLight.process(AbstractProcessorLight.java:66) [tomcat-embed-core-9.0.16.jar:9.0.16]
	at org.apache.coyote.AbstractProtocol$ConnectionHandler.process(AbstractProtocol.java:834) [tomcat-embed-core-9.0.16.jar:9.0.16]
	at org.apache.tomcat.util.net.NioEndpoint$SocketProcessor.doRun(NioEndpoint.java:1415) [tomcat-embed-core-9.0.16.jar:9.0.16]
	at org.apache.tomcat.util.net.SocketProcessorBase.run(SocketProcessorBase.java:49) [tomcat-embed-core-9.0.16.jar:9.0.16]
	at java.util.concurrent.ThreadPoolExecutor.runWorker(ThreadPoolExecutor.java:1149) [?:1.8.0_211]
	at java.util.concurrent.ThreadPoolExecutor$Worker.run(ThreadPoolExecutor.java:624) [?:1.8.0_211]
	at org.apache.tomcat.util.threads.TaskThread$WrappingRunnable.run(TaskThread.java:61) [tomcat-embed-core-9.0.16.jar:9.0.16]
	at java.lang.Thread.run(Thread.java:748) [?:1.8.0_211]
Caused by: com.fasterxml.jackson.databind.exc.InvalidTypeIdException: Could not resolve type id 'cn.com.alasky.pojo.LoginSessionVo' as a subtype of [simple type, class java.lang.Object]: no such class found
 at [Source: (byte[])"{"@class":"cn.com.alasky.pojo.LoginSessionVo","userName":"aaa","userPhoneNumber":"11122223333","userStuUuid":"67023fcb-c31d-4c05-b41f-14ce055e01aa"}"; line: 1, column: 11]
	at com.fasterxml.jackson.databind.exc.InvalidTypeIdException.from(InvalidTypeIdException.java:43) ~[jackson-databind-2.9.8.jar:2.9.8]
	at com.fasterxml.jackson.databind.DeserializationContext.invalidTypeIdException(DeserializationContext.java:1635) ~[jackson-databind-2.9.8.jar:2.9.8]
	at com.fasterxml.jackson.databind.DeserializationContext.handleUnknownTypeId(DeserializationContext.java:1187) ~[jackson-databind-2.9.8.jar:2.9.8]
	at com.fasterxml.jackson.databind.jsontype.impl.ClassNameIdResolver._typeFromId(ClassNameIdResolver.java:53) ~[jackson-databind-2.9.8.jar:2.9.8]
	at com.fasterxml.jackson.databind.jsontype.impl.ClassNameIdResolver.typeFromId(ClassNameIdResolver.java:44) ~[jackson-databind-2.9.8.jar:2.9.8]
	at com.fasterxml.jackson.databind.jsontype.impl.TypeDeserializerBase._findDeserializer(TypeDeserializerBase.java:156) ~[jackson-databind-2.9.8.jar:2.9.8]
	at com.fasterxml.jackson.databind.jsontype.impl.AsPropertyTypeDeserializer._deserializeTypedForId(AsPropertyTypeDeserializer.java:113) ~[jackson-databind-2.9.8.jar:2.9.8]
	at com.fasterxml.jackson.databind.jsontype.impl.AsPropertyTypeDeserializer.deserializeTypedFromObject(AsPropertyTypeDeserializer.java:97) ~[jackson-databind-2.9.8.jar:2.9.8]
	at com.fasterxml.jackson.databind.jsontype.impl.AsPropertyTypeDeserializer.deserializeTypedFromAny(AsPropertyTypeDeserializer.java:193) ~[jackson-databind-2.9.8.jar:2.9.8]
	at com.fasterxml.jackson.databind.deser.std.UntypedObjectDeserializer$Vanilla.deserializeWithType(UntypedObjectDeserializer.java:712) ~[jackson-databind-2.9.8.jar:2.9.8]
	at com.fasterxml.jackson.databind.deser.impl.TypeWrappedDeserializer.deserialize(TypeWrappedDeserializer.java:68) ~[jackson-databind-2.9.8.jar:2.9.8]
	at com.fasterxml.jackson.databind.ObjectMapper._readMapAndClose(ObjectMapper.java:4013) ~[jackson-databind-2.9.8.jar:2.9.8]
	at com.fasterxml.jackson.databind.ObjectMapper.readValue(ObjectMapper.java:3091) ~[jackson-databind-2.9.8.jar:2.9.8]
	at org.springframework.data.redis.serializer.GenericJackson2JsonRedisSerializer.deserialize(GenericJackson2JsonRedisSerializer.java:130) ~[spring-data-redis-2.1.5.RELEASE.jar:2.1.5.RELEASE]
	... 44 more

2020-03-15 10:00:33 ERROR org.apache.juli.logging.DirectJDKLog 175 log - Exception Processing ErrorPage[errorCode=0, location=/error] org.springframework.data.redis.serializer.SerializationException: Could not read JSON: Could not resolve type id 'cn.com.alasky.pojo.LoginSessionVo' as a subtype of [simple type, class java.lang.Object]: no such class found
 at [Source: (byte[])"{"@class":"cn.com.alasky.pojo.LoginSessionVo","userName":"aaa","userPhoneNumber":"11122223333","userStuUuid":"67023fcb-c31d-4c05-b41f-14ce055e01aa"}"; line: 1, column: 11]; nested exception is com.fasterxml.jackson.databind.exc.InvalidTypeIdException: Could not resolve type id 'cn.com.alasky.pojo.LoginSessionVo' as a subtype of [simple type, class java.lang.Object]: no such class found
 at [Source: (byte[])"{"@class":"cn.com.alasky.pojo.LoginSessionVo","userName":"aaa","userPhoneNumber":"11122223333","userStuUuid":"67023fcb-c31d-4c05-b41f-14ce055e01aa"}"; line: 1, column: 11]
	at org.springframework.data.redis.serializer.GenericJackson2JsonRedisSerializer.deserialize(GenericJackson2JsonRedisSerializer.java:132) ~[spring-data-redis-2.1.5.RELEASE.jar:2.1.5.RELEASE]
	at org.springframework.data.redis.serializer.GenericJackson2JsonRedisSerializer.deserialize(GenericJackson2JsonRedisSerializer.java:110) ~[spring-data-redis-2.1.5.RELEASE.jar:2.1.5.RELEASE]
	at org.springframework.data.redis.core.AbstractOperations.deserializeHashValue(AbstractOperations.java:354) ~[spring-data-redis-2.1.5.RELEASE.jar:2.1.5.RELEASE]
	at org.springframework.data.redis.core.AbstractOperations.deserializeHashMap(AbstractOperations.java:298) ~[spring-data-redis-2.1.5.RELEASE.jar:2.1.5.RELEASE]
	at org.springframework.data.redis.core.DefaultHashOperations.entries(DefaultHashOperations.java:247) ~[spring-data-redis-2.1.5.RELEASE.jar:2.1.5.RELEASE]
	at org.springframework.data.redis.core.DefaultBoundHashOperations.entries(DefaultBoundHashOperations.java:183) ~[spring-data-redis-2.1.5.RELEASE.jar:2.1.5.RELEASE]
	at org.springframework.session.data.redis.RedisOperationsSessionRepository.getSession(RedisOperationsSessionRepository.java:466) ~[spring-session-data-redis-2.1.4.RELEASE.jar:2.1.4.RELEASE]
	at org.springframework.session.data.redis.RedisOperationsSessionRepository.findById(RedisOperationsSessionRepository.java:435) ~[spring-session-data-redis-2.1.4.RELEASE.jar:2.1.4.RELEASE]
	at org.springframework.session.data.redis.RedisOperationsSessionRepository.findById(RedisOperationsSessionRepository.java:247) ~[spring-session-data-redis-2.1.4.RELEASE.jar:2.1.4.RELEASE]
	at org.springframework.session.web.http.SessionRepositoryFilter$SessionRepositoryRequestWrapper.getRequestedSession(SessionRepositoryFilter.java:380) ~[spring-session-core-2.1.4.RELEASE.jar:2.1.4.RELEASE]
	at org.springframework.session.web.http.SessionRepositoryFilter$SessionRepositoryRequestWrapper.getSession(SessionRepositoryFilter.java:306) ~[spring-session-core-2.1.4.RELEASE.jar:2.1.4.RELEASE]
	at org.springframework.session.web.http.SessionRepositoryFilter$SessionRepositoryRequestWrapper.getSession(SessionRepositoryFilter.java:201) ~[spring-session-core-2.1.4.RELEASE.jar:2.1.4.RELEASE]
	at org.springframework.web.util.WebUtils.getSessionId(WebUtils.java:358) ~[spring-web-5.1.5.RELEASE.jar:5.1.5.RELEASE]
	at org.springframework.web.servlet.FrameworkServlet.publishRequestHandledEvent(FrameworkServlet.java:1144) ~[spring-webmvc-5.1.5.RELEASE.jar:5.1.5.RELEASE]
	at org.springframework.web.servlet.FrameworkServlet.processRequest(FrameworkServlet.java:1022) ~[spring-webmvc-5.1.5.RELEASE.jar:5.1.5.RELEASE]
	at org.springframework.web.servlet.FrameworkServlet.doPost(FrameworkServlet.java:908) ~[spring-webmvc-5.1.5.RELEASE.jar:5.1.5.RELEASE]
	at javax.servlet.http.HttpServlet.service(HttpServlet.java:665) ~[javax.servlet-api-4.0.1.jar:4.0.1]
	at org.springframework.web.servlet.FrameworkServlet.service(FrameworkServlet.java:882) ~[spring-webmvc-5.1.5.RELEASE.jar:5.1.5.RELEASE]
	at javax.servlet.http.HttpServlet.service(HttpServlet.java:750) ~[javax.servlet-api-4.0.1.jar:4.0.1]
	at org.apache.catalina.core.ApplicationFilterChain.internalDoFilter(ApplicationFilterChain.java:231) ~[tomcat-embed-core-9.0.16.jar:9.0.16]
	at org.apache.catalina.core.ApplicationFilterChain.doFilter(ApplicationFilterChain.java:166) ~[tomcat-embed-core-9.0.16.jar:9.0.16]
	at org.springframework.session.web.http.SessionRepositoryFilter.doFilterInternal(SessionRepositoryFilter.java:151) ~[spring-session-core-2.1.4.RELEASE.jar:2.1.4.RELEASE]
	at org.springframework.session.web.http.OncePerRequestFilter.doFilter(OncePerRequestFilter.java:81) ~[spring-session-core-2.1.4.RELEASE.jar:2.1.4.RELEASE]
	at org.apache.catalina.core.ApplicationFilterChain.internalDoFilter(ApplicationFilterChain.java:193) ~[tomcat-embed-core-9.0.16.jar:9.0.16]
	at org.apache.catalina.core.ApplicationFilterChain.doFilter(ApplicationFilterChain.java:166) ~[tomcat-embed-core-9.0.16.jar:9.0.16]
	at org.apache.catalina.core.ApplicationDispatcher.invoke(ApplicationDispatcher.java:712) ~[tomcat-embed-core-9.0.16.jar:9.0.16]
	at org.apache.catalina.core.ApplicationDispatcher.processRequest(ApplicationDispatcher.java:461) ~[tomcat-embed-core-9.0.16.jar:9.0.16]
	at org.apache.catalina.core.ApplicationDispatcher.doForward(ApplicationDispatcher.java:384) ~[tomcat-embed-core-9.0.16.jar:9.0.16]
	at org.apache.catalina.core.ApplicationDispatcher.forward(ApplicationDispatcher.java:312) ~[tomcat-embed-core-9.0.16.jar:9.0.16]
	at org.apache.catalina.core.StandardHostValve.custom(StandardHostValve.java:394) [tomcat-embed-core-9.0.16.jar:9.0.16]
	at org.apache.catalina.core.StandardHostValve.status(StandardHostValve.java:253) [tomcat-embed-core-9.0.16.jar:9.0.16]
	at org.apache.catalina.core.StandardHostValve.throwable(StandardHostValve.java:348) [tomcat-embed-core-9.0.16.jar:9.0.16]
	at org.apache.catalina.core.StandardHostValve.invoke(StandardHostValve.java:173) [tomcat-embed-core-9.0.16.jar:9.0.16]
	at org.apache.catalina.valves.ErrorReportValve.invoke(ErrorReportValve.java:92) [tomcat-embed-core-9.0.16.jar:9.0.16]
	at org.apache.catalina.core.StandardEngineValve.invoke(StandardEngineValve.java:74) [tomcat-embed-core-9.0.16.jar:9.0.16]
	at org.apache.catalina.connector.CoyoteAdapter.service(CoyoteAdapter.java:343) [tomcat-embed-core-9.0.16.jar:9.0.16]
	at org.apache.coyote.http11.Http11Processor.service(Http11Processor.java:408) [tomcat-embed-core-9.0.16.jar:9.0.16]
	at org.apache.coyote.AbstractProcessorLight.process(AbstractProcessorLight.java:66) [tomcat-embed-core-9.0.16.jar:9.0.16]
	at org.apache.coyote.AbstractProtocol$ConnectionHandler.process(AbstractProtocol.java:834) [tomcat-embed-core-9.0.16.jar:9.0.16]
	at org.apache.tomcat.util.net.NioEndpoint$SocketProcessor.doRun(NioEndpoint.java:1415) [tomcat-embed-core-9.0.16.jar:9.0.16]
	at org.apache.tomcat.util.net.SocketProcessorBase.run(SocketProcessorBase.java:49) [tomcat-embed-core-9.0.16.jar:9.0.16]
	at java.util.concurrent.ThreadPoolExecutor.runWorker(ThreadPoolExecutor.java:1149) [?:1.8.0_211]
	at java.util.concurrent.ThreadPoolExecutor$Worker.run(ThreadPoolExecutor.java:624) [?:1.8.0_211]
	at org.apache.tomcat.util.threads.TaskThread$WrappingRunnable.run(TaskThread.java:61) [tomcat-embed-core-9.0.16.jar:9.0.16]
	at java.lang.Thread.run(Thread.java:748) [?:1.8.0_211]
Caused by: com.fasterxml.jackson.databind.exc.InvalidTypeIdException: Could not resolve type id 'cn.com.alasky.pojo.LoginSessionVo' as a subtype of [simple type, class java.lang.Object]: no such class found
 at [Source: (byte[])"{"@class":"cn.com.alasky.pojo.LoginSessionVo","userName":"aaa","userPhoneNumber":"11122223333","userStuUuid":"67023fcb-c31d-4c05-b41f-14ce055e01aa"}"; line: 1, column: 11]
	at com.fasterxml.jackson.databind.exc.InvalidTypeIdException.from(InvalidTypeIdException.java:43) ~[jackson-databind-2.9.8.jar:2.9.8]
	at com.fasterxml.jackson.databind.DeserializationContext.invalidTypeIdException(DeserializationContext.java:1635) ~[jackson-databind-2.9.8.jar:2.9.8]
	at com.fasterxml.jackson.databind.DeserializationContext.handleUnknownTypeId(DeserializationContext.java:1187) ~[jackson-databind-2.9.8.jar:2.9.8]
	at com.fasterxml.jackson.databind.jsontype.impl.ClassNameIdResolver._typeFromId(ClassNameIdResolver.java:53) ~[jackson-databind-2.9.8.jar:2.9.8]
	at com.fasterxml.jackson.databind.jsontype.impl.ClassNameIdResolver.typeFromId(ClassNameIdResolver.java:44) ~[jackson-databind-2.9.8.jar:2.9.8]
	at com.fasterxml.jackson.databind.jsontype.impl.TypeDeserializerBase._findDeserializer(TypeDeserializerBase.java:156) ~[jackson-databind-2.9.8.jar:2.9.8]
	at com.fasterxml.jackson.databind.jsontype.impl.AsPropertyTypeDeserializer._deserializeTypedForId(AsPropertyTypeDeserializer.java:113) ~[jackson-databind-2.9.8.jar:2.9.8]
	at com.fasterxml.jackson.databind.jsontype.impl.AsPropertyTypeDeserializer.deserializeTypedFromObject(AsPropertyTypeDeserializer.java:97) ~[jackson-databind-2.9.8.jar:2.9.8]
	at com.fasterxml.jackson.databind.jsontype.impl.AsPropertyTypeDeserializer.deserializeTypedFromAny(AsPropertyTypeDeserializer.java:193) ~[jackson-databind-2.9.8.jar:2.9.8]
	at com.fasterxml.jackson.databind.deser.std.UntypedObjectDeserializer$Vanilla.deserializeWithType(UntypedObjectDeserializer.java:712) ~[jackson-databind-2.9.8.jar:2.9.8]
	at com.fasterxml.jackson.databind.deser.impl.TypeWrappedDeserializer.deserialize(TypeWrappedDeserializer.java:68) ~[jackson-databind-2.9.8.jar:2.9.8]
	at com.fasterxml.jackson.databind.ObjectMapper._readMapAndClose(ObjectMapper.java:4013) ~[jackson-databind-2.9.8.jar:2.9.8]
	at com.fasterxml.jackson.databind.ObjectMapper.readValue(ObjectMapper.java:3091) ~[jackson-databind-2.9.8.jar:2.9.8]
	at org.springframework.data.redis.serializer.GenericJackson2JsonRedisSerializer.deserialize(GenericJackson2JsonRedisSerializer.java:130) ~[spring-data-redis-2.1.5.RELEASE.jar:2.1.5.RELEASE]
	... 44 more

