2020-01-30 18:01:40 INFO  cn.com.alasky.StartApp 23 main - 启动应用
2020-01-30 18:01:40 INFO  org.springframework.boot.StartupInfoLogger 50 logStarting - Starting StartApp on spartan-PC with PID 25974 (/home/spartan/codes/associationplatform/target/classes started by spartan in /home/spartan/codes/associationplatform)
2020-01-30 18:01:40 INFO  org.springframework.boot.SpringApplication 675 logStartupProfileInfo - No active profile set, falling back to default profiles: default
2020-01-30 18:01:41 WARN  org.mybatis.logging.Logger 44 warn - No MyBatis mapper was found in '[cn.com.alasky.mapper]' package. Please check your configuration.
2020-01-30 18:01:41 INFO  org.springframework.boot.web.embedded.tomcat.TomcatWebServer 90 initialize - Tomcat initialized with port(s): 8080 (http)
2020-01-30 18:01:41 INFO  org.apache.juli.logging.DirectJDKLog 173 log - Initializing ProtocolHandler ["http-nio-8080"]
2020-01-30 18:01:41 INFO  org.apache.juli.logging.DirectJDKLog 173 log - Starting service [Tomcat]
2020-01-30 18:01:41 INFO  org.apache.juli.logging.DirectJDKLog 173 log - Starting Servlet engine: [Apache Tomcat/9.0.16]
2020-01-30 18:01:41 INFO  org.apache.juli.logging.DirectJDKLog 173 log - The APR based Apache Tomcat Native library which allows optimal performance in production environments was not found on the java.library.path: [/usr/java/packages/lib/amd64:/usr/lib64:/lib64:/lib:/usr/lib]
2020-01-30 18:01:42 INFO  org.apache.juli.logging.DirectJDKLog 173 log - At least one JAR was scanned for TLDs yet contained no TLDs. Enable debug logging for this logger for a complete list of JARs that were scanned but no TLDs were found in them. Skipping unneeded JARs during scanning can improve startup time and JSP compilation time.
2020-01-30 18:01:42 INFO  org.apache.juli.logging.DirectJDKLog 173 log - Initializing Spring embedded WebApplicationContext
2020-01-30 18:01:42 INFO  org.springframework.boot.web.servlet.context.ServletWebServerApplicationContext 296 prepareWebApplicationContext - Root WebApplicationContext: initialization completed in 1272 ms
2020-01-30 18:01:42 INFO  org.springframework.scheduling.concurrent.ExecutorConfigurationSupport 171 initialize - Initializing ExecutorService 'applicationTaskExecutor'
2020-01-30 18:01:42 INFO  org.apache.juli.logging.DirectJDKLog 173 log - Starting ProtocolHandler ["http-nio-8080"]
2020-01-30 18:01:42 INFO  org.springframework.boot.web.embedded.tomcat.TomcatWebServer 204 start - Tomcat started on port(s): 8080 (http) with context path ''
2020-01-30 18:01:42 INFO  org.springframework.boot.StartupInfoLogger 59 logStarted - Started StartApp in 1.974 seconds (JVM running for 2.596)
2020-01-30 18:01:54 INFO  org.apache.juli.logging.DirectJDKLog 173 log - Initializing Spring DispatcherServlet 'dispatcherServlet'
2020-01-30 18:01:54 INFO  org.springframework.web.servlet.FrameworkServlet 524 initServletBean - Initializing Servlet 'dispatcherServlet'
2020-01-30 18:01:54 INFO  org.springframework.web.servlet.FrameworkServlet 546 initServletBean - Completed initialization in 5 ms
2020-01-30 18:01:54 INFO  cn.com.alasky.controller.LoginController 30 getRegisterInfo - ip: 127.0.0.1 设备信息: [ X11; Linux x86_64 ]
2020-01-30 18:04:11 INFO  cn.com.alasky.controller.LoginController 30 getRegisterInfo - ip: 127.0.0.1 设备信息: [ Linux; U; Android 10; en-us; Redmi K20 Build/QKQ1.190825.002 ]
2020-01-30 18:05:26 INFO  cn.com.alasky.controller.LoginController 30 getRegisterInfo - ip: 127.0.0.1 设备信息: [ Linux; U; Android 10; en-us; Redmi K20 Build/QKQ1.190825.002 ]
2020-01-30 18:05:28 INFO  org.springframework.scheduling.concurrent.ExecutorConfigurationSupport 208 shutdown - Shutting down ExecutorService 'applicationTaskExecutor'
