2020-03-03 09:14:08 INFO  cn.com.alasky.StartApp 26 main - 启动应用
2020-03-03 09:14:09 INFO  org.springframework.boot.StartupInfoLogger 50 logStarting - Starting StartApp on Alasky with PID 13464 (F:\develop\association\target\classes started by Alasky in F:\develop\association)
2020-03-03 09:14:09 INFO  org.springframework.boot.SpringApplication 675 logStartupProfileInfo - No active profile set, falling back to default profiles: default
2020-03-03 09:14:10 INFO  org.springframework.data.repository.config.RepositoryConfigurationDelegate 244 multipleStoresDetected - Multiple Spring Data modules found, entering strict repository configuration mode!
2020-03-03 09:14:10 INFO  org.springframework.data.repository.config.RepositoryConfigurationDelegate 126 registerRepositoriesIn - Bootstrapping Spring Data repositories in DEFAULT mode.
2020-03-03 09:14:10 INFO  org.springframework.data.repository.config.RepositoryConfigurationDelegate 182 registerRepositoriesIn - Finished Spring Data repository scanning in 18ms. Found 0 repository interfaces.
2020-03-03 09:14:10 INFO  org.springframework.context.support.PostProcessorRegistrationDelegate$BeanPostProcessorChecker 330 postProcessAfterInitialization - Bean 'org.springframework.transaction.annotation.ProxyTransactionManagementConfiguration' of type [org.springframework.transaction.annotation.ProxyTransactionManagementConfiguration$$EnhancerBySpringCGLIB$$3c294544] is not eligible for getting processed by all BeanPostProcessors (for example: not eligible for auto-proxying)
2020-03-03 09:14:11 INFO  org.springframework.boot.web.embedded.tomcat.TomcatWebServer 90 initialize - Tomcat initialized with port(s): 8080 (http)
2020-03-03 09:14:11 INFO  org.apache.juli.logging.DirectJDKLog 173 log - Initializing ProtocolHandler ["http-nio-8080"]
2020-03-03 09:14:11 INFO  org.apache.juli.logging.DirectJDKLog 173 log - Starting service [Tomcat]
2020-03-03 09:14:11 INFO  org.apache.juli.logging.DirectJDKLog 173 log - Starting Servlet engine: [Apache Tomcat/9.0.16]
2020-03-03 09:14:11 INFO  org.apache.juli.logging.DirectJDKLog 173 log - The APR based Apache Tomcat Native library which allows optimal performance in production environments was not found on the java.library.path: [C:\Software\java\jdk1.8.0_211\bin;C:\Windows\Sun\Java\bin;C:\Windows\system32;C:\Windows;C:\Software\python\Scripts\;C:\Software\python\;C:\Windows\system32;C:\Windows;C:\Windows\System32\Wbem;C:\Windows\System32\WindowsPowerShell\v1.0\;C:\Windows\System32\OpenSSH\;C:\Software\java\jdk1.8.0_211\bin;C:\Software\java\jdk1.8.0_211\jre\bin;C:\Program Files\Intel\WiFi\bin\;C:\Program Files\Common Files\Intel\WirelessCommon\;D:\hadoop-2.7.1\bin;%CATALINA_HOME%\lib;%CATALINA_HOME%\bin;C:\Program Files (x86)\NVIDIA Corporation\PhysX\Common;C:\Program Files\NVIDIA Corporation\NVIDIA NvDLISR;C:\Software\Git\cmd;D:\mysql-8.0.18-winx64\bin;D:\pandoc\;C:\Software\python\python3.6\Scripts\;C:\Software\python\python3.6\;C:\Software\Scripts\;C:\Software\;C:\Users\Administrator\AppData\Local\Microsoft\WindowsApps;C:\Program Files\Intel\WiFi\bin\;C:\Program Files\Common Files\Intel\WirelessCommon\;D:\IntelliJ IDEA 2019.1.2\bin;D:\Microsoft VS Code\bin;D:\apache-maven-3.6.1\bin;C:\Software\python\Scripts;C:\Users\Administrator\AppData\Local\GitHubDesktop\bin;C:\Program Files\Bandizip\;.]
2020-03-03 09:14:11 INFO  org.apache.juli.logging.DirectJDKLog 173 log - At least one JAR was scanned for TLDs yet contained no TLDs. Enable debug logging for this logger for a complete list of JARs that were scanned but no TLDs were found in them. Skipping unneeded JARs during scanning can improve startup time and JSP compilation time.
2020-03-03 09:14:11 INFO  org.apache.juli.logging.DirectJDKLog 173 log - Initializing Spring embedded WebApplicationContext
2020-03-03 09:14:11 INFO  org.springframework.boot.web.servlet.context.ServletWebServerApplicationContext 296 prepareWebApplicationContext - Root WebApplicationContext: initialization completed in 2373 ms
2020-03-03 09:14:12 INFO  io.lettuce.core.EpollProvider 68 <clinit> - Starting without optional epoll library
2020-03-03 09:14:12 INFO  io.lettuce.core.KqueueProvider 70 <clinit> - Starting without optional kqueue library
2020-03-03 09:14:14 INFO  org.springframework.scheduling.concurrent.ExecutorConfigurationSupport 171 initialize - Initializing ExecutorService 'applicationTaskExecutor'
2020-03-03 09:14:15 INFO  org.springframework.scheduling.annotation.ScheduledAnnotationBeanPostProcessor 295 finishRegistration - No TaskScheduler/ScheduledExecutorService bean found for scheduled processing
2020-03-03 09:14:15 INFO  org.apache.juli.logging.DirectJDKLog 173 log - Starting ProtocolHandler ["http-nio-8080"]
2020-03-03 09:14:15 INFO  org.springframework.boot.web.embedded.tomcat.TomcatWebServer 204 start - Tomcat started on port(s): 8080 (http) with context path ''
2020-03-03 09:14:15 INFO  org.springframework.boot.StartupInfoLogger 59 logStarted - Started StartApp in 6.21 seconds (JVM running for 8.105)
2020-03-03 09:14:24 INFO  org.apache.juli.logging.DirectJDKLog 173 log - Initializing Spring DispatcherServlet 'dispatcherServlet'
2020-03-03 09:14:24 INFO  org.springframework.web.servlet.FrameworkServlet 524 initServletBean - Initializing Servlet 'dispatcherServlet'
2020-03-03 09:14:24 INFO  org.springframework.web.servlet.FrameworkServlet 546 initServletBean - Completed initialization in 8 ms
2020-03-03 09:15:11 INFO  com.zaxxer.hikari.HikariDataSource 110 getConnection - HikariPool-1 - Starting...
2020-03-03 09:15:12 INFO  com.zaxxer.hikari.HikariDataSource 123 getConnection - HikariPool-1 - Start completed.
2020-03-03 09:15:16 INFO  cn.com.alasky.controller.LoginController 50 getLoginInfo - 新的登录(127.0.0.1): 11122223333
2020-03-03 09:15:18 INFO  cn.com.alasky.controller.LoginController 68 checkLogin - IP: 127.0.0.1 设备信息: [ Windows NT 10.0; Win64; x64 ]
2020-03-03 09:15:18 INFO  cn.com.alasky.controller.admin.UserDataController 36 getUserData - 查看用户信息: IP: 127.0.0.1 设备信息: [ Windows NT 10.0; Win64; x64 ]
2020-03-03 09:27:31 INFO  cn.com.alasky.controller.LoginController 68 checkLogin - IP: 127.0.0.1 设备信息: [ Windows NT 10.0; Win64; x64 ]
2020-03-03 09:27:31 INFO  cn.com.alasky.controller.admin.UserDataController 36 getUserData - 查看用户信息: IP: 127.0.0.1 设备信息: [ Windows NT 10.0; Win64; x64 ]
2020-03-03 09:27:50 INFO  cn.com.alasky.controller.LoginController 68 checkLogin - IP: 127.0.0.1 设备信息: [ Windows NT 10.0; Win64; x64 ]
2020-03-03 09:27:50 ERROR cn.com.alasky.controller.admin.AdminController 44 getUserPosition - 获取用户职位出错: java.lang.NullPointerException
2020-03-03 09:27:50 INFO  cn.com.alasky.controller.admin.UserDataController 36 getUserData - 查看用户信息: IP: 127.0.0.1 设备信息: [ Windows NT 10.0; Win64; x64 ]
2020-03-03 09:28:25 INFO  cn.com.alasky.controller.LoginController 50 getLoginInfo - 新的登录(127.0.0.1): 11122223333
2020-03-03 09:28:26 INFO  cn.com.alasky.controller.LoginController 68 checkLogin - IP: 127.0.0.1 设备信息: [ Windows NT 10.0; Win64; x64 ]
2020-03-03 09:28:26 INFO  cn.com.alasky.controller.admin.UserDataController 36 getUserData - 查看用户信息: IP: 127.0.0.1 设备信息: [ Windows NT 10.0; Win64; x64 ]
2020-03-03 10:48:50 INFO  cn.com.alasky.controller.LoginController 94 logout - 11122223333 退出登录
2020-03-03 10:48:50 ERROR org.apache.juli.logging.DirectJDKLog 175 log - Servlet.service() for servlet [dispatcherServlet] in context with path [] threw exception org.springframework.dao.QueryTimeoutException: Redis command timed out; nested exception is io.lettuce.core.RedisCommandTimeoutException: Command timed out after 200 millisecond(s)
	at org.springframework.data.redis.connection.lettuce.LettuceExceptionConverter.convert(LettuceExceptionConverter.java:70) ~[spring-data-redis-2.1.5.RELEASE.jar:2.1.5.RELEASE]
	at org.springframework.data.redis.connection.lettuce.LettuceExceptionConverter.convert(LettuceExceptionConverter.java:41) ~[spring-data-redis-2.1.5.RELEASE.jar:2.1.5.RELEASE]
	at org.springframework.data.redis.PassThroughExceptionTranslationStrategy.translate(PassThroughExceptionTranslationStrategy.java:44) ~[spring-data-redis-2.1.5.RELEASE.jar:2.1.5.RELEASE]
	at org.springframework.data.redis.FallbackExceptionTranslationStrategy.translate(FallbackExceptionTranslationStrategy.java:42) ~[spring-data-redis-2.1.5.RELEASE.jar:2.1.5.RELEASE]
	at org.springframework.data.redis.connection.lettuce.LettuceConnection.convertLettuceAccessException(LettuceConnection.java:268) ~[spring-data-redis-2.1.5.RELEASE.jar:2.1.5.RELEASE]
	at org.springframework.data.redis.connection.lettuce.LettuceHashCommands.convertLettuceAccessException(LettuceHashCommands.java:471) ~[spring-data-redis-2.1.5.RELEASE.jar:2.1.5.RELEASE]
	at org.springframework.data.redis.connection.lettuce.LettuceHashCommands.hGetAll(LettuceHashCommands.java:196) ~[spring-data-redis-2.1.5.RELEASE.jar:2.1.5.RELEASE]
	at org.springframework.data.redis.connection.DefaultedRedisConnection.hGetAll(DefaultedRedisConnection.java:933) ~[spring-data-redis-2.1.5.RELEASE.jar:2.1.5.RELEASE]
	at org.springframework.data.redis.core.DefaultHashOperations.lambda$entries$13(DefaultHashOperations.java:245) ~[spring-data-redis-2.1.5.RELEASE.jar:2.1.5.RELEASE]
	at org.springframework.data.redis.core.RedisTemplate.execute(RedisTemplate.java:224) ~[spring-data-redis-2.1.5.RELEASE.jar:2.1.5.RELEASE]
	at org.springframework.data.redis.core.RedisTemplate.execute(RedisTemplate.java:184) ~[spring-data-redis-2.1.5.RELEASE.jar:2.1.5.RELEASE]
	at org.springframework.data.redis.core.AbstractOperations.execute(AbstractOperations.java:95) ~[spring-data-redis-2.1.5.RELEASE.jar:2.1.5.RELEASE]
	at org.springframework.data.redis.core.DefaultHashOperations.entries(DefaultHashOperations.java:245) ~[spring-data-redis-2.1.5.RELEASE.jar:2.1.5.RELEASE]
	at org.springframework.data.redis.core.DefaultBoundHashOperations.entries(DefaultBoundHashOperations.java:183) ~[spring-data-redis-2.1.5.RELEASE.jar:2.1.5.RELEASE]
	at org.springframework.session.data.redis.RedisOperationsSessionRepository.getSession(RedisOperationsSessionRepository.java:466) ~[spring-session-data-redis-2.1.4.RELEASE.jar:2.1.4.RELEASE]
	at org.springframework.session.data.redis.RedisOperationsSessionRepository.findById(RedisOperationsSessionRepository.java:435) ~[spring-session-data-redis-2.1.4.RELEASE.jar:2.1.4.RELEASE]
	at org.springframework.session.data.redis.RedisOperationsSessionRepository.findById(RedisOperationsSessionRepository.java:247) ~[spring-session-data-redis-2.1.4.RELEASE.jar:2.1.4.RELEASE]
	at org.springframework.session.web.http.SessionRepositoryFilter$SessionRepositoryRequestWrapper.getRequestedSession(SessionRepositoryFilter.java:380) ~[spring-session-core-2.1.4.RELEASE.jar:2.1.4.RELEASE]
	at org.springframework.session.web.http.SessionRepositoryFilter$SessionRepositoryRequestWrapper.getRequestedSessionId(SessionRepositoryFilter.java:360) ~[spring-session-core-2.1.4.RELEASE.jar:2.1.4.RELEASE]
	at org.springframework.session.web.http.SessionRepositoryFilter$SessionRepositoryRequestWrapper.commitSession(SessionRepositoryFilter.java:243) ~[spring-session-core-2.1.4.RELEASE.jar:2.1.4.RELEASE]
	at org.springframework.session.web.http.SessionRepositoryFilter$SessionRepositoryRequestWrapper.access$100(SessionRepositoryFilter.java:201) ~[spring-session-core-2.1.4.RELEASE.jar:2.1.4.RELEASE]
	at org.springframework.session.web.http.SessionRepositoryFilter.doFilterInternal(SessionRepositoryFilter.java:154) ~[spring-session-core-2.1.4.RELEASE.jar:2.1.4.RELEASE]
	at org.springframework.session.web.http.OncePerRequestFilter.doFilter(OncePerRequestFilter.java:81) ~[spring-session-core-2.1.4.RELEASE.jar:2.1.4.RELEASE]
	at org.apache.catalina.core.ApplicationFilterChain.internalDoFilter(ApplicationFilterChain.java:193) ~[tomcat-embed-core-9.0.16.jar:9.0.16]
	at org.apache.catalina.core.ApplicationFilterChain.doFilter(ApplicationFilterChain.java:166) ~[tomcat-embed-core-9.0.16.jar:9.0.16]
	at org.springframework.web.filter.CharacterEncodingFilter.doFilterInternal(CharacterEncodingFilter.java:200) ~[spring-web-5.1.5.RELEASE.jar:5.1.5.RELEASE]
	at org.springframework.web.filter.OncePerRequestFilter.doFilter(OncePerRequestFilter.java:107) ~[spring-web-5.1.5.RELEASE.jar:5.1.5.RELEASE]
	at org.apache.catalina.core.ApplicationFilterChain.internalDoFilter(ApplicationFilterChain.java:193) ~[tomcat-embed-core-9.0.16.jar:9.0.16]
	at org.apache.catalina.core.ApplicationFilterChain.doFilter(ApplicationFilterChain.java:166) ~[tomcat-embed-core-9.0.16.jar:9.0.16]
	at org.apache.catalina.core.StandardWrapperValve.invoke(StandardWrapperValve.java:200) [tomcat-embed-core-9.0.16.jar:9.0.16]
	at org.apache.catalina.core.StandardContextValve.invoke(StandardContextValve.java:96) [tomcat-embed-core-9.0.16.jar:9.0.16]
	at org.apache.catalina.authenticator.AuthenticatorBase.invoke(AuthenticatorBase.java:490) [tomcat-embed-core-9.0.16.jar:9.0.16]
	at org.apache.catalina.core.StandardHostValve.invoke(StandardHostValve.java:139) [tomcat-embed-core-9.0.16.jar:9.0.16]
	at org.apache.catalina.valves.ErrorReportValve.invoke(ErrorReportValve.java:92) [tomcat-embed-core-9.0.16.jar:9.0.16]
	at org.apache.catalina.core.StandardEngineValve.invoke(StandardEngineValve.java:74) [tomcat-embed-core-9.0.16.jar:9.0.16]
	at org.apache.catalina.connector.CoyoteAdapter.service(CoyoteAdapter.java:343) [tomcat-embed-core-9.0.16.jar:9.0.16]
	at org.apache.coyote.http11.Http11Processor.service(Http11Processor.java:408) [tomcat-embed-core-9.0.16.jar:9.0.16]
	at org.apache.coyote.AbstractProcessorLight.process(AbstractProcessorLight.java:66) [tomcat-embed-core-9.0.16.jar:9.0.16]
	at org.apache.coyote.AbstractProtocol$ConnectionHandler.process(AbstractProtocol.java:834) [tomcat-embed-core-9.0.16.jar:9.0.16]
	at org.apache.tomcat.util.net.NioEndpoint$SocketProcessor.doRun(NioEndpoint.java:1415) [tomcat-embed-core-9.0.16.jar:9.0.16]
	at org.apache.tomcat.util.net.SocketProcessorBase.run(SocketProcessorBase.java:49) [tomcat-embed-core-9.0.16.jar:9.0.16]
	at java.util.concurrent.ThreadPoolExecutor.runWorker(ThreadPoolExecutor.java:1149) [?:1.8.0_211]
	at java.util.concurrent.ThreadPoolExecutor$Worker.run(ThreadPoolExecutor.java:624) [?:1.8.0_211]
	at org.apache.tomcat.util.threads.TaskThread$WrappingRunnable.run(TaskThread.java:61) [tomcat-embed-core-9.0.16.jar:9.0.16]
	at java.lang.Thread.run(Thread.java:748) [?:1.8.0_211]
Caused by: io.lettuce.core.RedisCommandTimeoutException: Command timed out after 200 millisecond(s)
	at io.lettuce.core.ExceptionFactory.createTimeoutException(ExceptionFactory.java:51) ~[lettuce-core-5.1.4.RELEASE.jar:?]
	at io.lettuce.core.LettuceFutures.awaitOrCancel(LettuceFutures.java:114) ~[lettuce-core-5.1.4.RELEASE.jar:?]
	at io.lettuce.core.FutureSyncInvocationHandler.handleInvocation(FutureSyncInvocationHandler.java:69) ~[lettuce-core-5.1.4.RELEASE.jar:?]
	at io.lettuce.core.internal.AbstractInvocationHandler.invoke(AbstractInvocationHandler.java:80) ~[lettuce-core-5.1.4.RELEASE.jar:?]
	at com.sun.proxy.$Proxy93.hgetall(Unknown Source) ~[?:?]
	at org.springframework.data.redis.connection.lettuce.LettuceHashCommands.hGetAll(LettuceHashCommands.java:194) ~[spring-data-redis-2.1.5.RELEASE.jar:2.1.5.RELEASE]
	... 38 more

2020-03-03 10:48:50 WARN  org.springframework.web.servlet.handler.AbstractHandlerExceptionResolver 197 logException - Resolved [org.springframework.web.HttpMediaTypeNotAcceptableException: Could not find acceptable representation]
2020-03-03 10:48:50 INFO  cn.com.alasky.controller.LoginController 68 checkLogin - IP: 127.0.0.1 设备信息: [ Windows NT 10.0; Win64; x64 ]
2020-03-03 10:49:37 INFO  cn.com.alasky.controller.RegisterController 38 getRegisterInfo - 新的注册: ccc 33344445555
2020-03-03 10:49:51 INFO  cn.com.alasky.controller.RegisterController 38 getRegisterInfo - 新的注册: ccc 33344445555
2020-03-03 10:50:00 INFO  cn.com.alasky.controller.LoginController 50 getLoginInfo - 新的登录(127.0.0.1): 33344445555
2020-03-03 10:50:02 INFO  cn.com.alasky.controller.LoginController 68 checkLogin - IP: 127.0.0.1 设备信息: [ Windows NT 10.0; Win64; x64 ]
2020-03-03 10:50:38 INFO  cn.com.alasky.controller.LoginController 68 checkLogin - IP: 127.0.0.1 设备信息: [ Windows NT 10.0; Win64; x64 ]
2020-03-03 10:50:38 INFO  cn.com.alasky.controller.admin.UserDataController 36 getUserData - 查看用户信息: IP: 127.0.0.1 设备信息: [ Windows NT 10.0; Win64; x64 ]
2020-03-03 10:50:41 INFO  cn.com.alasky.controller.admin.AssDataController 41 getAssData - 33344445555获取社团信息
2020-03-03 10:50:42 INFO  cn.com.alasky.controller.admin.UserDataController 36 getUserData - 查看用户信息: IP: 127.0.0.1 设备信息: [ Windows NT 10.0; Win64; x64 ]
2020-03-03 10:50:44 INFO  cn.com.alasky.controller.admin.PersonalDataController 49 getPersonalData - 查看个人信息: IP: 127.0.0.1 设备信息: [ Windows NT 10.0; Win64; x64 ]
2020-03-03 17:07:35 INFO  org.springframework.scheduling.concurrent.ExecutorConfigurationSupport 208 shutdown - Shutting down ExecutorService 'applicationTaskExecutor'
2020-03-03 17:07:35 INFO  com.zaxxer.hikari.HikariDataSource 350 close - HikariPool-1 - Shutdown initiated...
2020-03-03 17:07:35 INFO  com.zaxxer.hikari.HikariDataSource 352 close - HikariPool-1 - Shutdown completed.
