2020-04-14 19:37:20 INFO  cn.com.alasky.StartApp 28 main - 启动应用
2020-04-14 19:37:21 INFO  org.springframework.boot.StartupInfoLogger 50 logStarting - Starting StartApp on Alasky with PID 13268 (F:\develop\association\target\classes started by Alasky in F:\develop\association)
2020-04-14 19:37:21 INFO  org.springframework.boot.SpringApplication 675 logStartupProfileInfo - No active profile set, falling back to default profiles: default
2020-04-14 19:37:22 INFO  org.springframework.data.repository.config.RepositoryConfigurationDelegate 244 multipleStoresDetected - Multiple Spring Data modules found, entering strict repository configuration mode!
2020-04-14 19:37:22 INFO  org.springframework.data.repository.config.RepositoryConfigurationDelegate 126 registerRepositoriesIn - Bootstrapping Spring Data repositories in DEFAULT mode.
2020-04-14 19:37:22 INFO  org.springframework.data.repository.config.RepositoryConfigurationDelegate 182 registerRepositoriesIn - Finished Spring Data repository scanning in 22ms. Found 0 repository interfaces.
2020-04-14 19:37:23 INFO  org.springframework.context.support.PostProcessorRegistrationDelegate$BeanPostProcessorChecker 330 postProcessAfterInitialization - Bean 'org.springframework.transaction.annotation.ProxyTransactionManagementConfiguration' of type [org.springframework.transaction.annotation.ProxyTransactionManagementConfiguration$$EnhancerBySpringCGLIB$$63efedc1] is not eligible for getting processed by all BeanPostProcessors (for example: not eligible for auto-proxying)
2020-04-14 19:37:23 INFO  org.springframework.boot.web.embedded.tomcat.TomcatWebServer 90 initialize - Tomcat initialized with port(s): 8080 (http)
2020-04-14 19:37:23 INFO  org.apache.juli.logging.DirectJDKLog 173 log - Initializing ProtocolHandler ["http-nio-8080"]
2020-04-14 19:37:23 INFO  org.apache.juli.logging.DirectJDKLog 173 log - Starting service [Tomcat]
2020-04-14 19:37:23 INFO  org.apache.juli.logging.DirectJDKLog 173 log - Starting Servlet engine: [Apache Tomcat/9.0.16]
2020-04-14 19:37:23 INFO  org.apache.juli.logging.DirectJDKLog 173 log - The APR based Apache Tomcat Native library which allows optimal performance in production environments was not found on the java.library.path: [C:\Software\java\jdk1.8.0_211\bin;C:\Windows\Sun\Java\bin;C:\Windows\system32;C:\Windows;C:\Software\python\Scripts\;C:\Software\python\;C:\Windows\system32;C:\Windows;C:\Windows\System32\Wbem;C:\Windows\System32\WindowsPowerShell\v1.0\;C:\Windows\System32\OpenSSH\;C:\Software\java\jdk1.8.0_211\bin;C:\Software\java\jdk1.8.0_211\jre\bin;C:\Program Files\Intel\WiFi\bin\;C:\Program Files\Common Files\Intel\WirelessCommon\;D:\hadoop-2.7.7\bin;%CATALINA_HOME%\lib;%CATALINA_HOME%\bin;C:\Program Files (x86)\NVIDIA Corporation\PhysX\Common;C:\Program Files\NVIDIA Corporation\NVIDIA NvDLISR;C:\Software\Git\cmd;D:\mysql-8.0.18-winx64\bin;D:\pandoc\;C:\Program Files\nodejs\;C:\ProgramData\chocolatey\bin;C:\Software\python\python3.6\Scripts\;C:\Software\python\python3.6\;C:\Software\Scripts\;C:\Software\;C:\Users\Administrator\AppData\Local\Microsoft\WindowsApps;C:\Program Files\Intel\WiFi\bin\;C:\Program Files\Common Files\Intel\WirelessCommon\;D:\IntelliJ IDEA 2019.1.2\bin;D:\Microsoft VS Code\bin;D:\apache-maven-3.6.1\bin;C:\Software\python\Scripts;C:\Users\Administrator\AppData\Local\GitHubDesktop\bin;C:\Program Files\Bandizip\;C:\Users\Administrator\AppData\Roaming\npm;.]
2020-04-14 19:37:24 INFO  org.apache.juli.logging.DirectJDKLog 173 log - At least one JAR was scanned for TLDs yet contained no TLDs. Enable debug logging for this logger for a complete list of JARs that were scanned but no TLDs were found in them. Skipping unneeded JARs during scanning can improve startup time and JSP compilation time.
2020-04-14 19:37:24 INFO  org.apache.juli.logging.DirectJDKLog 173 log - Initializing Spring embedded WebApplicationContext
2020-04-14 19:37:24 INFO  org.springframework.boot.web.servlet.context.ServletWebServerApplicationContext 296 prepareWebApplicationContext - Root WebApplicationContext: initialization completed in 2545 ms
2020-04-14 19:37:25 INFO  io.lettuce.core.EpollProvider 68 <clinit> - Starting without optional epoll library
2020-04-14 19:37:25 INFO  io.lettuce.core.KqueueProvider 70 <clinit> - Starting without optional kqueue library
2020-04-14 19:37:26 INFO  org.springframework.scheduling.concurrent.ExecutorConfigurationSupport 171 initialize - Initializing ExecutorService 'applicationTaskExecutor'
2020-04-14 19:37:27 INFO  org.springframework.scheduling.annotation.ScheduledAnnotationBeanPostProcessor 295 finishRegistration - No TaskScheduler/ScheduledExecutorService bean found for scheduled processing
2020-04-14 19:37:27 INFO  org.apache.juli.logging.DirectJDKLog 173 log - Starting ProtocolHandler ["http-nio-8080"]
2020-04-14 19:37:27 INFO  org.springframework.boot.web.embedded.tomcat.TomcatWebServer 204 start - Tomcat started on port(s): 8080 (http) with context path ''
2020-04-14 19:37:27 INFO  org.springframework.boot.StartupInfoLogger 59 logStarted - Started StartApp in 6.869 seconds (JVM running for 10.949)
2020-04-14 19:42:14 INFO  org.apache.juli.logging.DirectJDKLog 173 log - Initializing Spring DispatcherServlet 'dispatcherServlet'
2020-04-14 19:42:14 INFO  org.springframework.web.servlet.FrameworkServlet 524 initServletBean - Initializing Servlet 'dispatcherServlet'
2020-04-14 19:42:14 INFO  org.springframework.web.servlet.FrameworkServlet 546 initServletBean - Completed initialization in 11 ms
2020-04-14 19:42:14 INFO  cn.com.alasky.controller.admin.AdminController 41 getUserPosition - 查看控制台: 8cff4bc2-07e3-4099-84f5-89e7b880a197
2020-04-14 19:42:14 INFO  cn.com.alasky.controller.admin.UserDataController 49 getUserData - 查看用户信息: 8cff4bc2-07e3-4099-84f5-89e7b880a197
2020-04-14 19:42:14 ERROR com.alibaba.druid.support.logging.Log4j2Impl 58 error - testWhileIdle is true, validationQuery not set
2020-04-14 19:42:14 INFO  com.alibaba.druid.support.logging.Log4j2Impl 106 info - {dataSource-1} inited
2020-04-14 19:42:18 INFO  cn.com.alasky.controller.admin.AssDataController 42 getAssData - 获取社团信息: 8cff4bc2-07e3-4099-84f5-89e7b880a197
2020-04-14 19:42:27 INFO  cn.com.alasky.controller.admin.AdminController 41 getUserPosition - 查看控制台: 8cff4bc2-07e3-4099-84f5-89e7b880a197
2020-04-14 19:42:27 INFO  cn.com.alasky.controller.admin.AssDataController 42 getAssData - 获取社团信息: 8cff4bc2-07e3-4099-84f5-89e7b880a197
2020-04-14 19:42:33 INFO  cn.com.alasky.controller.admin.AssDataController 42 getAssData - 获取社团信息: 8cff4bc2-07e3-4099-84f5-89e7b880a197
2020-04-14 19:42:43 INFO  cn.com.alasky.controller.admin.AssDataController 42 getAssData - 获取社团信息: 8cff4bc2-07e3-4099-84f5-89e7b880a197
2020-04-14 19:42:53 INFO  cn.com.alasky.controller.admin.AssDataController 42 getAssData - 获取社团信息: 8cff4bc2-07e3-4099-84f5-89e7b880a197
2020-04-14 19:43:54 INFO  cn.com.alasky.controller.admin.AssDataController 42 getAssData - 获取社团信息: 8cff4bc2-07e3-4099-84f5-89e7b880a197
2020-04-14 19:44:13 INFO  cn.com.alasky.controller.admin.AssDataController 42 getAssData - 获取社团信息: 8cff4bc2-07e3-4099-84f5-89e7b880a197
2020-04-14 19:44:47 INFO  cn.com.alasky.controller.admin.AssDataController 42 getAssData - 获取社团信息: 8cff4bc2-07e3-4099-84f5-89e7b880a197
2020-04-14 19:45:12 INFO  cn.com.alasky.controller.admin.AssDataController 42 getAssData - 获取社团信息: 8cff4bc2-07e3-4099-84f5-89e7b880a197
2020-04-14 19:45:30 INFO  cn.com.alasky.controller.admin.AdminController 41 getUserPosition - 查看控制台: 8cff4bc2-07e3-4099-84f5-89e7b880a197
2020-04-14 19:45:30 INFO  cn.com.alasky.controller.admin.AssDataController 42 getAssData - 获取社团信息: 8cff4bc2-07e3-4099-84f5-89e7b880a197
2020-04-14 19:45:49 INFO  cn.com.alasky.controller.admin.AdminController 41 getUserPosition - 查看控制台: 8cff4bc2-07e3-4099-84f5-89e7b880a197
2020-04-14 19:45:49 INFO  cn.com.alasky.controller.admin.AssDataController 42 getAssData - 获取社团信息: 8cff4bc2-07e3-4099-84f5-89e7b880a197
2020-04-14 19:46:12 INFO  cn.com.alasky.controller.admin.AdminController 41 getUserPosition - 查看控制台: 8cff4bc2-07e3-4099-84f5-89e7b880a197
2020-04-14 19:46:12 INFO  cn.com.alasky.controller.admin.AssDataController 42 getAssData - 获取社团信息: 8cff4bc2-07e3-4099-84f5-89e7b880a197
2020-04-14 19:47:29 INFO  cn.com.alasky.controller.admin.AdminController 41 getUserPosition - 查看控制台: 8cff4bc2-07e3-4099-84f5-89e7b880a197
2020-04-14 19:47:30 INFO  cn.com.alasky.controller.admin.AssDataController 42 getAssData - 获取社团信息: 8cff4bc2-07e3-4099-84f5-89e7b880a197
2020-04-14 19:52:56 INFO  cn.com.alasky.controller.admin.AdminController 41 getUserPosition - 查看控制台: 8cff4bc2-07e3-4099-84f5-89e7b880a197
2020-04-14 19:52:56 INFO  cn.com.alasky.controller.admin.AssDataController 42 getAssData - 获取社团信息: 8cff4bc2-07e3-4099-84f5-89e7b880a197
2020-04-14 20:02:24 INFO  cn.com.alasky.controller.admin.AdminController 41 getUserPosition - 查看控制台: 8cff4bc2-07e3-4099-84f5-89e7b880a197
2020-04-14 20:02:24 INFO  cn.com.alasky.controller.admin.UserDataController 49 getUserData - 查看用户信息: 8cff4bc2-07e3-4099-84f5-89e7b880a197
2020-04-14 20:02:29 INFO  cn.com.alasky.controller.admin.DepAdminController 47 getDepAdminAssInfo - 查看部门管理: 8cff4bc2-07e3-4099-84f5-89e7b880a197
2020-04-14 20:02:30 INFO  cn.com.alasky.controller.admin.AssDataController 42 getAssData - 获取社团信息: 8cff4bc2-07e3-4099-84f5-89e7b880a197
2020-04-14 20:09:01 INFO  cn.com.alasky.controller.admin.AssAdminController 43 getAssAdminAssInfo - 查看控制台社团管理: 8cff4bc2-07e3-4099-84f5-89e7b880a197
2020-04-14 20:09:11 INFO  cn.com.alasky.controller.admin.AssDataController 42 getAssData - 获取社团信息: 8cff4bc2-07e3-4099-84f5-89e7b880a197
2020-04-14 20:18:25 INFO  cn.com.alasky.controller.admin.AssAdminController 43 getAssAdminAssInfo - 查看控制台社团管理: 8cff4bc2-07e3-4099-84f5-89e7b880a197
2020-04-14 20:18:30 INFO  cn.com.alasky.controller.admin.DepAdminController 47 getDepAdminAssInfo - 查看部门管理: 8cff4bc2-07e3-4099-84f5-89e7b880a197
2020-04-14 20:18:31 INFO  cn.com.alasky.controller.admin.AssAdminController 43 getAssAdminAssInfo - 查看控制台社团管理: 8cff4bc2-07e3-4099-84f5-89e7b880a197
2020-04-14 20:18:36 INFO  cn.com.alasky.controller.admin.DepAdminController 47 getDepAdminAssInfo - 查看部门管理: 8cff4bc2-07e3-4099-84f5-89e7b880a197
2020-04-14 20:18:47 INFO  cn.com.alasky.controller.admin.DepAdminController 74 deleteStu - 删除部门人员(a54cc2c3-3671-4b2f-aeb3-fe620178fb60): 8cff4bc2-07e3-4099-84f5-89e7b880a197
2020-04-14 20:18:53 INFO  cn.com.alasky.controller.admin.AssAdminController 43 getAssAdminAssInfo - 查看控制台社团管理: 8cff4bc2-07e3-4099-84f5-89e7b880a197
2020-04-14 20:18:59 ERROR cn.com.alasky.controller.admin.AssAdminController 137 assAdminDepDelete - 删除部门失败: org.mybatis.spring.MyBatisSystemException: nested exception is org.apache.ibatis.exceptions.TooManyResultsException: Expected one result (or null) to be returned by selectOne(), but found: 2
2020-04-14 20:20:13 ERROR cn.com.alasky.controller.admin.AssAdminController 137 assAdminDepDelete - 删除部门失败: org.mybatis.spring.MyBatisSystemException: nested exception is org.apache.ibatis.exceptions.TooManyResultsException: Expected one result (or null) to be returned by selectOne(), but found: 2
2020-04-14 20:20:42 ERROR cn.com.alasky.controller.admin.AssAdminController 137 assAdminDepDelete - 删除部门失败: org.mybatis.spring.MyBatisSystemException: nested exception is org.apache.ibatis.exceptions.TooManyResultsException: Expected one result (or null) to be returned by selectOne(), but found: 2
2020-04-14 20:21:40 INFO  cn.com.alasky.controller.admin.AssAdminController 43 getAssAdminAssInfo - 查看控制台社团管理: 8cff4bc2-07e3-4099-84f5-89e7b880a197
2020-04-14 20:21:47 INFO  cn.com.alasky.controller.admin.AssAdminController 134 assAdminDepDelete - 删除社团(48283556-1af0-4604-a404-fce2989b8a8b)部门: 11122223333
2020-04-14 20:22:03 ERROR cn.com.alasky.controller.admin.AssAdminController 137 assAdminDepDelete - 删除部门失败: org.mybatis.spring.MyBatisSystemException: nested exception is org.apache.ibatis.exceptions.TooManyResultsException: Expected one result (or null) to be returned by selectOne(), but found: 2
2020-04-14 20:24:05 INFO  cn.com.alasky.controller.admin.AdminController 41 getUserPosition - 查看控制台: 8cff4bc2-07e3-4099-84f5-89e7b880a197
2020-04-14 20:24:05 INFO  cn.com.alasky.controller.admin.AssAdminController 43 getAssAdminAssInfo - 查看控制台社团管理: 8cff4bc2-07e3-4099-84f5-89e7b880a197
2020-04-14 20:24:12 ERROR cn.com.alasky.controller.admin.AssAdminController 137 assAdminDepDelete - 删除部门失败: org.mybatis.spring.MyBatisSystemException: nested exception is org.apache.ibatis.exceptions.TooManyResultsException: Expected one result (or null) to be returned by selectOne(), but found: 2
2020-04-14 20:24:54 INFO  cn.com.alasky.controller.admin.AdminController 41 getUserPosition - 查看控制台: 8cff4bc2-07e3-4099-84f5-89e7b880a197
2020-04-14 20:24:55 INFO  cn.com.alasky.controller.admin.UserDataController 49 getUserData - 查看用户信息: 8cff4bc2-07e3-4099-84f5-89e7b880a197
2020-04-14 20:24:59 INFO  cn.com.alasky.controller.admin.DepAdminController 47 getDepAdminAssInfo - 查看部门管理: 8cff4bc2-07e3-4099-84f5-89e7b880a197
2020-04-14 20:25:05 INFO  cn.com.alasky.controller.admin.AssAdminController 43 getAssAdminAssInfo - 查看控制台社团管理: 8cff4bc2-07e3-4099-84f5-89e7b880a197
2020-04-14 20:25:10 ERROR cn.com.alasky.controller.admin.AssAdminController 137 assAdminDepDelete - 删除部门失败: org.mybatis.spring.MyBatisSystemException: nested exception is org.apache.ibatis.exceptions.TooManyResultsException: Expected one result (or null) to be returned by selectOne(), but found: 2
2020-04-14 20:29:28 INFO  cn.com.alasky.controller.admin.AdminController 41 getUserPosition - 查看控制台: 8cff4bc2-07e3-4099-84f5-89e7b880a197
2020-04-14 20:29:28 INFO  cn.com.alasky.controller.admin.AssAdminController 43 getAssAdminAssInfo - 查看控制台社团管理: 8cff4bc2-07e3-4099-84f5-89e7b880a197
2020-04-14 20:29:35 INFO  cn.com.alasky.controller.admin.AssDataController 42 getAssData - 获取社团信息: 8cff4bc2-07e3-4099-84f5-89e7b880a197
2020-04-14 20:29:43 INFO  cn.com.alasky.controller.admin.AssAdminController 43 getAssAdminAssInfo - 查看控制台社团管理: 8cff4bc2-07e3-4099-84f5-89e7b880a197
2020-04-14 20:29:44 INFO  cn.com.alasky.controller.admin.AssDataController 42 getAssData - 获取社团信息: 8cff4bc2-07e3-4099-84f5-89e7b880a197
2020-04-14 20:52:52 INFO  cn.com.alasky.controller.admin.AssAdminController 43 getAssAdminAssInfo - 查看控制台社团管理: 8cff4bc2-07e3-4099-84f5-89e7b880a197
2020-04-14 20:52:55 INFO  cn.com.alasky.controller.admin.DepAdminController 47 getDepAdminAssInfo - 查看部门管理: 8cff4bc2-07e3-4099-84f5-89e7b880a197
2020-04-14 21:23:25 INFO  org.springframework.scheduling.concurrent.ExecutorConfigurationSupport 208 shutdown - Shutting down ExecutorService 'applicationTaskExecutor'
2020-04-14 21:23:25 INFO  com.alibaba.druid.support.logging.Log4j2Impl 106 info - {dataSource-1} closed
