2020-04-14 22:19:32 INFO  cn.com.alasky.StartApp 28 main - 启动应用
2020-04-14 22:19:33 INFO  org.springframework.boot.StartupInfoLogger 50 logStarting - Starting StartApp on Alasky with PID 18896 (F:\develop\association\target\classes started by Alasky in F:\develop\association)
2020-04-14 22:19:33 INFO  org.springframework.boot.SpringApplication 675 logStartupProfileInfo - No active profile set, falling back to default profiles: default
2020-04-14 22:19:34 INFO  org.springframework.data.repository.config.RepositoryConfigurationDelegate 244 multipleStoresDetected - Multiple Spring Data modules found, entering strict repository configuration mode!
2020-04-14 22:19:34 INFO  org.springframework.data.repository.config.RepositoryConfigurationDelegate 126 registerRepositoriesIn - Bootstrapping Spring Data repositories in DEFAULT mode.
2020-04-14 22:19:34 INFO  org.springframework.data.repository.config.RepositoryConfigurationDelegate 182 registerRepositoriesIn - Finished Spring Data repository scanning in 28ms. Found 0 repository interfaces.
2020-04-14 22:19:35 INFO  org.springframework.context.support.PostProcessorRegistrationDelegate$BeanPostProcessorChecker 330 postProcessAfterInitialization - Bean 'org.springframework.transaction.annotation.ProxyTransactionManagementConfiguration' of type [org.springframework.transaction.annotation.ProxyTransactionManagementConfiguration$$EnhancerBySpringCGLIB$$beb76fc2] is not eligible for getting processed by all BeanPostProcessors (for example: not eligible for auto-proxying)
2020-04-14 22:19:35 INFO  org.springframework.boot.web.embedded.tomcat.TomcatWebServer 90 initialize - Tomcat initialized with port(s): 8080 (http)
2020-04-14 22:19:35 INFO  org.apache.juli.logging.DirectJDKLog 173 log - Initializing ProtocolHandler ["http-nio-8080"]
2020-04-14 22:19:35 INFO  org.apache.juli.logging.DirectJDKLog 173 log - Starting service [Tomcat]
2020-04-14 22:19:35 INFO  org.apache.juli.logging.DirectJDKLog 173 log - Starting Servlet engine: [Apache Tomcat/9.0.16]
2020-04-14 22:19:35 INFO  org.apache.juli.logging.DirectJDKLog 173 log - The APR based Apache Tomcat Native library which allows optimal performance in production environments was not found on the java.library.path: [C:\Software\java\jdk1.8.0_211\bin;C:\Windows\Sun\Java\bin;C:\Windows\system32;C:\Windows;C:\Software\python\Scripts\;C:\Software\python\;C:\Windows\system32;C:\Windows;C:\Windows\System32\Wbem;C:\Windows\System32\WindowsPowerShell\v1.0\;C:\Windows\System32\OpenSSH\;C:\Software\java\jdk1.8.0_211\bin;C:\Software\java\jdk1.8.0_211\jre\bin;C:\Program Files\Intel\WiFi\bin\;C:\Program Files\Common Files\Intel\WirelessCommon\;D:\hadoop-2.7.7\bin;%CATALINA_HOME%\lib;%CATALINA_HOME%\bin;C:\Program Files (x86)\NVIDIA Corporation\PhysX\Common;C:\Program Files\NVIDIA Corporation\NVIDIA NvDLISR;C:\Software\Git\cmd;D:\mysql-8.0.18-winx64\bin;D:\pandoc\;C:\Program Files\nodejs\;C:\ProgramData\chocolatey\bin;C:\Software\python\python3.6\Scripts\;C:\Software\python\python3.6\;C:\Software\Scripts\;C:\Software\;C:\Users\Administrator\AppData\Local\Microsoft\WindowsApps;C:\Program Files\Intel\WiFi\bin\;C:\Program Files\Common Files\Intel\WirelessCommon\;D:\IntelliJ IDEA 2019.1.2\bin;D:\Microsoft VS Code\bin;D:\apache-maven-3.6.1\bin;C:\Software\python\Scripts;C:\Users\Administrator\AppData\Local\GitHubDesktop\bin;C:\Program Files\Bandizip\;C:\Users\Administrator\AppData\Roaming\npm;.]
2020-04-14 22:19:35 INFO  org.apache.juli.logging.DirectJDKLog 173 log - At least one JAR was scanned for TLDs yet contained no TLDs. Enable debug logging for this logger for a complete list of JARs that were scanned but no TLDs were found in them. Skipping unneeded JARs during scanning can improve startup time and JSP compilation time.
2020-04-14 22:19:35 INFO  org.apache.juli.logging.DirectJDKLog 173 log - Initializing Spring embedded WebApplicationContext
2020-04-14 22:19:35 INFO  org.springframework.boot.web.servlet.context.ServletWebServerApplicationContext 296 prepareWebApplicationContext - Root WebApplicationContext: initialization completed in 2549 ms
2020-04-14 22:19:36 INFO  io.lettuce.core.EpollProvider 68 <clinit> - Starting without optional epoll library
2020-04-14 22:19:36 INFO  io.lettuce.core.KqueueProvider 70 <clinit> - Starting without optional kqueue library
2020-04-14 22:19:38 INFO  org.springframework.scheduling.concurrent.ExecutorConfigurationSupport 171 initialize - Initializing ExecutorService 'applicationTaskExecutor'
2020-04-14 22:19:39 INFO  org.springframework.scheduling.annotation.ScheduledAnnotationBeanPostProcessor 295 finishRegistration - No TaskScheduler/ScheduledExecutorService bean found for scheduled processing
2020-04-14 22:19:39 INFO  org.apache.juli.logging.DirectJDKLog 173 log - Starting ProtocolHandler ["http-nio-8080"]
2020-04-14 22:19:39 INFO  org.springframework.boot.web.embedded.tomcat.TomcatWebServer 204 start - Tomcat started on port(s): 8080 (http) with context path ''
2020-04-14 22:19:39 INFO  org.springframework.boot.StartupInfoLogger 59 logStarted - Started StartApp in 6.885 seconds (JVM running for 9.31)
2020-04-14 22:19:52 INFO  org.apache.juli.logging.DirectJDKLog 173 log - Initializing Spring DispatcherServlet 'dispatcherServlet'
2020-04-14 22:19:52 INFO  org.springframework.web.servlet.FrameworkServlet 524 initServletBean - Initializing Servlet 'dispatcherServlet'
2020-04-14 22:19:52 INFO  org.springframework.web.servlet.FrameworkServlet 546 initServletBean - Completed initialization in 13 ms
2020-04-14 22:19:52 ERROR com.alibaba.druid.support.logging.Log4j2Impl 58 error - testWhileIdle is true, validationQuery not set
2020-04-14 22:19:52 INFO  com.alibaba.druid.support.logging.Log4j2Impl 106 info - {dataSource-1} inited
2020-04-14 22:20:10 INFO  cn.com.alasky.controller.admin.AdminController 41 getUserPosition - 查看控制台: 8cff4bc2-07e3-4099-84f5-89e7b880a197
2020-04-14 22:20:10 INFO  cn.com.alasky.controller.admin.AssAdminController 43 getAssAdminAssInfo - 查看控制台社团管理: 8cff4bc2-07e3-4099-84f5-89e7b880a197
2020-04-14 22:20:14 INFO  cn.com.alasky.controller.admin.AssDataController 42 getAssData - 获取社团信息: 8cff4bc2-07e3-4099-84f5-89e7b880a197
2020-04-14 22:20:15 INFO  cn.com.alasky.controller.admin.PersonalDataController 51 getPersonalData - 查看个人信息: 8cff4bc2-07e3-4099-84f5-89e7b880a197
2020-04-14 22:20:15 INFO  cn.com.alasky.controller.admin.UserDataController 49 getUserData - 查看用户信息: 8cff4bc2-07e3-4099-84f5-89e7b880a197
2020-04-14 22:20:16 INFO  cn.com.alasky.controller.admin.PersonalDataController 51 getPersonalData - 查看个人信息: 8cff4bc2-07e3-4099-84f5-89e7b880a197
2020-04-14 22:20:16 INFO  cn.com.alasky.controller.admin.AssDataController 42 getAssData - 获取社团信息: 8cff4bc2-07e3-4099-84f5-89e7b880a197
2020-04-14 22:21:46 INFO  cn.com.alasky.controller.admin.PersonalDataController 51 getPersonalData - 查看个人信息: 8cff4bc2-07e3-4099-84f5-89e7b880a197
2020-04-14 22:21:48 INFO  cn.com.alasky.controller.admin.UserDataController 49 getUserData - 查看用户信息: 8cff4bc2-07e3-4099-84f5-89e7b880a197
2020-04-14 22:21:50 INFO  cn.com.alasky.controller.admin.PersonalDataController 51 getPersonalData - 查看个人信息: 8cff4bc2-07e3-4099-84f5-89e7b880a197
2020-04-14 22:21:53 INFO  cn.com.alasky.controller.admin.AssDataController 42 getAssData - 获取社团信息: 8cff4bc2-07e3-4099-84f5-89e7b880a197
2020-04-14 22:23:11 INFO  cn.com.alasky.controller.admin.AssDataController 68 createNewAss - 创建新的社团: 8cff4bc2-07e3-4099-84f5-89e7b880a197
2020-04-14 22:23:14 INFO  cn.com.alasky.controller.admin.AdminController 41 getUserPosition - 查看控制台: 8cff4bc2-07e3-4099-84f5-89e7b880a197
2020-04-14 22:23:14 INFO  cn.com.alasky.controller.admin.UserDataController 49 getUserData - 查看用户信息: 8cff4bc2-07e3-4099-84f5-89e7b880a197
2020-04-14 22:23:23 INFO  cn.com.alasky.controller.admin.AssAdminController 43 getAssAdminAssInfo - 查看控制台社团管理: 8cff4bc2-07e3-4099-84f5-89e7b880a197
2020-04-14 22:23:33 INFO  cn.com.alasky.controller.admin.AdminController 41 getUserPosition - 查看控制台: 8cff4bc2-07e3-4099-84f5-89e7b880a197
2020-04-14 22:23:34 INFO  cn.com.alasky.controller.admin.AssAdminController 43 getAssAdminAssInfo - 查看控制台社团管理: 8cff4bc2-07e3-4099-84f5-89e7b880a197
2020-04-14 22:24:34 INFO  cn.com.alasky.controller.admin.UserDataController 49 getUserData - 查看用户信息: 8cff4bc2-07e3-4099-84f5-89e7b880a197
2020-04-14 22:24:34 INFO  cn.com.alasky.controller.admin.PersonalDataController 51 getPersonalData - 查看个人信息: 8cff4bc2-07e3-4099-84f5-89e7b880a197
2020-04-14 22:24:37 INFO  cn.com.alasky.controller.admin.UserDataController 49 getUserData - 查看用户信息: 8cff4bc2-07e3-4099-84f5-89e7b880a197
2020-04-14 22:25:02 INFO  cn.com.alasky.controller.admin.PersonalDataController 51 getPersonalData - 查看个人信息: 8cff4bc2-07e3-4099-84f5-89e7b880a197
2020-04-14 22:25:04 INFO  cn.com.alasky.controller.admin.UserDataController 49 getUserData - 查看用户信息: 8cff4bc2-07e3-4099-84f5-89e7b880a197
2020-04-14 22:25:56 INFO  cn.com.alasky.controller.admin.AssDataController 42 getAssData - 获取社团信息: 8cff4bc2-07e3-4099-84f5-89e7b880a197
2020-04-14 22:25:59 INFO  cn.com.alasky.controller.LoginController 100 logout - 11122223333 退出登录
2020-04-14 22:26:00 ERROR cn.com.alasky.controller.admin.AdminController 45 getUserPosition - 获取用户职位出错: java.lang.NullPointerException
2020-04-14 22:26:08 INFO  cn.com.alasky.controller.LoginController 56 getLoginInfo - 新的登录(127.0.0.1): 22233334444
2020-04-14 22:26:09 INFO  cn.com.alasky.controller.admin.UserDataController 49 getUserData - 查看用户信息: 639c1f8c-9ec9-42ef-b413-b76711ce57f8
2020-04-14 22:26:09 INFO  cn.com.alasky.controller.admin.AdminController 41 getUserPosition - 查看控制台: 639c1f8c-9ec9-42ef-b413-b76711ce57f8
2020-04-14 22:26:12 INFO  cn.com.alasky.controller.admin.AssAdminController 43 getAssAdminAssInfo - 查看控制台社团管理: 639c1f8c-9ec9-42ef-b413-b76711ce57f8
2020-04-14 22:26:17 INFO  cn.com.alasky.controller.LoginController 100 logout - 22233334444 退出登录
2020-04-14 22:26:17 ERROR cn.com.alasky.controller.admin.AdminController 45 getUserPosition - 获取用户职位出错: java.lang.NullPointerException
2020-04-14 22:26:24 INFO  cn.com.alasky.controller.LoginController 56 getLoginInfo - 新的登录(127.0.0.1): 33344445555
2020-04-14 22:26:26 INFO  cn.com.alasky.controller.admin.AdminController 41 getUserPosition - 查看控制台: 09c97296-2e5e-4f7f-863d-8f87ef31dec1
2020-04-14 22:26:26 INFO  cn.com.alasky.controller.admin.UserDataController 49 getUserData - 查看用户信息: 09c97296-2e5e-4f7f-863d-8f87ef31dec1
2020-04-14 22:26:28 INFO  cn.com.alasky.controller.admin.AssAdminController 43 getAssAdminAssInfo - 查看控制台社团管理: 09c97296-2e5e-4f7f-863d-8f87ef31dec1
2020-04-14 22:26:33 INFO  cn.com.alasky.controller.admin.AssDataController 42 getAssData - 获取社团信息: 09c97296-2e5e-4f7f-863d-8f87ef31dec1
2020-04-14 22:26:35 INFO  cn.com.alasky.controller.admin.UserDataController 49 getUserData - 查看用户信息: 09c97296-2e5e-4f7f-863d-8f87ef31dec1
2020-04-14 22:26:42 INFO  cn.com.alasky.controller.admin.DepAdminController 47 getDepAdminAssInfo - 查看部门管理: 09c97296-2e5e-4f7f-863d-8f87ef31dec1
2020-04-14 22:26:56 INFO  cn.com.alasky.controller.admin.UserDataController 49 getUserData - 查看用户信息: 09c97296-2e5e-4f7f-863d-8f87ef31dec1
2020-04-14 22:26:58 INFO  cn.com.alasky.controller.admin.PersonalDataController 51 getPersonalData - 查看个人信息: 09c97296-2e5e-4f7f-863d-8f87ef31dec1
2020-04-14 22:27:09 INFO  cn.com.alasky.controller.admin.PersonalDataController 51 getPersonalData - 查看个人信息: 09c97296-2e5e-4f7f-863d-8f87ef31dec1
2020-04-14 22:27:52 INFO  cn.com.alasky.controller.admin.ActSignUpAdminController 44 getActSignUpAdminActNames - 控制台获取活动名称: 09c97296-2e5e-4f7f-863d-8f87ef31dec1
2020-04-14 22:27:55 INFO  cn.com.alasky.controller.admin.ActSignUpAdminController 44 getActSignUpAdminActNames - 控制台获取活动名称: 09c97296-2e5e-4f7f-863d-8f87ef31dec1
2020-04-14 22:28:01 INFO  cn.com.alasky.controller.admin.AssSignUpAdminController 50 getAssSignUpAdminAssName - 查询社团报名信息
2020-04-14 22:28:04 INFO  cn.com.alasky.controller.admin.AssSignUpAdminController 70 getAssSignUpAdminSignUpInfos - 查看社团的报名信息列表(e47154dd-bcd6-448e-a5fd-16f9d9f620ff)
2020-04-14 22:28:06 INFO  cn.com.alasky.controller.admin.ActSignUpAdminController 44 getActSignUpAdminActNames - 控制台获取活动名称: 09c97296-2e5e-4f7f-863d-8f87ef31dec1
2020-04-14 22:31:07 INFO  cn.com.alasky.controller.activities.NewActController 62 newActInfoSave - 新的社团活动: 新生科技大赛
2020-04-14 22:31:20 INFO  cn.com.alasky.controller.activities.GetActInfoController 135 getActDetail - 查看活动详细信息: IP: 127.0.0.1 设备信息: [ Windows NT 10.0; Win64; x64 ]
2020-04-14 22:31:48 INFO  cn.com.alasky.controller.activities.ActSignUpController 45 getActSignUpInfo - 添加新的活动报名信息: 63
2020-04-14 22:31:50 INFO  cn.com.alasky.controller.activities.GetActInfoController 135 getActDetail - 查看活动详细信息: IP: 127.0.0.1 设备信息: [ Windows NT 10.0; Win64; x64 ]
2020-04-14 22:41:11 INFO  cn.com.alasky.controller.activities.GetActInfoController 135 getActDetail - 查看活动详细信息: IP: 127.0.0.1 设备信息: [ Windows NT 10.0; Win64; x64 ]
2020-04-14 22:41:19 INFO  cn.com.alasky.controller.activities.GetActInfoController 135 getActDetail - 查看活动详细信息: IP: 127.0.0.1 设备信息: [ Windows NT 10.0; Win64; x64 ]
2020-04-14 22:41:28 INFO  cn.com.alasky.controller.activities.ActSignUpController 45 getActSignUpInfo - 添加新的活动报名信息: 63
2020-04-14 22:41:32 INFO  cn.com.alasky.controller.activities.GetActInfoController 135 getActDetail - 查看活动详细信息: IP: 127.0.0.1 设备信息: [ Windows NT 10.0; Win64; x64 ]
2020-04-14 22:41:49 INFO  cn.com.alasky.controller.activities.ActSignUpController 45 getActSignUpInfo - 添加新的活动报名信息: 63
2020-04-14 22:41:52 INFO  cn.com.alasky.controller.activities.GetActInfoController 135 getActDetail - 查看活动详细信息: IP: 127.0.0.1 设备信息: [ Windows NT 10.0; Win64; x64 ]
2020-04-14 22:42:27 INFO  cn.com.alasky.controller.activities.ActSignUpController 45 getActSignUpInfo - 添加新的活动报名信息: 63
2020-04-14 22:42:31 INFO  cn.com.alasky.controller.activities.GetActInfoController 135 getActDetail - 查看活动详细信息: IP: 127.0.0.1 设备信息: [ Windows NT 10.0; Win64; x64 ]
2020-04-14 22:44:01 ERROR org.springframework.scheduling.support.TaskUtils$LoggingErrorHandler 96 handleError - Unexpected error occurred in scheduled task. org.springframework.dao.QueryTimeoutException: Redis command timed out; nested exception is io.lettuce.core.RedisCommandTimeoutException: Command timed out after 1 second(s)
	at org.springframework.data.redis.connection.lettuce.LettuceExceptionConverter.convert(LettuceExceptionConverter.java:70) ~[spring-data-redis-2.1.5.RELEASE.jar:2.1.5.RELEASE]
	at org.springframework.data.redis.connection.lettuce.LettuceExceptionConverter.convert(LettuceExceptionConverter.java:41) ~[spring-data-redis-2.1.5.RELEASE.jar:2.1.5.RELEASE]
	at org.springframework.data.redis.PassThroughExceptionTranslationStrategy.translate(PassThroughExceptionTranslationStrategy.java:44) ~[spring-data-redis-2.1.5.RELEASE.jar:2.1.5.RELEASE]
	at org.springframework.data.redis.FallbackExceptionTranslationStrategy.translate(FallbackExceptionTranslationStrategy.java:42) ~[spring-data-redis-2.1.5.RELEASE.jar:2.1.5.RELEASE]
	at org.springframework.data.redis.connection.lettuce.LettuceConnection.convertLettuceAccessException(LettuceConnection.java:268) ~[spring-data-redis-2.1.5.RELEASE.jar:2.1.5.RELEASE]
	at org.springframework.data.redis.connection.lettuce.LettuceKeyCommands.convertLettuceAccessException(LettuceKeyCommands.java:817) ~[spring-data-redis-2.1.5.RELEASE.jar:2.1.5.RELEASE]
	at org.springframework.data.redis.connection.lettuce.LettuceKeyCommands.del(LettuceKeyCommands.java:131) ~[spring-data-redis-2.1.5.RELEASE.jar:2.1.5.RELEASE]
	at org.springframework.data.redis.connection.DefaultedRedisConnection.del(DefaultedRedisConnection.java:69) ~[spring-data-redis-2.1.5.RELEASE.jar:2.1.5.RELEASE]
	at org.springframework.data.redis.core.RedisTemplate.lambda$delete$2(RedisTemplate.java:709) ~[spring-data-redis-2.1.5.RELEASE.jar:2.1.5.RELEASE]
	at org.springframework.data.redis.core.RedisTemplate.execute(RedisTemplate.java:224) ~[spring-data-redis-2.1.5.RELEASE.jar:2.1.5.RELEASE]
	at org.springframework.data.redis.core.RedisTemplate.execute(RedisTemplate.java:184) ~[spring-data-redis-2.1.5.RELEASE.jar:2.1.5.RELEASE]
	at org.springframework.data.redis.core.RedisTemplate.delete(RedisTemplate.java:709) ~[spring-data-redis-2.1.5.RELEASE.jar:2.1.5.RELEASE]
	at org.springframework.session.data.redis.RedisSessionExpirationPolicy.cleanExpiredSessions(RedisSessionExpirationPolicy.java:133) ~[spring-session-data-redis-2.1.4.RELEASE.jar:2.1.4.RELEASE]
	at org.springframework.session.data.redis.RedisOperationsSessionRepository.cleanupExpiredSessions(RedisOperationsSessionRepository.java:430) ~[spring-session-data-redis-2.1.4.RELEASE.jar:2.1.4.RELEASE]
	at org.springframework.session.data.redis.config.annotation.web.http.RedisHttpSessionConfiguration.lambda$configureTasks$0(RedisHttpSessionConfiguration.java:248) ~[spring-session-data-redis-2.1.4.RELEASE.jar:2.1.4.RELEASE]
	at org.springframework.scheduling.support.DelegatingErrorHandlingRunnable.run(DelegatingErrorHandlingRunnable.java:54) [spring-context-5.1.5.RELEASE.jar:5.1.5.RELEASE]
	at org.springframework.scheduling.concurrent.ReschedulingRunnable.run(ReschedulingRunnable.java:93) [spring-context-5.1.5.RELEASE.jar:5.1.5.RELEASE]
	at java.util.concurrent.Executors$RunnableAdapter.call(Executors.java:511) [?:1.8.0_211]
	at java.util.concurrent.FutureTask.run$$$capture(FutureTask.java:266) [?:1.8.0_211]
	at java.util.concurrent.FutureTask.run(FutureTask.java) [?:1.8.0_211]
	at java.util.concurrent.ScheduledThreadPoolExecutor$ScheduledFutureTask.access$201(ScheduledThreadPoolExecutor.java:180) [?:1.8.0_211]
	at java.util.concurrent.ScheduledThreadPoolExecutor$ScheduledFutureTask.run(ScheduledThreadPoolExecutor.java:293) [?:1.8.0_211]
	at java.util.concurrent.ThreadPoolExecutor.runWorker(ThreadPoolExecutor.java:1149) [?:1.8.0_211]
	at java.util.concurrent.ThreadPoolExecutor$Worker.run(ThreadPoolExecutor.java:624) [?:1.8.0_211]
	at java.lang.Thread.run(Thread.java:748) [?:1.8.0_211]
Caused by: io.lettuce.core.RedisCommandTimeoutException: Command timed out after 1 second(s)
	at io.lettuce.core.ExceptionFactory.createTimeoutException(ExceptionFactory.java:51) ~[lettuce-core-5.1.4.RELEASE.jar:?]
	at io.lettuce.core.LettuceFutures.awaitOrCancel(LettuceFutures.java:114) ~[lettuce-core-5.1.4.RELEASE.jar:?]
	at io.lettuce.core.FutureSyncInvocationHandler.handleInvocation(FutureSyncInvocationHandler.java:69) ~[lettuce-core-5.1.4.RELEASE.jar:?]
	at io.lettuce.core.internal.AbstractInvocationHandler.invoke(AbstractInvocationHandler.java:80) ~[lettuce-core-5.1.4.RELEASE.jar:?]
	at com.sun.proxy.$Proxy105.del(Unknown Source) ~[?:?]
	at org.springframework.data.redis.connection.lettuce.LettuceKeyCommands.del(LettuceKeyCommands.java:129) ~[spring-data-redis-2.1.5.RELEASE.jar:2.1.5.RELEASE]
	... 18 more

2020-04-14 22:45:58 INFO  org.springframework.scheduling.concurrent.ExecutorConfigurationSupport 208 shutdown - Shutting down ExecutorService 'applicationTaskExecutor'
2020-04-14 22:45:58 INFO  com.alibaba.druid.support.logging.Log4j2Impl 106 info - {dataSource-1} closed
