2020-02-21 22:52:53 INFO  cn.com.alasky.StartApp 26 main - 启动应用
2020-02-21 22:52:53 INFO  org.springframework.boot.StartupInfoLogger 50 logStarting - Starting StartApp on Alasky with PID 20048 (F:\develop\association\target\classes started by Alasky in F:\develop\association)
2020-02-21 22:52:53 INFO  org.springframework.boot.SpringApplication 675 logStartupProfileInfo - No active profile set, falling back to default profiles: default
2020-02-21 22:52:54 INFO  org.springframework.data.repository.config.RepositoryConfigurationDelegate 244 multipleStoresDetected - Multiple Spring Data modules found, entering strict repository configuration mode!
2020-02-21 22:52:54 INFO  org.springframework.data.repository.config.RepositoryConfigurationDelegate 126 registerRepositoriesIn - Bootstrapping Spring Data repositories in DEFAULT mode.
2020-02-21 22:52:54 INFO  org.springframework.data.repository.config.RepositoryConfigurationDelegate 182 registerRepositoriesIn - Finished Spring Data repository scanning in 22ms. Found 0 repository interfaces.
2020-02-21 22:52:55 INFO  org.springframework.context.support.PostProcessorRegistrationDelegate$BeanPostProcessorChecker 330 postProcessAfterInitialization - Bean 'org.springframework.transaction.annotation.ProxyTransactionManagementConfiguration' of type [org.springframework.transaction.annotation.ProxyTransactionManagementConfiguration$$EnhancerBySpringCGLIB$$319d7548] is not eligible for getting processed by all BeanPostProcessors (for example: not eligible for auto-proxying)
2020-02-21 22:52:55 INFO  org.springframework.boot.web.embedded.tomcat.TomcatWebServer 90 initialize - Tomcat initialized with port(s): 8080 (http)
2020-02-21 22:52:55 INFO  org.apache.juli.logging.DirectJDKLog 173 log - Initializing ProtocolHandler ["http-nio-8080"]
2020-02-21 22:52:55 INFO  org.apache.juli.logging.DirectJDKLog 173 log - Starting service [Tomcat]
2020-02-21 22:52:55 INFO  org.apache.juli.logging.DirectJDKLog 173 log - Starting Servlet engine: [Apache Tomcat/9.0.16]
2020-02-21 22:52:55 INFO  org.apache.juli.logging.DirectJDKLog 173 log - The APR based Apache Tomcat Native library which allows optimal performance in production environments was not found on the java.library.path: [C:\Software\java\jdk1.8.0_211\bin;C:\Windows\Sun\Java\bin;C:\Windows\system32;C:\Windows;C:\Software\python\Scripts\;C:\Software\python\;C:\Windows\system32;C:\Windows;C:\Windows\System32\Wbem;C:\Windows\System32\WindowsPowerShell\v1.0\;C:\Windows\System32\OpenSSH\;C:\Software\java\jdk1.8.0_211\bin;C:\Software\java\jdk1.8.0_211\jre\bin;C:\Program Files\Intel\WiFi\bin\;C:\Program Files\Common Files\Intel\WirelessCommon\;D:\hadoop-2.7.1\bin;%CATALINA_HOME%\lib;%CATALINA_HOME%\bin;C:\Program Files (x86)\NVIDIA Corporation\PhysX\Common;C:\Program Files\NVIDIA Corporation\NVIDIA NvDLISR;C:\Software\Git\cmd;D:\mysql-8.0.18-winx64\bin;D:\pandoc\;C:\Software\python\python3.6\Scripts\;C:\Software\python\python3.6\;C:\Software\Scripts\;C:\Software\;C:\Users\Administrator\AppData\Local\Microsoft\WindowsApps;C:\Program Files\Intel\WiFi\bin\;C:\Program Files\Common Files\Intel\WirelessCommon\;D:\IntelliJ IDEA 2019.1.2\bin;D:\Microsoft VS Code\bin;D:\apache-maven-3.6.1\bin;C:\Software\python\Scripts;C:\Users\Administrator\AppData\Local\GitHubDesktop\bin;.]
2020-02-21 22:52:55 INFO  org.apache.juli.logging.DirectJDKLog 173 log - At least one JAR was scanned for TLDs yet contained no TLDs. Enable debug logging for this logger for a complete list of JARs that were scanned but no TLDs were found in them. Skipping unneeded JARs during scanning can improve startup time and JSP compilation time.
2020-02-21 22:52:55 INFO  org.apache.juli.logging.DirectJDKLog 173 log - Initializing Spring embedded WebApplicationContext
2020-02-21 22:52:55 INFO  org.springframework.boot.web.servlet.context.ServletWebServerApplicationContext 296 prepareWebApplicationContext - Root WebApplicationContext: initialization completed in 2195 ms
2020-02-21 22:52:56 INFO  io.lettuce.core.EpollProvider 68 <clinit> - Starting without optional epoll library
2020-02-21 22:52:56 INFO  io.lettuce.core.KqueueProvider 70 <clinit> - Starting without optional kqueue library
2020-02-21 22:52:58 INFO  org.springframework.scheduling.concurrent.ExecutorConfigurationSupport 171 initialize - Initializing ExecutorService 'applicationTaskExecutor'
2020-02-21 22:52:59 INFO  org.springframework.scheduling.annotation.ScheduledAnnotationBeanPostProcessor 295 finishRegistration - No TaskScheduler/ScheduledExecutorService bean found for scheduled processing
2020-02-21 22:52:59 INFO  org.apache.juli.logging.DirectJDKLog 173 log - Starting ProtocolHandler ["http-nio-8080"]
2020-02-21 22:52:59 INFO  org.springframework.boot.web.embedded.tomcat.TomcatWebServer 204 start - Tomcat started on port(s): 8080 (http) with context path ''
2020-02-21 22:52:59 INFO  org.springframework.boot.StartupInfoLogger 59 logStarted - Started StartApp in 5.945 seconds (JVM running for 8.001)
2020-02-21 22:53:14 INFO  org.apache.juli.logging.DirectJDKLog 173 log - Initializing Spring DispatcherServlet 'dispatcherServlet'
2020-02-21 22:53:14 INFO  org.springframework.web.servlet.FrameworkServlet 524 initServletBean - Initializing Servlet 'dispatcherServlet'
2020-02-21 22:53:14 INFO  org.springframework.web.servlet.FrameworkServlet 546 initServletBean - Completed initialization in 8 ms
2020-02-21 22:53:14 INFO  cn.com.alasky.controller.admin.UserDataController 36 getUserData - 查看用户信息: IP: 127.0.0.1 设备信息: [ Windows NT 10.0; Win64; x64 ]
2020-02-21 22:53:14 INFO  cn.com.alasky.controller.LoginController 57 checkLogin - IP: 127.0.0.1 设备信息: [ Windows NT 10.0; Win64; x64 ]
2020-02-21 22:54:17 INFO  com.zaxxer.hikari.HikariDataSource 110 getConnection - HikariPool-1 - Starting...
2020-02-21 22:54:18 INFO  com.zaxxer.hikari.HikariDataSource 123 getConnection - HikariPool-1 - Start completed.
2020-02-21 22:54:18 INFO  cn.com.alasky.controller.LoginController 44 getLoginInfo - 新的登录(127.0.0.1): 11122223333
2020-02-21 22:54:19 INFO  cn.com.alasky.controller.LoginController 57 checkLogin - IP: 127.0.0.1 设备信息: [ Windows NT 10.0; Win64; x64 ]
2020-02-21 22:54:19 INFO  cn.com.alasky.controller.admin.UserDataController 36 getUserData - 查看用户信息: IP: 127.0.0.1 设备信息: [ Windows NT 10.0; Win64; x64 ]
2020-02-21 22:54:21 INFO  cn.com.alasky.controller.admin.PersonalDataController 48 getPersonalData - 查看个人信息: IP: 127.0.0.1 设备信息: [ Windows NT 10.0; Win64; x64 ]
2020-02-21 22:55:15 INFO  cn.com.alasky.controller.admin.PersonalDataController 48 getPersonalData - 查看个人信息: IP: 127.0.0.1 设备信息: [ Windows NT 10.0; Win64; x64 ]
2020-02-21 22:55:45 WARN  com.zaxxer.hikari.pool.HikariPool$HouseKeeper 766 run - HikariPool-1 - Thread starvation or clock leap detected (housekeeper delta=57s264ms66µs500ns).
2020-02-21 23:00:19 INFO  cn.com.alasky.controller.LoginController 83 logout - 11122223333 退出登录
2020-02-21 23:00:19 INFO  cn.com.alasky.controller.LoginController 57 checkLogin - IP: 127.0.0.1 设备信息: [ Windows NT 10.0; Win64; x64 ]
2020-02-21 23:00:19 INFO  cn.com.alasky.controller.admin.UserDataController 36 getUserData - 查看用户信息: IP: 127.0.0.1 设备信息: [ Windows NT 10.0; Win64; x64 ]
2020-02-21 23:00:40 INFO  cn.com.alasky.controller.RegisterController 37 getRegisterInfo - 新的注册: 22233334444 22233334444
2020-02-21 23:00:40 INFO  cn.com.alasky.service.RegisterService 60 addUser - 注册手机号重复
2020-02-21 23:00:40 ERROR cn.com.alasky.service.RegisterService 61 addUser - org.springframework.dao.DuplicateKeyException: 
### Error updating database.  Cause: java.sql.SQLIntegrityConstraintViolationException: Duplicate entry '22233334444' for key 'PRIMARY'
### The error may exist in cn/com/alasky/mapper/RegisterMapper.java (best guess)
### The error may involve cn.com.alasky.mapper.master.RegisterMapper.insertNewUser-Inline
### The error occurred while setting parameters
### SQL: insert into user(user_name,password,phone_number,email,qq,wechat,stu_uuid) values(?,?,?,?,?,?,?)
### Cause: java.sql.SQLIntegrityConstraintViolationException: Duplicate entry '22233334444' for key 'PRIMARY'
; Duplicate entry '22233334444' for key 'PRIMARY'; nested exception is java.sql.SQLIntegrityConstraintViolationException: Duplicate entry '22233334444' for key 'PRIMARY'
2020-02-21 23:00:48 INFO  cn.com.alasky.controller.RegisterController 37 getRegisterInfo - 新的注册: 33344445555 33344445555
2020-02-21 23:00:48 INFO  cn.com.alasky.service.RegisterService 60 addUser - 注册手机号重复
2020-02-21 23:00:48 ERROR cn.com.alasky.service.RegisterService 61 addUser - org.springframework.dao.DuplicateKeyException: 
### Error updating database.  Cause: java.sql.SQLIntegrityConstraintViolationException: Duplicate entry '33344445555' for key 'PRIMARY'
### The error may exist in cn/com/alasky/mapper/RegisterMapper.java (best guess)
### The error may involve cn.com.alasky.mapper.master.RegisterMapper.insertNewUser-Inline
### The error occurred while setting parameters
### SQL: insert into user(user_name,password,phone_number,email,qq,wechat,stu_uuid) values(?,?,?,?,?,?,?)
### Cause: java.sql.SQLIntegrityConstraintViolationException: Duplicate entry '33344445555' for key 'PRIMARY'
; Duplicate entry '33344445555' for key 'PRIMARY'; nested exception is java.sql.SQLIntegrityConstraintViolationException: Duplicate entry '33344445555' for key 'PRIMARY'
2020-02-21 23:00:50 INFO  cn.com.alasky.controller.RegisterController 37 getRegisterInfo - 新的注册: 33344445555 33344445555
2020-02-21 23:00:50 INFO  cn.com.alasky.service.RegisterService 60 addUser - 注册手机号重复
2020-02-21 23:00:50 ERROR cn.com.alasky.service.RegisterService 61 addUser - org.springframework.dao.DuplicateKeyException: 
### Error updating database.  Cause: java.sql.SQLIntegrityConstraintViolationException: Duplicate entry '33344445555' for key 'PRIMARY'
### The error may exist in cn/com/alasky/mapper/RegisterMapper.java (best guess)
### The error may involve cn.com.alasky.mapper.master.RegisterMapper.insertNewUser-Inline
### The error occurred while setting parameters
### SQL: insert into user(user_name,password,phone_number,email,qq,wechat,stu_uuid) values(?,?,?,?,?,?,?)
### Cause: java.sql.SQLIntegrityConstraintViolationException: Duplicate entry '33344445555' for key 'PRIMARY'
; Duplicate entry '33344445555' for key 'PRIMARY'; nested exception is java.sql.SQLIntegrityConstraintViolationException: Duplicate entry '33344445555' for key 'PRIMARY'
2020-02-21 23:00:52 INFO  cn.com.alasky.controller.RegisterController 37 getRegisterInfo - 新的注册: 33344445555 33344445555
2020-02-21 23:00:52 INFO  cn.com.alasky.service.RegisterService 60 addUser - 注册手机号重复
2020-02-21 23:00:52 ERROR cn.com.alasky.service.RegisterService 61 addUser - org.springframework.dao.DuplicateKeyException: 
### Error updating database.  Cause: java.sql.SQLIntegrityConstraintViolationException: Duplicate entry '33344445555' for key 'PRIMARY'
### The error may exist in cn/com/alasky/mapper/RegisterMapper.java (best guess)
### The error may involve cn.com.alasky.mapper.master.RegisterMapper.insertNewUser-Inline
### The error occurred while setting parameters
### SQL: insert into user(user_name,password,phone_number,email,qq,wechat,stu_uuid) values(?,?,?,?,?,?,?)
### Cause: java.sql.SQLIntegrityConstraintViolationException: Duplicate entry '33344445555' for key 'PRIMARY'
; Duplicate entry '33344445555' for key 'PRIMARY'; nested exception is java.sql.SQLIntegrityConstraintViolationException: Duplicate entry '33344445555' for key 'PRIMARY'
2020-02-21 23:01:05 INFO  cn.com.alasky.controller.RegisterController 37 getRegisterInfo - 新的注册: 55566667777 55566667777
2020-02-21 23:01:13 INFO  cn.com.alasky.controller.LoginController 44 getLoginInfo - 新的登录(127.0.0.1): 55566667777
2020-02-21 23:01:14 INFO  cn.com.alasky.controller.admin.UserDataController 36 getUserData - 查看用户信息: IP: 127.0.0.1 设备信息: [ Windows NT 10.0; Win64; x64 ]
2020-02-21 23:01:14 INFO  cn.com.alasky.controller.LoginController 57 checkLogin - IP: 127.0.0.1 设备信息: [ Windows NT 10.0; Win64; x64 ]
2020-02-21 23:01:16 INFO  cn.com.alasky.controller.admin.PersonalDataController 48 getPersonalData - 查看个人信息: IP: 127.0.0.1 设备信息: [ Windows NT 10.0; Win64; x64 ]
2020-02-21 23:04:02 WARN  com.zaxxer.hikari.pool.HikariPool$HouseKeeper 766 run - HikariPool-1 - Thread starvation or clock leap detected (housekeeper delta=46s995ms312µs400ns).
2020-02-21 23:05:17 WARN  com.zaxxer.hikari.pool.HikariPool$HouseKeeper 766 run - HikariPool-1 - Thread starvation or clock leap detected (housekeeper delta=1m15s115ms803µs800ns).
2020-02-21 23:05:26 ERROR org.springframework.scheduling.support.TaskUtils$LoggingErrorHandler 96 handleError - Unexpected error occurred in scheduled task. org.springframework.dao.QueryTimeoutException: Redis command timed out; nested exception is io.lettuce.core.RedisCommandTimeoutException: Command timed out after 200 millisecond(s)
	at org.springframework.data.redis.connection.lettuce.LettuceExceptionConverter.convert(LettuceExceptionConverter.java:70) ~[spring-data-redis-2.1.5.RELEASE.jar:2.1.5.RELEASE]
	at org.springframework.data.redis.connection.lettuce.LettuceExceptionConverter.convert(LettuceExceptionConverter.java:41) ~[spring-data-redis-2.1.5.RELEASE.jar:2.1.5.RELEASE]
	at org.springframework.data.redis.PassThroughExceptionTranslationStrategy.translate(PassThroughExceptionTranslationStrategy.java:44) ~[spring-data-redis-2.1.5.RELEASE.jar:2.1.5.RELEASE]
	at org.springframework.data.redis.FallbackExceptionTranslationStrategy.translate(FallbackExceptionTranslationStrategy.java:42) ~[spring-data-redis-2.1.5.RELEASE.jar:2.1.5.RELEASE]
	at org.springframework.data.redis.connection.lettuce.LettuceConnection.convertLettuceAccessException(LettuceConnection.java:268) ~[spring-data-redis-2.1.5.RELEASE.jar:2.1.5.RELEASE]
	at org.springframework.data.redis.connection.lettuce.LettuceSetCommands.convertLettuceAccessException(LettuceSetCommands.java:520) ~[spring-data-redis-2.1.5.RELEASE.jar:2.1.5.RELEASE]
	at org.springframework.data.redis.connection.lettuce.LettuceSetCommands.sMembers(LettuceSetCommands.java:245) ~[spring-data-redis-2.1.5.RELEASE.jar:2.1.5.RELEASE]
	at org.springframework.data.redis.connection.DefaultedRedisConnection.sMembers(DefaultedRedisConnection.java:607) ~[spring-data-redis-2.1.5.RELEASE.jar:2.1.5.RELEASE]
	at org.springframework.data.redis.core.DefaultSetOperations.lambda$members$6(DefaultSetOperations.java:158) ~[spring-data-redis-2.1.5.RELEASE.jar:2.1.5.RELEASE]
	at org.springframework.data.redis.core.RedisTemplate.execute(RedisTemplate.java:224) ~[spring-data-redis-2.1.5.RELEASE.jar:2.1.5.RELEASE]
	at org.springframework.data.redis.core.RedisTemplate.execute(RedisTemplate.java:184) ~[spring-data-redis-2.1.5.RELEASE.jar:2.1.5.RELEASE]
	at org.springframework.data.redis.core.AbstractOperations.execute(AbstractOperations.java:95) ~[spring-data-redis-2.1.5.RELEASE.jar:2.1.5.RELEASE]
	at org.springframework.data.redis.core.DefaultSetOperations.members(DefaultSetOperations.java:158) ~[spring-data-redis-2.1.5.RELEASE.jar:2.1.5.RELEASE]
	at org.springframework.data.redis.core.DefaultBoundSetOperations.members(DefaultBoundSetOperations.java:152) ~[spring-data-redis-2.1.5.RELEASE.jar:2.1.5.RELEASE]
	at org.springframework.session.data.redis.RedisSessionExpirationPolicy.cleanExpiredSessions(RedisSessionExpirationPolicy.java:132) ~[spring-session-data-redis-2.1.4.RELEASE.jar:2.1.4.RELEASE]
	at org.springframework.session.data.redis.RedisOperationsSessionRepository.cleanupExpiredSessions(RedisOperationsSessionRepository.java:430) ~[spring-session-data-redis-2.1.4.RELEASE.jar:2.1.4.RELEASE]
	at org.springframework.session.data.redis.config.annotation.web.http.RedisHttpSessionConfiguration.lambda$configureTasks$0(RedisHttpSessionConfiguration.java:248) ~[spring-session-data-redis-2.1.4.RELEASE.jar:2.1.4.RELEASE]
	at org.springframework.scheduling.support.DelegatingErrorHandlingRunnable.run(DelegatingErrorHandlingRunnable.java:54) [spring-context-5.1.5.RELEASE.jar:5.1.5.RELEASE]
	at org.springframework.scheduling.concurrent.ReschedulingRunnable.run(ReschedulingRunnable.java:93) [spring-context-5.1.5.RELEASE.jar:5.1.5.RELEASE]
	at java.util.concurrent.Executors$RunnableAdapter.call(Executors.java:511) [?:1.8.0_211]
	at java.util.concurrent.FutureTask.run$$$capture(FutureTask.java:266) [?:1.8.0_211]
	at java.util.concurrent.FutureTask.run(FutureTask.java) [?:1.8.0_211]
	at java.util.concurrent.ScheduledThreadPoolExecutor$ScheduledFutureTask.access$201(ScheduledThreadPoolExecutor.java:180) [?:1.8.0_211]
	at java.util.concurrent.ScheduledThreadPoolExecutor$ScheduledFutureTask.run(ScheduledThreadPoolExecutor.java:293) [?:1.8.0_211]
	at java.util.concurrent.ThreadPoolExecutor.runWorker(ThreadPoolExecutor.java:1149) [?:1.8.0_211]
	at java.util.concurrent.ThreadPoolExecutor$Worker.run(ThreadPoolExecutor.java:624) [?:1.8.0_211]
	at java.lang.Thread.run(Thread.java:748) [?:1.8.0_211]
Caused by: io.lettuce.core.RedisCommandTimeoutException: Command timed out after 200 millisecond(s)
	at io.lettuce.core.ExceptionFactory.createTimeoutException(ExceptionFactory.java:51) ~[lettuce-core-5.1.4.RELEASE.jar:?]
	at io.lettuce.core.LettuceFutures.awaitOrCancel(LettuceFutures.java:114) ~[lettuce-core-5.1.4.RELEASE.jar:?]
	at io.lettuce.core.FutureSyncInvocationHandler.handleInvocation(FutureSyncInvocationHandler.java:69) ~[lettuce-core-5.1.4.RELEASE.jar:?]
	at io.lettuce.core.internal.AbstractInvocationHandler.invoke(AbstractInvocationHandler.java:80) ~[lettuce-core-5.1.4.RELEASE.jar:?]
	at com.sun.proxy.$Proxy90.smembers(Unknown Source) ~[?:?]
	at org.springframework.data.redis.connection.lettuce.LettuceSetCommands.sMembers(LettuceSetCommands.java:243) ~[spring-data-redis-2.1.5.RELEASE.jar:2.1.5.RELEASE]
	... 20 more

2020-02-21 23:05:26 ERROR org.apache.juli.logging.DirectJDKLog 175 log - Servlet.service() for servlet [dispatcherServlet] in context with path [] threw exception org.springframework.dao.QueryTimeoutException: Redis command timed out; nested exception is io.lettuce.core.RedisCommandTimeoutException: Command timed out after 200 millisecond(s)
	at org.springframework.data.redis.connection.lettuce.LettuceExceptionConverter.convert(LettuceExceptionConverter.java:70) ~[spring-data-redis-2.1.5.RELEASE.jar:2.1.5.RELEASE]
	at org.springframework.data.redis.connection.lettuce.LettuceExceptionConverter.convert(LettuceExceptionConverter.java:41) ~[spring-data-redis-2.1.5.RELEASE.jar:2.1.5.RELEASE]
	at org.springframework.data.redis.PassThroughExceptionTranslationStrategy.translate(PassThroughExceptionTranslationStrategy.java:44) ~[spring-data-redis-2.1.5.RELEASE.jar:2.1.5.RELEASE]
	at org.springframework.data.redis.FallbackExceptionTranslationStrategy.translate(FallbackExceptionTranslationStrategy.java:42) ~[spring-data-redis-2.1.5.RELEASE.jar:2.1.5.RELEASE]
	at org.springframework.data.redis.connection.lettuce.LettuceConnection.convertLettuceAccessException(LettuceConnection.java:268) ~[spring-data-redis-2.1.5.RELEASE.jar:2.1.5.RELEASE]
	at org.springframework.data.redis.connection.lettuce.LettuceKeyCommands.convertLettuceAccessException(LettuceKeyCommands.java:817) ~[spring-data-redis-2.1.5.RELEASE.jar:2.1.5.RELEASE]
	at org.springframework.data.redis.connection.lettuce.LettuceKeyCommands.expire(LettuceKeyCommands.java:374) ~[spring-data-redis-2.1.5.RELEASE.jar:2.1.5.RELEASE]
	at org.springframework.data.redis.connection.DefaultedRedisConnection.expire(DefaultedRedisConnection.java:132) ~[spring-data-redis-2.1.5.RELEASE.jar:2.1.5.RELEASE]
	at org.springframework.data.redis.core.RedisTemplate.lambda$expire$8(RedisTemplate.java:800) ~[spring-data-redis-2.1.5.RELEASE.jar:2.1.5.RELEASE]
	at org.springframework.data.redis.core.RedisTemplate.execute(RedisTemplate.java:224) ~[spring-data-redis-2.1.5.RELEASE.jar:2.1.5.RELEASE]
	at org.springframework.data.redis.core.RedisTemplate.execute(RedisTemplate.java:184) ~[spring-data-redis-2.1.5.RELEASE.jar:2.1.5.RELEASE]
	at org.springframework.data.redis.core.RedisTemplate.expire(RedisTemplate.java:795) ~[spring-data-redis-2.1.5.RELEASE.jar:2.1.5.RELEASE]
	at org.springframework.data.redis.core.DefaultBoundKeyOperations.expire(DefaultBoundKeyOperations.java:53) ~[spring-data-redis-2.1.5.RELEASE.jar:2.1.5.RELEASE]
	at org.springframework.session.data.redis.RedisSessionExpirationPolicy.onExpirationUpdated(RedisSessionExpirationPolicy.java:102) ~[spring-session-data-redis-2.1.4.RELEASE.jar:2.1.4.RELEASE]
	at org.springframework.session.data.redis.RedisOperationsSessionRepository$RedisSession.saveDelta(RedisOperationsSessionRepository.java:859) ~[spring-session-data-redis-2.1.4.RELEASE.jar:2.1.4.RELEASE]
	at org.springframework.session.data.redis.RedisOperationsSessionRepository$RedisSession.access$000(RedisOperationsSessionRepository.java:703) ~[spring-session-data-redis-2.1.4.RELEASE.jar:2.1.4.RELEASE]
	at org.springframework.session.data.redis.RedisOperationsSessionRepository.save(RedisOperationsSessionRepository.java:421) ~[spring-session-data-redis-2.1.4.RELEASE.jar:2.1.4.RELEASE]
	at org.springframework.session.data.redis.RedisOperationsSessionRepository.save(RedisOperationsSessionRepository.java:247) ~[spring-session-data-redis-2.1.4.RELEASE.jar:2.1.4.RELEASE]
	at org.springframework.session.web.http.SessionRepositoryFilter$SessionRepositoryRequestWrapper.commitSession(SessionRepositoryFilter.java:240) ~[spring-session-core-2.1.4.RELEASE.jar:2.1.4.RELEASE]
	at org.springframework.session.web.http.SessionRepositoryFilter$SessionRepositoryRequestWrapper.access$100(SessionRepositoryFilter.java:201) ~[spring-session-core-2.1.4.RELEASE.jar:2.1.4.RELEASE]
	at org.springframework.session.web.http.SessionRepositoryFilter.doFilterInternal(SessionRepositoryFilter.java:154) ~[spring-session-core-2.1.4.RELEASE.jar:2.1.4.RELEASE]
	at org.springframework.session.web.http.OncePerRequestFilter.doFilter(OncePerRequestFilter.java:81) ~[spring-session-core-2.1.4.RELEASE.jar:2.1.4.RELEASE]
	at org.apache.catalina.core.ApplicationFilterChain.internalDoFilter(ApplicationFilterChain.java:193) ~[tomcat-embed-core-9.0.16.jar:9.0.16]
	at org.apache.catalina.core.ApplicationFilterChain.doFilter(ApplicationFilterChain.java:166) ~[tomcat-embed-core-9.0.16.jar:9.0.16]
	at org.springframework.web.filter.CharacterEncodingFilter.doFilterInternal(CharacterEncodingFilter.java:200) ~[spring-web-5.1.5.RELEASE.jar:5.1.5.RELEASE]
	at org.springframework.web.filter.OncePerRequestFilter.doFilter(OncePerRequestFilter.java:107) ~[spring-web-5.1.5.RELEASE.jar:5.1.5.RELEASE]
	at org.apache.catalina.core.ApplicationFilterChain.internalDoFilter(ApplicationFilterChain.java:193) ~[tomcat-embed-core-9.0.16.jar:9.0.16]
	at org.apache.catalina.core.ApplicationFilterChain.doFilter(ApplicationFilterChain.java:166) ~[tomcat-embed-core-9.0.16.jar:9.0.16]
	at org.apache.catalina.core.StandardWrapperValve.invoke(StandardWrapperValve.java:200) [tomcat-embed-core-9.0.16.jar:9.0.16]
	at org.apache.catalina.core.StandardContextValve.invoke(StandardContextValve.java:96) [tomcat-embed-core-9.0.16.jar:9.0.16]
	at org.apache.catalina.authenticator.AuthenticatorBase.invoke(AuthenticatorBase.java:490) [tomcat-embed-core-9.0.16.jar:9.0.16]
	at org.apache.catalina.core.StandardHostValve.invoke(StandardHostValve.java:139) [tomcat-embed-core-9.0.16.jar:9.0.16]
	at org.apache.catalina.valves.ErrorReportValve.invoke(ErrorReportValve.java:92) [tomcat-embed-core-9.0.16.jar:9.0.16]
	at org.apache.catalina.core.StandardEngineValve.invoke(StandardEngineValve.java:74) [tomcat-embed-core-9.0.16.jar:9.0.16]
	at org.apache.catalina.connector.CoyoteAdapter.service(CoyoteAdapter.java:343) [tomcat-embed-core-9.0.16.jar:9.0.16]
	at org.apache.coyote.http11.Http11Processor.service(Http11Processor.java:408) [tomcat-embed-core-9.0.16.jar:9.0.16]
	at org.apache.coyote.AbstractProcessorLight.process(AbstractProcessorLight.java:66) [tomcat-embed-core-9.0.16.jar:9.0.16]
	at org.apache.coyote.AbstractProtocol$ConnectionHandler.process(AbstractProtocol.java:834) [tomcat-embed-core-9.0.16.jar:9.0.16]
	at org.apache.tomcat.util.net.NioEndpoint$SocketProcessor.doRun(NioEndpoint.java:1415) [tomcat-embed-core-9.0.16.jar:9.0.16]
	at org.apache.tomcat.util.net.SocketProcessorBase.run(SocketProcessorBase.java:49) [tomcat-embed-core-9.0.16.jar:9.0.16]
	at java.util.concurrent.ThreadPoolExecutor.runWorker(ThreadPoolExecutor.java:1149) [?:1.8.0_211]
	at java.util.concurrent.ThreadPoolExecutor$Worker.run(ThreadPoolExecutor.java:624) [?:1.8.0_211]
	at org.apache.tomcat.util.threads.TaskThread$WrappingRunnable.run(TaskThread.java:61) [tomcat-embed-core-9.0.16.jar:9.0.16]
	at java.lang.Thread.run(Thread.java:748) [?:1.8.0_211]
Caused by: io.lettuce.core.RedisCommandTimeoutException: Command timed out after 200 millisecond(s)
	at io.lettuce.core.ExceptionFactory.createTimeoutException(ExceptionFactory.java:51) ~[lettuce-core-5.1.4.RELEASE.jar:?]
	at io.lettuce.core.LettuceFutures.awaitOrCancel(LettuceFutures.java:114) ~[lettuce-core-5.1.4.RELEASE.jar:?]
	at io.lettuce.core.FutureSyncInvocationHandler.handleInvocation(FutureSyncInvocationHandler.java:69) ~[lettuce-core-5.1.4.RELEASE.jar:?]
	at io.lettuce.core.internal.AbstractInvocationHandler.invoke(AbstractInvocationHandler.java:80) ~[lettuce-core-5.1.4.RELEASE.jar:?]
	at com.sun.proxy.$Proxy90.expire(Unknown Source) ~[?:?]
	at org.springframework.data.redis.connection.lettuce.LettuceKeyCommands.expire(LettuceKeyCommands.java:372) ~[spring-data-redis-2.1.5.RELEASE.jar:2.1.5.RELEASE]
	... 37 more

2020-02-21 23:05:45 ERROR org.apache.juli.logging.DirectJDKLog 175 log - Servlet.service() for servlet [dispatcherServlet] in context with path [] threw exception org.springframework.dao.QueryTimeoutException: Redis command timed out; nested exception is io.lettuce.core.RedisCommandTimeoutException: io.lettuce.core.RedisCommandTimeoutException: Command timed out after 200 millisecond(s)
	at org.springframework.data.redis.connection.lettuce.LettuceExceptionConverter.convert(LettuceExceptionConverter.java:70) ~[spring-data-redis-2.1.5.RELEASE.jar:2.1.5.RELEASE]
	at org.springframework.data.redis.connection.lettuce.LettuceExceptionConverter.convert(LettuceExceptionConverter.java:41) ~[spring-data-redis-2.1.5.RELEASE.jar:2.1.5.RELEASE]
	at org.springframework.data.redis.PassThroughExceptionTranslationStrategy.translate(PassThroughExceptionTranslationStrategy.java:44) ~[spring-data-redis-2.1.5.RELEASE.jar:2.1.5.RELEASE]
	at org.springframework.data.redis.FallbackExceptionTranslationStrategy.translate(FallbackExceptionTranslationStrategy.java:42) ~[spring-data-redis-2.1.5.RELEASE.jar:2.1.5.RELEASE]
	at org.springframework.data.redis.connection.lettuce.LettuceConnection.convertLettuceAccessException(LettuceConnection.java:268) ~[spring-data-redis-2.1.5.RELEASE.jar:2.1.5.RELEASE]
	at org.springframework.data.redis.connection.lettuce.LettuceStringCommands.convertLettuceAccessException(LettuceStringCommands.java:799) ~[spring-data-redis-2.1.5.RELEASE.jar:2.1.5.RELEASE]
	at org.springframework.data.redis.connection.lettuce.LettuceStringCommands.append(LettuceStringCommands.java:453) ~[spring-data-redis-2.1.5.RELEASE.jar:2.1.5.RELEASE]
	at org.springframework.data.redis.connection.DefaultedRedisConnection.append(DefaultedRedisConnection.java:358) ~[spring-data-redis-2.1.5.RELEASE.jar:2.1.5.RELEASE]
	at org.springframework.data.redis.core.DefaultValueOperations.lambda$append$5(DefaultValueOperations.java:145) ~[spring-data-redis-2.1.5.RELEASE.jar:2.1.5.RELEASE]
	at org.springframework.data.redis.core.RedisTemplate.execute(RedisTemplate.java:224) ~[spring-data-redis-2.1.5.RELEASE.jar:2.1.5.RELEASE]
	at org.springframework.data.redis.core.RedisTemplate.execute(RedisTemplate.java:184) ~[spring-data-redis-2.1.5.RELEASE.jar:2.1.5.RELEASE]
	at org.springframework.data.redis.core.AbstractOperations.execute(AbstractOperations.java:95) ~[spring-data-redis-2.1.5.RELEASE.jar:2.1.5.RELEASE]
	at org.springframework.data.redis.core.DefaultValueOperations.append(DefaultValueOperations.java:144) ~[spring-data-redis-2.1.5.RELEASE.jar:2.1.5.RELEASE]
	at org.springframework.data.redis.core.DefaultBoundValueOperations.append(DefaultBoundValueOperations.java:113) ~[spring-data-redis-2.1.5.RELEASE.jar:2.1.5.RELEASE]
	at org.springframework.session.data.redis.RedisSessionExpirationPolicy.onExpirationUpdated(RedisSessionExpirationPolicy.java:107) ~[spring-session-data-redis-2.1.4.RELEASE.jar:2.1.4.RELEASE]
	at org.springframework.session.data.redis.RedisOperationsSessionRepository$RedisSession.saveDelta(RedisOperationsSessionRepository.java:859) ~[spring-session-data-redis-2.1.4.RELEASE.jar:2.1.4.RELEASE]
	at org.springframework.session.data.redis.RedisOperationsSessionRepository$RedisSession.access$000(RedisOperationsSessionRepository.java:703) ~[spring-session-data-redis-2.1.4.RELEASE.jar:2.1.4.RELEASE]
	at org.springframework.session.data.redis.RedisOperationsSessionRepository.save(RedisOperationsSessionRepository.java:421) ~[spring-session-data-redis-2.1.4.RELEASE.jar:2.1.4.RELEASE]
	at org.springframework.session.data.redis.RedisOperationsSessionRepository.save(RedisOperationsSessionRepository.java:247) ~[spring-session-data-redis-2.1.4.RELEASE.jar:2.1.4.RELEASE]
	at org.springframework.session.web.http.SessionRepositoryFilter$SessionRepositoryRequestWrapper.commitSession(SessionRepositoryFilter.java:240) ~[spring-session-core-2.1.4.RELEASE.jar:2.1.4.RELEASE]
	at org.springframework.session.web.http.SessionRepositoryFilter$SessionRepositoryRequestWrapper.access$100(SessionRepositoryFilter.java:201) ~[spring-session-core-2.1.4.RELEASE.jar:2.1.4.RELEASE]
	at org.springframework.session.web.http.SessionRepositoryFilter.doFilterInternal(SessionRepositoryFilter.java:154) ~[spring-session-core-2.1.4.RELEASE.jar:2.1.4.RELEASE]
	at org.springframework.session.web.http.OncePerRequestFilter.doFilter(OncePerRequestFilter.java:81) ~[spring-session-core-2.1.4.RELEASE.jar:2.1.4.RELEASE]
	at org.apache.catalina.core.ApplicationFilterChain.internalDoFilter(ApplicationFilterChain.java:193) ~[tomcat-embed-core-9.0.16.jar:9.0.16]
	at org.apache.catalina.core.ApplicationFilterChain.doFilter(ApplicationFilterChain.java:166) ~[tomcat-embed-core-9.0.16.jar:9.0.16]
	at org.springframework.web.filter.CharacterEncodingFilter.doFilterInternal(CharacterEncodingFilter.java:200) ~[spring-web-5.1.5.RELEASE.jar:5.1.5.RELEASE]
	at org.springframework.web.filter.OncePerRequestFilter.doFilter(OncePerRequestFilter.java:107) ~[spring-web-5.1.5.RELEASE.jar:5.1.5.RELEASE]
	at org.apache.catalina.core.ApplicationFilterChain.internalDoFilter(ApplicationFilterChain.java:193) ~[tomcat-embed-core-9.0.16.jar:9.0.16]
	at org.apache.catalina.core.ApplicationFilterChain.doFilter(ApplicationFilterChain.java:166) ~[tomcat-embed-core-9.0.16.jar:9.0.16]
	at org.apache.catalina.core.StandardWrapperValve.invoke(StandardWrapperValve.java:200) [tomcat-embed-core-9.0.16.jar:9.0.16]
	at org.apache.catalina.core.StandardContextValve.invoke(StandardContextValve.java:96) [tomcat-embed-core-9.0.16.jar:9.0.16]
	at org.apache.catalina.authenticator.AuthenticatorBase.invoke(AuthenticatorBase.java:490) [tomcat-embed-core-9.0.16.jar:9.0.16]
	at org.apache.catalina.core.StandardHostValve.invoke(StandardHostValve.java:139) [tomcat-embed-core-9.0.16.jar:9.0.16]
	at org.apache.catalina.valves.ErrorReportValve.invoke(ErrorReportValve.java:92) [tomcat-embed-core-9.0.16.jar:9.0.16]
	at org.apache.catalina.core.StandardEngineValve.invoke(StandardEngineValve.java:74) [tomcat-embed-core-9.0.16.jar:9.0.16]
	at org.apache.catalina.connector.CoyoteAdapter.service(CoyoteAdapter.java:343) [tomcat-embed-core-9.0.16.jar:9.0.16]
	at org.apache.coyote.http11.Http11Processor.service(Http11Processor.java:408) [tomcat-embed-core-9.0.16.jar:9.0.16]
	at org.apache.coyote.AbstractProcessorLight.process(AbstractProcessorLight.java:66) [tomcat-embed-core-9.0.16.jar:9.0.16]
	at org.apache.coyote.AbstractProtocol$ConnectionHandler.process(AbstractProtocol.java:834) [tomcat-embed-core-9.0.16.jar:9.0.16]
	at org.apache.tomcat.util.net.NioEndpoint$SocketProcessor.doRun(NioEndpoint.java:1415) [tomcat-embed-core-9.0.16.jar:9.0.16]
	at org.apache.tomcat.util.net.SocketProcessorBase.run(SocketProcessorBase.java:49) [tomcat-embed-core-9.0.16.jar:9.0.16]
	at java.util.concurrent.ThreadPoolExecutor.runWorker(ThreadPoolExecutor.java:1149) [?:1.8.0_211]
	at java.util.concurrent.ThreadPoolExecutor$Worker.run(ThreadPoolExecutor.java:624) [?:1.8.0_211]
	at org.apache.tomcat.util.threads.TaskThread$WrappingRunnable.run(TaskThread.java:61) [tomcat-embed-core-9.0.16.jar:9.0.16]
	at java.lang.Thread.run(Thread.java:748) [?:1.8.0_211]
Caused by: io.lettuce.core.RedisCommandTimeoutException: io.lettuce.core.RedisCommandTimeoutException: Command timed out after 200 millisecond(s)
	at io.lettuce.core.LettuceFutures.awaitOrCancel(LettuceFutures.java:126) ~[lettuce-core-5.1.4.RELEASE.jar:?]
	at io.lettuce.core.FutureSyncInvocationHandler.handleInvocation(FutureSyncInvocationHandler.java:69) ~[lettuce-core-5.1.4.RELEASE.jar:?]
	at io.lettuce.core.internal.AbstractInvocationHandler.invoke(AbstractInvocationHandler.java:80) ~[lettuce-core-5.1.4.RELEASE.jar:?]
	at com.sun.proxy.$Proxy90.append(Unknown Source) ~[?:?]
	at org.springframework.data.redis.connection.lettuce.LettuceStringCommands.append(LettuceStringCommands.java:451) ~[spring-data-redis-2.1.5.RELEASE.jar:2.1.5.RELEASE]
	... 38 more
Caused by: io.lettuce.core.RedisCommandTimeoutException: Command timed out after 200 millisecond(s)
	at io.lettuce.core.ExceptionFactory.createTimeoutException(ExceptionFactory.java:51) ~[lettuce-core-5.1.4.RELEASE.jar:?]
	at io.lettuce.core.protocol.CommandExpiryWriter.lambda$potentiallyExpire$0(CommandExpiryWriter.java:167) ~[lettuce-core-5.1.4.RELEASE.jar:?]
	at io.netty.util.concurrent.PromiseTask$RunnableAdapter.call(PromiseTask.java:38) ~[netty-common-4.1.33.Final.jar:4.1.33.Final]
	at io.netty.util.concurrent.ScheduledFutureTask.run(ScheduledFutureTask.java:127) ~[netty-common-4.1.33.Final.jar:4.1.33.Final]
	at io.netty.util.concurrent.DefaultEventExecutor.run(DefaultEventExecutor.java:66) ~[netty-common-4.1.33.Final.jar:4.1.33.Final]
	at io.netty.util.concurrent.SingleThreadEventExecutor$5.run(SingleThreadEventExecutor.java:905) ~[netty-common-4.1.33.Final.jar:4.1.33.Final]
	at io.netty.util.concurrent.FastThreadLocalRunnable.run(FastThreadLocalRunnable.java:30) ~[netty-common-4.1.33.Final.jar:4.1.33.Final]
	... 1 more

2020-02-21 23:06:31 INFO  org.springframework.scheduling.concurrent.ExecutorConfigurationSupport 208 shutdown - Shutting down ExecutorService 'applicationTaskExecutor'
2020-02-21 23:06:31 INFO  com.zaxxer.hikari.HikariDataSource 350 close - HikariPool-1 - Shutdown initiated...
2020-02-21 23:06:31 INFO  com.zaxxer.hikari.HikariDataSource 352 close - HikariPool-1 - Shutdown completed.
