2020-02-16 21:53:59 INFO  cn.com.alasky.StartApp 26 main - 启动应用
2020-02-16 21:53:59 INFO  org.springframework.boot.StartupInfoLogger 50 logStarting - Starting StartApp on Alasky with PID 20708 (F:\develop\association\target\classes started by Alasky in F:\develop\association)
2020-02-16 21:53:59 INFO  org.springframework.boot.SpringApplication 675 logStartupProfileInfo - No active profile set, falling back to default profiles: default
2020-02-16 21:54:00 INFO  org.springframework.data.repository.config.RepositoryConfigurationDelegate 244 multipleStoresDetected - Multiple Spring Data modules found, entering strict repository configuration mode!
2020-02-16 21:54:00 INFO  org.springframework.data.repository.config.RepositoryConfigurationDelegate 126 registerRepositoriesIn - Bootstrapping Spring Data repositories in DEFAULT mode.
2020-02-16 21:54:00 INFO  org.springframework.data.repository.config.RepositoryConfigurationDelegate 182 registerRepositoriesIn - Finished Spring Data repository scanning in 22ms. Found 0 repository interfaces.
2020-02-16 21:54:01 INFO  org.springframework.context.support.PostProcessorRegistrationDelegate$BeanPostProcessorChecker 330 postProcessAfterInitialization - Bean 'org.springframework.transaction.annotation.ProxyTransactionManagementConfiguration' of type [org.springframework.transaction.annotation.ProxyTransactionManagementConfiguration$$EnhancerBySpringCGLIB$$83d4edbc] is not eligible for getting processed by all BeanPostProcessors (for example: not eligible for auto-proxying)
2020-02-16 21:54:01 INFO  org.springframework.boot.web.embedded.tomcat.TomcatWebServer 90 initialize - Tomcat initialized with port(s): 8080 (http)
2020-02-16 21:54:01 INFO  org.apache.juli.logging.DirectJDKLog 173 log - Initializing ProtocolHandler ["http-nio-8080"]
2020-02-16 21:54:01 INFO  org.apache.juli.logging.DirectJDKLog 173 log - Starting service [Tomcat]
2020-02-16 21:54:01 INFO  org.apache.juli.logging.DirectJDKLog 173 log - Starting Servlet engine: [Apache Tomcat/9.0.16]
2020-02-16 21:54:01 INFO  org.apache.juli.logging.DirectJDKLog 173 log - The APR based Apache Tomcat Native library which allows optimal performance in production environments was not found on the java.library.path: [C:\Software\java\jdk1.8.0_211\bin;C:\Windows\Sun\Java\bin;C:\Windows\system32;C:\Windows;C:\Software\python\Scripts\;C:\Software\python\;C:\Windows\system32;C:\Windows;C:\Windows\System32\Wbem;C:\Windows\System32\WindowsPowerShell\v1.0\;C:\Windows\System32\OpenSSH\;C:\Software\java\jdk1.8.0_211\bin;C:\Software\java\jdk1.8.0_211\jre\bin;C:\Program Files\Intel\WiFi\bin\;C:\Program Files\Common Files\Intel\WirelessCommon\;D:\hadoop-2.7.1\bin;%CATALINA_HOME%\lib;%CATALINA_HOME%\bin;C:\Program Files (x86)\NVIDIA Corporation\PhysX\Common;C:\Program Files\NVIDIA Corporation\NVIDIA NvDLISR;C:\Software\Git\cmd;D:\mysql-8.0.18-winx64\bin;D:\pandoc\;C:\Software\python\python3.6\Scripts\;C:\Software\python\python3.6\;C:\Software\Scripts\;C:\Software\;C:\Users\Administrator\AppData\Local\Microsoft\WindowsApps;C:\Program Files\Intel\WiFi\bin\;C:\Program Files\Common Files\Intel\WirelessCommon\;D:\IntelliJ IDEA 2019.1.2\bin;D:\Microsoft VS Code\bin;D:\apache-maven-3.6.1\bin;C:\Software\python\Scripts;C:\Users\Administrator\AppData\Local\GitHubDesktop\bin;.]
2020-02-16 21:54:01 INFO  org.apache.juli.logging.DirectJDKLog 173 log - At least one JAR was scanned for TLDs yet contained no TLDs. Enable debug logging for this logger for a complete list of JARs that were scanned but no TLDs were found in them. Skipping unneeded JARs during scanning can improve startup time and JSP compilation time.
2020-02-16 21:54:01 INFO  org.apache.juli.logging.DirectJDKLog 173 log - Initializing Spring embedded WebApplicationContext
2020-02-16 21:54:01 INFO  org.springframework.boot.web.servlet.context.ServletWebServerApplicationContext 296 prepareWebApplicationContext - Root WebApplicationContext: initialization completed in 2142 ms
2020-02-16 21:54:02 INFO  io.lettuce.core.EpollProvider 68 <clinit> - Starting without optional epoll library
2020-02-16 21:54:02 INFO  io.lettuce.core.KqueueProvider 70 <clinit> - Starting without optional kqueue library
2020-02-16 21:54:03 INFO  org.springframework.scheduling.concurrent.ExecutorConfigurationSupport 171 initialize - Initializing ExecutorService 'applicationTaskExecutor'
2020-02-16 21:54:04 INFO  org.springframework.scheduling.annotation.ScheduledAnnotationBeanPostProcessor 295 finishRegistration - No TaskScheduler/ScheduledExecutorService bean found for scheduled processing
2020-02-16 21:54:04 INFO  org.apache.juli.logging.DirectJDKLog 173 log - Starting ProtocolHandler ["http-nio-8080"]
2020-02-16 21:54:04 INFO  org.springframework.boot.web.embedded.tomcat.TomcatWebServer 204 start - Tomcat started on port(s): 8080 (http) with context path ''
2020-02-16 21:54:04 INFO  org.springframework.boot.StartupInfoLogger 59 logStarted - Started StartApp in 5.743 seconds (JVM running for 7.734)
2020-02-16 21:55:54 INFO  org.apache.juli.logging.DirectJDKLog 173 log - Initializing Spring DispatcherServlet 'dispatcherServlet'
2020-02-16 21:55:54 INFO  org.springframework.web.servlet.FrameworkServlet 524 initServletBean - Initializing Servlet 'dispatcherServlet'
2020-02-16 21:55:54 INFO  org.springframework.web.servlet.FrameworkServlet 546 initServletBean - Completed initialization in 7 ms
2020-02-16 21:55:54 INFO  cn.com.alasky.controller.RegisterController 37 getRegisterInfo - 新的注册: aaa 11122223333
2020-02-16 21:55:54 INFO  com.zaxxer.hikari.HikariDataSource 110 getConnection - HikariPool-1 - Starting...
2020-02-16 21:55:55 INFO  com.zaxxer.hikari.HikariDataSource 123 getConnection - HikariPool-1 - Start completed.
2020-02-16 21:56:28 INFO  cn.com.alasky.controller.LoginController 58 checkLogin - 127.0.0.1
2020-02-16 21:56:28 INFO  cn.com.alasky.controller.LoginController 59 checkLogin - [ Windows NT 10.0; Win64; x64 ]
2020-02-16 21:56:28 INFO  cn.com.alasky.controller.LoginController 60 checkLogin - IP: 127.0.0.1 设备信息: [ Windows NT 10.0; Win64; x64 ]
2020-02-16 21:56:28 INFO  cn.com.alasky.service.RegisterService 45 addUser - 插入新用户出错
2020-02-16 21:56:28 ERROR cn.com.alasky.service.RegisterService 46 addUser - org.springframework.jdbc.BadSqlGrammarException: 
### Error updating database.  Cause: java.sql.SQLException: Column count doesn't match value count at row 1
### The error may exist in cn/com/alasky/mapper/RegisterMapper.java (best guess)
### The error may involve cn.com.alasky.mapper.RegisterMapper.insertNewUser-Inline
### The error occurred while setting parameters
### SQL: insert into user values(?,?,?,?,null)
### Cause: java.sql.SQLException: Column count doesn't match value count at row 1
; bad SQL grammar []; nested exception is java.sql.SQLException: Column count doesn't match value count at row 1
2020-02-16 21:56:58 WARN  com.zaxxer.hikari.pool.HikariPool$HouseKeeper 766 run - HikariPool-1 - Thread starvation or clock leap detected (housekeeper delta=59s108ms469µs400ns).
2020-02-16 21:57:24 INFO  cn.com.alasky.controller.RegisterController 37 getRegisterInfo - 新的注册: bbb 22233334444
2020-02-16 21:57:43 INFO  cn.com.alasky.service.RegisterService 45 addUser - 插入新用户出错
2020-02-16 21:57:43 ERROR cn.com.alasky.service.RegisterService 46 addUser - org.springframework.jdbc.BadSqlGrammarException: 
### Error updating database.  Cause: java.sql.SQLException: Column count doesn't match value count at row 1
### The error may exist in cn/com/alasky/mapper/RegisterMapper.java (best guess)
### The error may involve cn.com.alasky.mapper.RegisterMapper.insertNewUser-Inline
### The error occurred while setting parameters
### SQL: insert into user values(?,?,?,?,null)
### Cause: java.sql.SQLException: Column count doesn't match value count at row 1
; bad SQL grammar []; nested exception is java.sql.SQLException: Column count doesn't match value count at row 1
2020-02-16 21:58:17 INFO  cn.com.alasky.controller.RegisterController 37 getRegisterInfo - 新的注册: bbb 22233334444
2020-02-16 21:58:44 INFO  cn.com.alasky.service.RegisterService 45 addUser - 插入新用户出错
2020-02-16 21:58:44 ERROR cn.com.alasky.service.RegisterService 46 addUser - org.springframework.jdbc.BadSqlGrammarException: 
### Error updating database.  Cause: java.sql.SQLException: Column count doesn't match value count at row 1
### The error may exist in cn/com/alasky/mapper/RegisterMapper.java (best guess)
### The error may involve cn.com.alasky.mapper.RegisterMapper.insertNewUser-Inline
### The error occurred while setting parameters
### SQL: insert into user values(?,?,?,?,null)
### Cause: java.sql.SQLException: Column count doesn't match value count at row 1
; bad SQL grammar []; nested exception is java.sql.SQLException: Column count doesn't match value count at row 1
2020-02-16 22:03:23 INFO  org.springframework.scheduling.concurrent.ExecutorConfigurationSupport 208 shutdown - Shutting down ExecutorService 'applicationTaskExecutor'
2020-02-16 22:03:23 INFO  com.zaxxer.hikari.HikariDataSource 350 close - HikariPool-1 - Shutdown initiated...
2020-02-16 22:03:23 INFO  com.zaxxer.hikari.HikariDataSource 352 close - HikariPool-1 - Shutdown completed.
