2020-03-22 19:48:24 INFO  cn.com.alasky.StartApp 26 main - 启动应用
2020-03-22 19:48:24 INFO  org.springframework.boot.StartupInfoLogger 50 logStarting - Starting StartApp on Alasky with PID 15124 (F:\develop\association\target\classes started by Alasky in F:\develop\association)
2020-03-22 19:48:24 INFO  org.springframework.boot.SpringApplication 675 logStartupProfileInfo - No active profile set, falling back to default profiles: default
2020-03-22 19:48:25 INFO  org.springframework.data.repository.config.RepositoryConfigurationDelegate 244 multipleStoresDetected - Multiple Spring Data modules found, entering strict repository configuration mode!
2020-03-22 19:48:25 INFO  org.springframework.data.repository.config.RepositoryConfigurationDelegate 126 registerRepositoriesIn - Bootstrapping Spring Data repositories in DEFAULT mode.
2020-03-22 19:48:26 INFO  org.springframework.data.repository.config.RepositoryConfigurationDelegate 182 registerRepositoriesIn - Finished Spring Data repository scanning in 28ms. Found 0 repository interfaces.
2020-03-22 19:48:26 INFO  org.springframework.context.support.PostProcessorRegistrationDelegate$BeanPostProcessorChecker 330 postProcessAfterInitialization - Bean 'org.springframework.transaction.annotation.ProxyTransactionManagementConfiguration' of type [org.springframework.transaction.annotation.ProxyTransactionManagementConfiguration$$EnhancerBySpringCGLIB$$e9a15dc3] is not eligible for getting processed by all BeanPostProcessors (for example: not eligible for auto-proxying)
2020-03-22 19:48:26 INFO  org.springframework.boot.web.embedded.tomcat.TomcatWebServer 90 initialize - Tomcat initialized with port(s): 8080 (http)
2020-03-22 19:48:26 INFO  org.apache.juli.logging.DirectJDKLog 173 log - Initializing ProtocolHandler ["http-nio-8080"]
2020-03-22 19:48:26 INFO  org.apache.juli.logging.DirectJDKLog 173 log - Starting service [Tomcat]
2020-03-22 19:48:26 INFO  org.apache.juli.logging.DirectJDKLog 173 log - Starting Servlet engine: [Apache Tomcat/9.0.16]
2020-03-22 19:48:27 INFO  org.apache.juli.logging.DirectJDKLog 173 log - The APR based Apache Tomcat Native library which allows optimal performance in production environments was not found on the java.library.path: [C:\Software\java\jdk1.8.0_211\bin;C:\Windows\Sun\Java\bin;C:\Windows\system32;C:\Windows;C:\Software\python\Scripts\;C:\Software\python\;C:\Windows\system32;C:\Windows;C:\Windows\System32\Wbem;C:\Windows\System32\WindowsPowerShell\v1.0\;C:\Windows\System32\OpenSSH\;C:\Software\java\jdk1.8.0_211\bin;C:\Software\java\jdk1.8.0_211\jre\bin;C:\Program Files\Intel\WiFi\bin\;C:\Program Files\Common Files\Intel\WirelessCommon\;D:\hadoop-2.7.7\bin;%CATALINA_HOME%\lib;%CATALINA_HOME%\bin;C:\Program Files (x86)\NVIDIA Corporation\PhysX\Common;C:\Program Files\NVIDIA Corporation\NVIDIA NvDLISR;C:\Software\Git\cmd;D:\mysql-8.0.18-winx64\bin;D:\pandoc\;C:\Program Files\nodejs\;C:\ProgramData\chocolatey\bin;C:\Software\python\python3.6\Scripts\;C:\Software\python\python3.6\;C:\Software\Scripts\;C:\Software\;C:\Users\Administrator\AppData\Local\Microsoft\WindowsApps;C:\Program Files\Intel\WiFi\bin\;C:\Program Files\Common Files\Intel\WirelessCommon\;D:\IntelliJ IDEA 2019.1.2\bin;D:\Microsoft VS Code\bin;D:\apache-maven-3.6.1\bin;C:\Software\python\Scripts;C:\Users\Administrator\AppData\Local\GitHubDesktop\bin;C:\Program Files\Bandizip\;C:\Users\Administrator\AppData\Roaming\npm;.]
2020-03-22 19:48:27 INFO  org.apache.juli.logging.DirectJDKLog 173 log - At least one JAR was scanned for TLDs yet contained no TLDs. Enable debug logging for this logger for a complete list of JARs that were scanned but no TLDs were found in them. Skipping unneeded JARs during scanning can improve startup time and JSP compilation time.
2020-03-22 19:48:27 INFO  org.apache.juli.logging.DirectJDKLog 173 log - Initializing Spring embedded WebApplicationContext
2020-03-22 19:48:27 INFO  org.springframework.boot.web.servlet.context.ServletWebServerApplicationContext 296 prepareWebApplicationContext - Root WebApplicationContext: initialization completed in 2484 ms
2020-03-22 19:48:28 INFO  io.lettuce.core.EpollProvider 68 <clinit> - Starting without optional epoll library
2020-03-22 19:48:28 INFO  io.lettuce.core.KqueueProvider 70 <clinit> - Starting without optional kqueue library
2020-03-22 19:48:29 INFO  org.springframework.scheduling.concurrent.ExecutorConfigurationSupport 171 initialize - Initializing ExecutorService 'applicationTaskExecutor'
2020-03-22 19:48:30 INFO  org.springframework.scheduling.annotation.ScheduledAnnotationBeanPostProcessor 295 finishRegistration - No TaskScheduler/ScheduledExecutorService bean found for scheduled processing
2020-03-22 19:48:31 INFO  org.apache.juli.logging.DirectJDKLog 173 log - Starting ProtocolHandler ["http-nio-8080"]
2020-03-22 19:48:31 INFO  org.springframework.boot.web.embedded.tomcat.TomcatWebServer 204 start - Tomcat started on port(s): 8080 (http) with context path ''
2020-03-22 19:48:31 INFO  org.springframework.boot.StartupInfoLogger 59 logStarted - Started StartApp in 6.707 seconds (JVM running for 9.257)
2020-03-22 19:49:06 INFO  org.apache.juli.logging.DirectJDKLog 173 log - Initializing Spring DispatcherServlet 'dispatcherServlet'
2020-03-22 19:49:06 INFO  org.springframework.web.servlet.FrameworkServlet 524 initServletBean - Initializing Servlet 'dispatcherServlet'
2020-03-22 19:49:06 INFO  org.springframework.web.servlet.FrameworkServlet 546 initServletBean - Completed initialization in 8 ms
2020-03-22 19:49:06 INFO  com.zaxxer.hikari.HikariDataSource 110 getConnection - HikariPool-1 - Starting...
2020-03-22 19:49:07 INFO  com.zaxxer.hikari.HikariDataSource 123 getConnection - HikariPool-1 - Start completed.
2020-03-22 19:50:04 WARN  com.zaxxer.hikari.pool.HikariPool$HouseKeeper 766 run - HikariPool-1 - Thread starvation or clock leap detected (housekeeper delta=56s893ms393µs800ns).
2020-03-22 19:50:05 INFO  cn.com.alasky.controller.LoginController 93 logout - 11122223333 退出登录
2020-03-22 20:15:37 INFO  cn.com.alasky.controller.RegisterController 38 getRegisterInfo - 新的注册: 二狗子 11122223333
2020-03-22 20:16:01 INFO  cn.com.alasky.controller.RegisterController 38 getRegisterInfo - 新的注册: 二狗子 11122223333
2020-03-22 20:16:01 INFO  cn.com.alasky.controller.RegisterController 45 getRegisterInfo - 注册手机号重复
2020-03-22 20:16:01 ERROR cn.com.alasky.controller.RegisterController 46 getRegisterInfo - org.springframework.dao.DuplicateKeyException: 
### Error updating database.  Cause: java.sql.SQLIntegrityConstraintViolationException: Duplicate entry '11122223333' for key 'PRIMARY'
### The error may exist in cn/com/alasky/mapper/RegisterMapper.java (best guess)
### The error may involve cn.com.alasky.mapper.master.RegisterMapper.insertNewUser-Inline
### The error occurred while setting parameters
### SQL: insert into user(user_name,password,phone_number,email,qq,wechat,stu_uuid) values(?,?,?,?,?,?,?)
### Cause: java.sql.SQLIntegrityConstraintViolationException: Duplicate entry '11122223333' for key 'PRIMARY'
; Duplicate entry '11122223333' for key 'PRIMARY'; nested exception is java.sql.SQLIntegrityConstraintViolationException: Duplicate entry '11122223333' for key 'PRIMARY'
2020-03-22 20:16:09 INFO  cn.com.alasky.controller.RegisterController 38 getRegisterInfo - 新的注册: 二狗子 44455556666
2020-03-22 20:17:16 INFO  cn.com.alasky.controller.LoginController 50 getLoginInfo - 新的登录(127.0.0.1): 11122223333
2020-03-22 20:17:28 INFO  cn.com.alasky.controller.admin.UserDataController 36 getUserData - 查看用户信息: IP: 127.0.0.1 设备信息: [ Windows NT 10.0; Win64; x64 ]
2020-03-22 20:34:38 INFO  cn.com.alasky.controller.admin.AssDataController 41 getAssData - 获取社团信息: 11122223333
2020-03-22 20:35:05 INFO  cn.com.alasky.controller.admin.AssDataController 41 getAssData - 获取社团信息: 11122223333
2020-03-22 20:45:14 INFO  cn.com.alasky.controller.admin.AssDataController 41 getAssData - 获取社团信息: 11122223333
2020-03-22 20:45:39 INFO  cn.com.alasky.controller.admin.AssDataController 41 getAssData - 获取社团信息: 11122223333
2020-03-22 20:49:18 INFO  org.springframework.scheduling.concurrent.ExecutorConfigurationSupport 208 shutdown - Shutting down ExecutorService 'applicationTaskExecutor'
2020-03-22 20:49:18 INFO  com.zaxxer.hikari.HikariDataSource 350 close - HikariPool-1 - Shutdown initiated...
2020-03-22 20:49:18 INFO  com.zaxxer.hikari.HikariDataSource 352 close - HikariPool-1 - Shutdown completed.
