2020-03-30 09:52:10 INFO  cn.com.alasky.StartApp 28 main - 启动应用
2020-03-30 09:52:10 INFO  org.springframework.boot.StartupInfoLogger 50 logStarting - Starting StartApp on Alasky with PID 9340 (F:\develop\association\target\classes started by Alasky in F:\develop\association)
2020-03-30 09:52:10 INFO  org.springframework.boot.SpringApplication 675 logStartupProfileInfo - No active profile set, falling back to default profiles: default
2020-03-30 09:52:11 INFO  org.springframework.data.repository.config.RepositoryConfigurationDelegate 244 multipleStoresDetected - Multiple Spring Data modules found, entering strict repository configuration mode!
2020-03-30 09:52:11 INFO  org.springframework.data.repository.config.RepositoryConfigurationDelegate 126 registerRepositoriesIn - Bootstrapping Spring Data repositories in DEFAULT mode.
2020-03-30 09:52:12 INFO  org.springframework.data.repository.config.RepositoryConfigurationDelegate 182 registerRepositoriesIn - Finished Spring Data repository scanning in 26ms. Found 0 repository interfaces.
2020-03-30 09:52:12 INFO  org.springframework.context.support.PostProcessorRegistrationDelegate$BeanPostProcessorChecker 330 postProcessAfterInitialization - Bean 'org.springframework.transaction.annotation.ProxyTransactionManagementConfiguration' of type [org.springframework.transaction.annotation.ProxyTransactionManagementConfiguration$$EnhancerBySpringCGLIB$$d6c83bef] is not eligible for getting processed by all BeanPostProcessors (for example: not eligible for auto-proxying)
2020-03-30 09:52:12 INFO  org.springframework.boot.web.embedded.tomcat.TomcatWebServer 90 initialize - Tomcat initialized with port(s): 8080 (http)
2020-03-30 09:52:12 INFO  org.apache.juli.logging.DirectJDKLog 173 log - Initializing ProtocolHandler ["http-nio-8080"]
2020-03-30 09:52:12 INFO  org.apache.juli.logging.DirectJDKLog 173 log - Starting service [Tomcat]
2020-03-30 09:52:12 INFO  org.apache.juli.logging.DirectJDKLog 173 log - Starting Servlet engine: [Apache Tomcat/9.0.16]
2020-03-30 09:52:12 INFO  org.apache.juli.logging.DirectJDKLog 173 log - The APR based Apache Tomcat Native library which allows optimal performance in production environments was not found on the java.library.path: [C:\Software\java\jdk1.8.0_211\bin;C:\Windows\Sun\Java\bin;C:\Windows\system32;C:\Windows;C:\Software\python\Scripts\;C:\Software\python\;C:\Windows\system32;C:\Windows;C:\Windows\System32\Wbem;C:\Windows\System32\WindowsPowerShell\v1.0\;C:\Windows\System32\OpenSSH\;C:\Software\java\jdk1.8.0_211\bin;C:\Software\java\jdk1.8.0_211\jre\bin;C:\Program Files\Intel\WiFi\bin\;C:\Program Files\Common Files\Intel\WirelessCommon\;D:\hadoop-2.7.7\bin;%CATALINA_HOME%\lib;%CATALINA_HOME%\bin;C:\Program Files (x86)\NVIDIA Corporation\PhysX\Common;C:\Program Files\NVIDIA Corporation\NVIDIA NvDLISR;C:\Software\Git\cmd;D:\mysql-8.0.18-winx64\bin;D:\pandoc\;C:\Program Files\nodejs\;C:\ProgramData\chocolatey\bin;C:\Software\python\python3.6\Scripts\;C:\Software\python\python3.6\;C:\Software\Scripts\;C:\Software\;C:\Users\Administrator\AppData\Local\Microsoft\WindowsApps;C:\Program Files\Intel\WiFi\bin\;C:\Program Files\Common Files\Intel\WirelessCommon\;D:\IntelliJ IDEA 2019.1.2\bin;D:\Microsoft VS Code\bin;D:\apache-maven-3.6.1\bin;C:\Software\python\Scripts;C:\Users\Administrator\AppData\Local\GitHubDesktop\bin;C:\Program Files\Bandizip\;C:\Users\Administrator\AppData\Roaming\npm;.]
2020-03-30 09:52:13 INFO  org.apache.juli.logging.DirectJDKLog 173 log - At least one JAR was scanned for TLDs yet contained no TLDs. Enable debug logging for this logger for a complete list of JARs that were scanned but no TLDs were found in them. Skipping unneeded JARs during scanning can improve startup time and JSP compilation time.
2020-03-30 09:52:13 INFO  org.apache.juli.logging.DirectJDKLog 173 log - Initializing Spring embedded WebApplicationContext
2020-03-30 09:52:13 INFO  org.springframework.boot.web.servlet.context.ServletWebServerApplicationContext 296 prepareWebApplicationContext - Root WebApplicationContext: initialization completed in 2308 ms
2020-03-30 09:52:14 INFO  io.lettuce.core.EpollProvider 68 <clinit> - Starting without optional epoll library
2020-03-30 09:52:14 INFO  io.lettuce.core.KqueueProvider 70 <clinit> - Starting without optional kqueue library
2020-03-30 09:52:15 INFO  org.springframework.scheduling.concurrent.ExecutorConfigurationSupport 171 initialize - Initializing ExecutorService 'applicationTaskExecutor'
2020-03-30 09:52:16 INFO  org.springframework.scheduling.annotation.ScheduledAnnotationBeanPostProcessor 295 finishRegistration - No TaskScheduler/ScheduledExecutorService bean found for scheduled processing
2020-03-30 09:52:16 INFO  org.apache.juli.logging.DirectJDKLog 173 log - Starting ProtocolHandler ["http-nio-8080"]
2020-03-30 09:52:16 INFO  org.springframework.boot.web.embedded.tomcat.TomcatWebServer 204 start - Tomcat started on port(s): 8080 (http) with context path ''
2020-03-30 09:52:16 INFO  org.springframework.boot.StartupInfoLogger 59 logStarted - Started StartApp in 6.062 seconds (JVM running for 8.278)
2020-03-30 09:52:33 INFO  org.apache.juli.logging.DirectJDKLog 173 log - Initializing Spring DispatcherServlet 'dispatcherServlet'
2020-03-30 09:52:33 INFO  org.springframework.web.servlet.FrameworkServlet 524 initServletBean - Initializing Servlet 'dispatcherServlet'
2020-03-30 09:52:33 INFO  org.springframework.web.servlet.FrameworkServlet 546 initServletBean - Completed initialization in 10 ms
2020-03-30 09:52:33 INFO  cn.com.alasky.controller.admin.AdminController 41 getUserPosition - 查看控制台: 639c1f8c-9ec9-42ef-b413-b76711ce57f8
2020-03-30 09:52:33 ERROR com.alibaba.druid.support.logging.Log4j2Impl 58 error - testWhileIdle is true, validationQuery not set
2020-03-30 09:52:33 INFO  com.alibaba.druid.support.logging.Log4j2Impl 106 info - {dataSource-1} inited
2020-03-30 09:52:34 INFO  cn.com.alasky.controller.admin.ActSignUpAdminController 40 getActSignUpAdminActNames - 控制台获取活动名称: 639c1f8c-9ec9-42ef-b413-b76711ce57f8
2020-03-30 09:52:39 INFO  cn.com.alasky.controller.admin.ActSignUpAdminController 59 getActSignUpAdminSignUpInfos - 获取活动报名信息(58): 58
2020-03-30 09:53:10 INFO  cn.com.alasky.controller.admin.AdminController 41 getUserPosition - 查看控制台: 639c1f8c-9ec9-42ef-b413-b76711ce57f8
2020-03-30 09:53:10 INFO  cn.com.alasky.controller.admin.ActSignUpAdminController 40 getActSignUpAdminActNames - 控制台获取活动名称: 639c1f8c-9ec9-42ef-b413-b76711ce57f8
2020-03-30 09:56:35 INFO  cn.com.alasky.controller.admin.ActSignUpAdminController 59 getActSignUpAdminSignUpInfos - 获取活动报名信息(58): 58
2020-03-30 09:57:26 INFO  cn.com.alasky.controller.admin.AdminController 41 getUserPosition - 查看控制台: 639c1f8c-9ec9-42ef-b413-b76711ce57f8
2020-03-30 09:57:26 INFO  cn.com.alasky.controller.admin.ActSignUpAdminController 40 getActSignUpAdminActNames - 控制台获取活动名称: 639c1f8c-9ec9-42ef-b413-b76711ce57f8
2020-03-30 09:57:28 INFO  cn.com.alasky.controller.admin.ActSignUpAdminController 59 getActSignUpAdminSignUpInfos - 获取活动报名信息(58): 58
2020-03-30 09:57:39 INFO  cn.com.alasky.controller.admin.UserDataController 49 getUserData - 查看用户信息: 639c1f8c-9ec9-42ef-b413-b76711ce57f8
2020-03-30 09:58:22 INFO  cn.com.alasky.controller.admin.AdminController 41 getUserPosition - 查看控制台: 639c1f8c-9ec9-42ef-b413-b76711ce57f8
2020-03-30 09:58:22 INFO  cn.com.alasky.controller.admin.UserDataController 49 getUserData - 查看用户信息: 639c1f8c-9ec9-42ef-b413-b76711ce57f8
2020-03-30 09:59:17 INFO  cn.com.alasky.controller.admin.AdminController 41 getUserPosition - 查看控制台: 639c1f8c-9ec9-42ef-b413-b76711ce57f8
2020-03-30 09:59:17 INFO  cn.com.alasky.controller.admin.UserDataController 49 getUserData - 查看用户信息: 639c1f8c-9ec9-42ef-b413-b76711ce57f8
2020-03-30 09:59:23 ERROR cn.com.alasky.controller.admin.AdminController 45 getUserPosition - 获取用户职位出错: java.lang.NullPointerException
2020-03-30 09:59:27 INFO  cn.com.alasky.controller.LoginController 56 getLoginInfo - 新的登录(127.0.0.1): 22233334444
2020-03-30 09:59:28 INFO  cn.com.alasky.controller.admin.AdminController 41 getUserPosition - 查看控制台: 639c1f8c-9ec9-42ef-b413-b76711ce57f8
2020-03-30 09:59:29 INFO  cn.com.alasky.controller.admin.UserDataController 49 getUserData - 查看用户信息: 639c1f8c-9ec9-42ef-b413-b76711ce57f8
2020-03-30 09:59:31 INFO  cn.com.alasky.controller.admin.PersonalDataController 53 getPersonalData - 查看个人信息: 639c1f8c-9ec9-42ef-b413-b76711ce57f8
2020-03-30 09:59:35 INFO  cn.com.alasky.controller.admin.UserDataController 49 getUserData - 查看用户信息: 639c1f8c-9ec9-42ef-b413-b76711ce57f8
2020-03-30 09:59:37 INFO  cn.com.alasky.controller.admin.ActSignUpAdminController 40 getActSignUpAdminActNames - 控制台获取活动名称: 639c1f8c-9ec9-42ef-b413-b76711ce57f8
2020-03-30 09:59:40 INFO  cn.com.alasky.controller.admin.ActSignUpAdminController 59 getActSignUpAdminSignUpInfos - 获取活动报名信息(58): 58
2020-03-30 09:59:49 INFO  cn.com.alasky.controller.admin.ActSignUpAdminController 59 getActSignUpAdminSignUpInfos - 获取活动报名信息(57): 57
2020-03-30 10:00:28 INFO  cn.com.alasky.controller.admin.AdminController 41 getUserPosition - 查看控制台: 639c1f8c-9ec9-42ef-b413-b76711ce57f8
2020-03-30 10:00:29 INFO  cn.com.alasky.controller.admin.ActSignUpAdminController 40 getActSignUpAdminActNames - 控制台获取活动名称: 639c1f8c-9ec9-42ef-b413-b76711ce57f8
2020-03-30 10:00:43 INFO  cn.com.alasky.controller.admin.AdminController 41 getUserPosition - 查看控制台: 639c1f8c-9ec9-42ef-b413-b76711ce57f8
2020-03-30 10:00:43 INFO  cn.com.alasky.controller.admin.UserDataController 49 getUserData - 查看用户信息: 639c1f8c-9ec9-42ef-b413-b76711ce57f8
2020-03-30 10:00:45 INFO  cn.com.alasky.controller.admin.ActSignUpAdminController 40 getActSignUpAdminActNames - 控制台获取活动名称: 639c1f8c-9ec9-42ef-b413-b76711ce57f8
2020-03-30 10:00:48 INFO  cn.com.alasky.controller.admin.ActSignUpAdminController 59 getActSignUpAdminSignUpInfos - 获取活动报名信息(58): 58
2020-03-30 10:00:49 INFO  cn.com.alasky.controller.admin.ActSignUpAdminController 59 getActSignUpAdminSignUpInfos - 获取活动报名信息(57): 57
2020-03-30 10:01:18 INFO  cn.com.alasky.controller.admin.AdminController 41 getUserPosition - 查看控制台: 639c1f8c-9ec9-42ef-b413-b76711ce57f8
2020-03-30 10:01:18 INFO  cn.com.alasky.controller.admin.ActSignUpAdminController 40 getActSignUpAdminActNames - 控制台获取活动名称: 639c1f8c-9ec9-42ef-b413-b76711ce57f8
2020-03-30 10:01:21 INFO  cn.com.alasky.controller.admin.ActSignUpAdminController 40 getActSignUpAdminActNames - 控制台获取活动名称: 639c1f8c-9ec9-42ef-b413-b76711ce57f8
2020-03-30 10:01:52 INFO  cn.com.alasky.controller.admin.ActSignUpAdminController 40 getActSignUpAdminActNames - 控制台获取活动名称: 639c1f8c-9ec9-42ef-b413-b76711ce57f8
2020-03-30 10:02:09 INFO  cn.com.alasky.controller.admin.AdminController 41 getUserPosition - 查看控制台: 639c1f8c-9ec9-42ef-b413-b76711ce57f8
2020-03-30 10:02:09 INFO  cn.com.alasky.controller.admin.ActSignUpAdminController 40 getActSignUpAdminActNames - 控制台获取活动名称: 639c1f8c-9ec9-42ef-b413-b76711ce57f8
2020-03-30 10:02:14 INFO  cn.com.alasky.controller.admin.ActSignUpAdminController 59 getActSignUpAdminSignUpInfos - 获取活动报名信息(58): 58
2020-03-30 10:02:17 INFO  cn.com.alasky.controller.admin.ActSignUpAdminController 59 getActSignUpAdminSignUpInfos - 获取活动报名信息(57): 57
2020-03-30 10:07:31 INFO  org.springframework.scheduling.concurrent.ExecutorConfigurationSupport 208 shutdown - Shutting down ExecutorService 'applicationTaskExecutor'
2020-03-30 10:07:31 INFO  com.alibaba.druid.support.logging.Log4j2Impl 106 info - {dataSource-1} closed
