2020-04-14 22:46:07 INFO  cn.com.alasky.StartApp 28 main - 启动应用
2020-04-14 22:46:08 INFO  org.springframework.boot.StartupInfoLogger 50 logStarting - Starting StartApp on Alasky with PID 10388 (F:\develop\association\target\classes started by Alasky in F:\develop\association)
2020-04-14 22:46:08 INFO  org.springframework.boot.SpringApplication 675 logStartupProfileInfo - No active profile set, falling back to default profiles: default
2020-04-14 22:46:09 INFO  org.springframework.data.repository.config.RepositoryConfigurationDelegate 244 multipleStoresDetected - Multiple Spring Data modules found, entering strict repository configuration mode!
2020-04-14 22:46:09 INFO  org.springframework.data.repository.config.RepositoryConfigurationDelegate 126 registerRepositoriesIn - Bootstrapping Spring Data repositories in DEFAULT mode.
2020-04-14 22:46:09 INFO  org.springframework.data.repository.config.RepositoryConfigurationDelegate 182 registerRepositoriesIn - Finished Spring Data repository scanning in 38ms. Found 0 repository interfaces.
2020-04-14 22:46:10 INFO  org.springframework.context.support.PostProcessorRegistrationDelegate$BeanPostProcessorChecker 330 postProcessAfterInitialization - Bean 'org.springframework.transaction.annotation.ProxyTransactionManagementConfiguration' of type [org.springframework.transaction.annotation.ProxyTransactionManagementConfiguration$$EnhancerBySpringCGLIB$$6f772605] is not eligible for getting processed by all BeanPostProcessors (for example: not eligible for auto-proxying)
2020-04-14 22:46:10 INFO  org.springframework.boot.web.embedded.tomcat.TomcatWebServer 90 initialize - Tomcat initialized with port(s): 8080 (http)
2020-04-14 22:46:11 INFO  org.apache.juli.logging.DirectJDKLog 173 log - Initializing ProtocolHandler ["http-nio-8080"]
2020-04-14 22:46:11 INFO  org.apache.juli.logging.DirectJDKLog 173 log - Starting service [Tomcat]
2020-04-14 22:46:11 INFO  org.apache.juli.logging.DirectJDKLog 173 log - Starting Servlet engine: [Apache Tomcat/9.0.16]
2020-04-14 22:46:11 INFO  org.apache.juli.logging.DirectJDKLog 173 log - The APR based Apache Tomcat Native library which allows optimal performance in production environments was not found on the java.library.path: [C:\Software\java\jdk1.8.0_211\bin;C:\Windows\Sun\Java\bin;C:\Windows\system32;C:\Windows;C:\Software\python\Scripts\;C:\Software\python\;C:\Windows\system32;C:\Windows;C:\Windows\System32\Wbem;C:\Windows\System32\WindowsPowerShell\v1.0\;C:\Windows\System32\OpenSSH\;C:\Software\java\jdk1.8.0_211\bin;C:\Software\java\jdk1.8.0_211\jre\bin;C:\Program Files\Intel\WiFi\bin\;C:\Program Files\Common Files\Intel\WirelessCommon\;D:\hadoop-2.7.7\bin;%CATALINA_HOME%\lib;%CATALINA_HOME%\bin;C:\Program Files (x86)\NVIDIA Corporation\PhysX\Common;C:\Program Files\NVIDIA Corporation\NVIDIA NvDLISR;C:\Software\Git\cmd;D:\mysql-8.0.18-winx64\bin;D:\pandoc\;C:\Program Files\nodejs\;C:\ProgramData\chocolatey\bin;C:\Software\python\python3.6\Scripts\;C:\Software\python\python3.6\;C:\Software\Scripts\;C:\Software\;C:\Users\Administrator\AppData\Local\Microsoft\WindowsApps;C:\Program Files\Intel\WiFi\bin\;C:\Program Files\Common Files\Intel\WirelessCommon\;D:\IntelliJ IDEA 2019.1.2\bin;D:\Microsoft VS Code\bin;D:\apache-maven-3.6.1\bin;C:\Software\python\Scripts;C:\Users\Administrator\AppData\Local\GitHubDesktop\bin;C:\Program Files\Bandizip\;C:\Users\Administrator\AppData\Roaming\npm;.]
2020-04-14 22:46:11 INFO  org.apache.juli.logging.DirectJDKLog 173 log - At least one JAR was scanned for TLDs yet contained no TLDs. Enable debug logging for this logger for a complete list of JARs that were scanned but no TLDs were found in them. Skipping unneeded JARs during scanning can improve startup time and JSP compilation time.
2020-04-14 22:46:11 INFO  org.apache.juli.logging.DirectJDKLog 173 log - Initializing Spring embedded WebApplicationContext
2020-04-14 22:46:11 INFO  org.springframework.boot.web.servlet.context.ServletWebServerApplicationContext 296 prepareWebApplicationContext - Root WebApplicationContext: initialization completed in 2659 ms
2020-04-14 22:46:12 INFO  io.lettuce.core.EpollProvider 68 <clinit> - Starting without optional epoll library
2020-04-14 22:46:12 INFO  io.lettuce.core.KqueueProvider 70 <clinit> - Starting without optional kqueue library
2020-04-14 22:46:14 INFO  org.springframework.scheduling.concurrent.ExecutorConfigurationSupport 171 initialize - Initializing ExecutorService 'applicationTaskExecutor'
2020-04-14 22:46:15 INFO  org.springframework.scheduling.annotation.ScheduledAnnotationBeanPostProcessor 295 finishRegistration - No TaskScheduler/ScheduledExecutorService bean found for scheduled processing
2020-04-14 22:46:15 INFO  org.apache.juli.logging.DirectJDKLog 173 log - Starting ProtocolHandler ["http-nio-8080"]
2020-04-14 22:46:15 INFO  org.springframework.boot.web.embedded.tomcat.TomcatWebServer 204 start - Tomcat started on port(s): 8080 (http) with context path ''
2020-04-14 22:46:15 INFO  org.springframework.boot.StartupInfoLogger 59 logStarted - Started StartApp in 7.268 seconds (JVM running for 9.666)
2020-04-14 22:46:23 INFO  org.apache.juli.logging.DirectJDKLog 173 log - Initializing Spring DispatcherServlet 'dispatcherServlet'
2020-04-14 22:46:23 INFO  org.springframework.web.servlet.FrameworkServlet 524 initServletBean - Initializing Servlet 'dispatcherServlet'
2020-04-14 22:46:23 INFO  org.springframework.web.servlet.FrameworkServlet 546 initServletBean - Completed initialization in 11 ms
2020-04-14 22:46:30 ERROR com.alibaba.druid.support.logging.Log4j2Impl 58 error - testWhileIdle is true, validationQuery not set
2020-04-14 22:46:30 INFO  com.alibaba.druid.support.logging.Log4j2Impl 106 info - {dataSource-1} inited
2020-04-14 22:46:40 INFO  cn.com.alasky.controller.activities.ActSignUpController 46 getActSignUpInfo - 添加新的活动报名信息: 63
2020-04-14 23:04:54 INFO  cn.com.alasky.controller.activities.GetActInfoController 135 getActDetail - 查看活动详细信息: IP: 127.0.0.1 设备信息: [ Windows NT 10.0; Win64; x64 ]
2020-04-14 23:05:00 INFO  cn.com.alasky.controller.admin.AdminController 41 getUserPosition - 查看控制台: 09c97296-2e5e-4f7f-863d-8f87ef31dec1
2020-04-14 23:05:00 INFO  cn.com.alasky.controller.admin.UserDataController 49 getUserData - 查看用户信息: 09c97296-2e5e-4f7f-863d-8f87ef31dec1
2020-04-14 23:05:04 INFO  cn.com.alasky.controller.admin.AssAdminController 43 getAssAdminAssInfo - 查看控制台社团管理: 09c97296-2e5e-4f7f-863d-8f87ef31dec1
2020-04-14 23:06:42 INFO  cn.com.alasky.controller.admin.AssSignUpAdminController 50 getAssSignUpAdminAssName - 查询社团报名信息
2020-04-14 23:06:44 INFO  cn.com.alasky.controller.admin.AssSignUpAdminController 70 getAssSignUpAdminSignUpInfos - 查看社团的报名信息列表(e47154dd-bcd6-448e-a5fd-16f9d9f620ff)
2020-04-14 23:06:56 INFO  cn.com.alasky.controller.association.AssIGetInfoController 51 getUniversityAss - 查看学校社团: 09c97296-2e5e-4f7f-863d-8f87ef31dec1
2020-04-14 23:07:01 INFO  cn.com.alasky.controller.association.AssIGetInfoController 99 getAssDetail - 获取社团详细信息: 09c97296-2e5e-4f7f-863d-8f87ef31dec1
2020-04-14 23:07:05 INFO  cn.com.alasky.controller.association.AssSignUpController 51 getAssSignUp - 新的社团报名: e47154dd-bcd6-448e-a5fd-16f9d9f620ff
2020-04-14 23:07:22 INFO  cn.com.alasky.controller.association.AssSignUpController 51 getAssSignUp - 新的社团报名: e47154dd-bcd6-448e-a5fd-16f9d9f620ff
2020-04-14 23:07:23 INFO  cn.com.alasky.controller.association.AssSignUpController 51 getAssSignUp - 新的社团报名: e47154dd-bcd6-448e-a5fd-16f9d9f620ff
2020-04-14 23:08:04 INFO  cn.com.alasky.controller.association.AssIGetInfoController 51 getUniversityAss - 查看学校社团: 09c97296-2e5e-4f7f-863d-8f87ef31dec1
2020-04-14 23:08:08 INFO  cn.com.alasky.controller.association.AssIGetInfoController 99 getAssDetail - 获取社团详细信息: 09c97296-2e5e-4f7f-863d-8f87ef31dec1
2020-04-14 23:09:06 INFO  cn.com.alasky.controller.association.AssSignUpController 51 getAssSignUp - 新的社团报名: 0bf791aa-bcf4-4288-8d9e-f723f0336b85
2020-04-14 23:09:08 INFO  cn.com.alasky.controller.association.AssIGetInfoController 99 getAssDetail - 获取社团详细信息: 09c97296-2e5e-4f7f-863d-8f87ef31dec1
2020-04-14 23:09:10 INFO  cn.com.alasky.controller.LoginController 100 logout - 33344445555 退出登录
2020-04-14 23:09:17 INFO  cn.com.alasky.controller.LoginController 56 getLoginInfo - 新的登录(127.0.0.1): 44455556666
2020-04-14 23:09:19 INFO  cn.com.alasky.controller.association.AssIGetInfoController 99 getAssDetail - 获取社团详细信息: 0b62a3de-03cc-4be3-a377-3e52c588f2e9
2020-04-14 23:09:23 INFO  cn.com.alasky.controller.admin.AdminController 41 getUserPosition - 查看控制台: 0b62a3de-03cc-4be3-a377-3e52c588f2e9
2020-04-14 23:09:23 INFO  cn.com.alasky.controller.admin.UserDataController 49 getUserData - 查看用户信息: 0b62a3de-03cc-4be3-a377-3e52c588f2e9
2020-04-14 23:09:25 INFO  cn.com.alasky.controller.admin.DepAdminController 47 getDepAdminAssInfo - 查看部门管理: 0b62a3de-03cc-4be3-a377-3e52c588f2e9
2020-04-14 23:09:26 INFO  cn.com.alasky.controller.admin.AssSignUpAdminController 50 getAssSignUpAdminAssName - 查询社团报名信息
2020-04-14 23:09:27 INFO  cn.com.alasky.controller.admin.ActSignUpAdminController 44 getActSignUpAdminActNames - 控制台获取活动名称: 0b62a3de-03cc-4be3-a377-3e52c588f2e9
2020-04-14 23:09:32 INFO  cn.com.alasky.controller.admin.AssSignUpAdminController 50 getAssSignUpAdminAssName - 查询社团报名信息
2020-04-14 23:09:33 INFO  cn.com.alasky.controller.admin.AssDataController 42 getAssData - 获取社团信息: 0b62a3de-03cc-4be3-a377-3e52c588f2e9
2020-04-14 23:09:34 INFO  cn.com.alasky.controller.admin.AssAdminController 43 getAssAdminAssInfo - 查看控制台社团管理: 0b62a3de-03cc-4be3-a377-3e52c588f2e9
2020-04-14 23:09:36 INFO  cn.com.alasky.controller.admin.DepAdminController 47 getDepAdminAssInfo - 查看部门管理: 0b62a3de-03cc-4be3-a377-3e52c588f2e9
2020-04-14 23:09:37 INFO  cn.com.alasky.controller.admin.AssSignUpAdminController 50 getAssSignUpAdminAssName - 查询社团报名信息
2020-04-14 23:09:38 INFO  cn.com.alasky.controller.admin.AssSignUpAdminController 70 getAssSignUpAdminSignUpInfos - 查看社团的报名信息列表(0bf791aa-bcf4-4288-8d9e-f723f0336b85)
2020-04-14 23:11:10 INFO  cn.com.alasky.controller.admin.AssSignUpAdminController 90 getAssSignUpDetail - 查看社团的报名信息详情(11)
2020-04-14 23:12:27 INFO  cn.com.alasky.controller.LoginController 100 logout - 44455556666 退出登录
2020-04-14 23:12:27 ERROR cn.com.alasky.controller.admin.AdminController 45 getUserPosition - 获取用户职位出错: java.lang.NullPointerException
2020-04-14 23:12:39 INFO  cn.com.alasky.controller.LoginController 56 getLoginInfo - 新的登录(127.0.0.1): 33344445555
2020-04-14 23:12:40 INFO  cn.com.alasky.controller.admin.AdminController 41 getUserPosition - 查看控制台: 09c97296-2e5e-4f7f-863d-8f87ef31dec1
2020-04-14 23:12:41 INFO  cn.com.alasky.controller.admin.UserDataController 49 getUserData - 查看用户信息: 09c97296-2e5e-4f7f-863d-8f87ef31dec1
2020-04-14 23:12:47 INFO  cn.com.alasky.controller.association.AssIGetInfoController 51 getUniversityAss - 查看学校社团: 09c97296-2e5e-4f7f-863d-8f87ef31dec1
2020-04-14 23:12:50 INFO  cn.com.alasky.controller.association.AssIGetInfoController 99 getAssDetail - 获取社团详细信息: 09c97296-2e5e-4f7f-863d-8f87ef31dec1
2020-04-14 23:12:58 INFO  cn.com.alasky.controller.association.AssSignUpController 51 getAssSignUp - 新的社团报名: e47154dd-bcd6-448e-a5fd-16f9d9f620ff
2020-04-14 23:13:12 INFO  cn.com.alasky.controller.association.AssIGetInfoController 51 getUniversityAss - 查看学校社团: 09c97296-2e5e-4f7f-863d-8f87ef31dec1
2020-04-14 23:13:15 INFO  cn.com.alasky.controller.association.AssIGetInfoController 99 getAssDetail - 获取社团详细信息: 09c97296-2e5e-4f7f-863d-8f87ef31dec1
2020-04-14 23:13:22 INFO  cn.com.alasky.controller.association.AssSignUpController 51 getAssSignUp - 新的社团报名: 0bf791aa-bcf4-4288-8d9e-f723f0336b85
2020-04-14 23:13:23 INFO  cn.com.alasky.controller.association.AssIGetInfoController 99 getAssDetail - 获取社团详细信息: 09c97296-2e5e-4f7f-863d-8f87ef31dec1
2020-04-14 23:14:01 INFO  cn.com.alasky.controller.admin.AdminController 41 getUserPosition - 查看控制台: 09c97296-2e5e-4f7f-863d-8f87ef31dec1
2020-04-14 23:14:01 INFO  cn.com.alasky.controller.admin.UserDataController 49 getUserData - 查看用户信息: 09c97296-2e5e-4f7f-863d-8f87ef31dec1
2020-04-14 23:14:21 INFO  cn.com.alasky.controller.admin.AssDataController 42 getAssData - 获取社团信息: 09c97296-2e5e-4f7f-863d-8f87ef31dec1
2020-04-14 23:15:54 INFO  cn.com.alasky.controller.admin.AssDataController 97 assDataQuit - 退出社团(e47154dd-bcd6-448e-a5fd-16f9d9f620ff): 09c97296-2e5e-4f7f-863d-8f87ef31dec1
2020-04-14 23:37:36 INFO  org.springframework.scheduling.concurrent.ExecutorConfigurationSupport 208 shutdown - Shutting down ExecutorService 'applicationTaskExecutor'
2020-04-14 23:37:36 INFO  com.alibaba.druid.support.logging.Log4j2Impl 106 info - {dataSource-1} closed
