2020-04-07 12:52:45 INFO  cn.com.alasky.StartApp 28 main - 启动应用
2020-04-07 12:52:46 INFO  org.springframework.boot.StartupInfoLogger 50 logStarting - Starting StartApp on Alasky with PID 1460 (F:\develop\association\target\classes started by Alasky in F:\develop\association)
2020-04-07 12:52:46 INFO  org.springframework.boot.SpringApplication 675 logStartupProfileInfo - No active profile set, falling back to default profiles: default
2020-04-07 12:52:47 INFO  org.springframework.data.repository.config.RepositoryConfigurationDelegate 244 multipleStoresDetected - Multiple Spring Data modules found, entering strict repository configuration mode!
2020-04-07 12:52:47 INFO  org.springframework.data.repository.config.RepositoryConfigurationDelegate 126 registerRepositoriesIn - Bootstrapping Spring Data repositories in DEFAULT mode.
2020-04-07 12:52:47 INFO  org.springframework.data.repository.config.RepositoryConfigurationDelegate 182 registerRepositoriesIn - Finished Spring Data repository scanning in 26ms. Found 0 repository interfaces.
2020-04-07 12:52:48 INFO  org.springframework.context.support.PostProcessorRegistrationDelegate$BeanPostProcessorChecker 330 postProcessAfterInitialization - Bean 'org.springframework.transaction.annotation.ProxyTransactionManagementConfiguration' of type [org.springframework.transaction.annotation.ProxyTransactionManagementConfiguration$$EnhancerBySpringCGLIB$$a5bfccdb] is not eligible for getting processed by all BeanPostProcessors (for example: not eligible for auto-proxying)
2020-04-07 12:52:49 INFO  org.springframework.boot.web.embedded.tomcat.TomcatWebServer 90 initialize - Tomcat initialized with port(s): 8080 (http)
2020-04-07 12:52:49 INFO  org.apache.juli.logging.DirectJDKLog 173 log - Initializing ProtocolHandler ["http-nio-8080"]
2020-04-07 12:52:49 INFO  org.apache.juli.logging.DirectJDKLog 173 log - Starting service [Tomcat]
2020-04-07 12:52:49 INFO  org.apache.juli.logging.DirectJDKLog 173 log - Starting Servlet engine: [Apache Tomcat/9.0.16]
2020-04-07 12:52:49 INFO  org.apache.juli.logging.DirectJDKLog 173 log - The APR based Apache Tomcat Native library which allows optimal performance in production environments was not found on the java.library.path: [C:\Software\java\jdk1.8.0_211\bin;C:\Windows\Sun\Java\bin;C:\Windows\system32;C:\Windows;C:\Software\python\Scripts\;C:\Software\python\;C:\Windows\system32;C:\Windows;C:\Windows\System32\Wbem;C:\Windows\System32\WindowsPowerShell\v1.0\;C:\Windows\System32\OpenSSH\;C:\Software\java\jdk1.8.0_211\bin;C:\Software\java\jdk1.8.0_211\jre\bin;C:\Program Files\Intel\WiFi\bin\;C:\Program Files\Common Files\Intel\WirelessCommon\;D:\hadoop-2.7.7\bin;%CATALINA_HOME%\lib;%CATALINA_HOME%\bin;C:\Program Files (x86)\NVIDIA Corporation\PhysX\Common;C:\Program Files\NVIDIA Corporation\NVIDIA NvDLISR;C:\Software\Git\cmd;D:\mysql-8.0.18-winx64\bin;D:\pandoc\;C:\Program Files\nodejs\;C:\ProgramData\chocolatey\bin;C:\Software\python\python3.6\Scripts\;C:\Software\python\python3.6\;C:\Software\Scripts\;C:\Software\;C:\Users\Administrator\AppData\Local\Microsoft\WindowsApps;C:\Program Files\Intel\WiFi\bin\;C:\Program Files\Common Files\Intel\WirelessCommon\;D:\IntelliJ IDEA 2019.1.2\bin;D:\Microsoft VS Code\bin;D:\apache-maven-3.6.1\bin;C:\Software\python\Scripts;C:\Users\Administrator\AppData\Local\GitHubDesktop\bin;C:\Program Files\Bandizip\;C:\Users\Administrator\AppData\Roaming\npm;.]
2020-04-07 12:52:49 INFO  org.apache.juli.logging.DirectJDKLog 173 log - At least one JAR was scanned for TLDs yet contained no TLDs. Enable debug logging for this logger for a complete list of JARs that were scanned but no TLDs were found in them. Skipping unneeded JARs during scanning can improve startup time and JSP compilation time.
2020-04-07 12:52:49 INFO  org.apache.juli.logging.DirectJDKLog 173 log - Initializing Spring embedded WebApplicationContext
2020-04-07 12:52:49 INFO  org.springframework.boot.web.servlet.context.ServletWebServerApplicationContext 296 prepareWebApplicationContext - Root WebApplicationContext: initialization completed in 3282 ms
2020-04-07 12:52:50 INFO  io.lettuce.core.EpollProvider 68 <clinit> - Starting without optional epoll library
2020-04-07 12:52:50 INFO  io.lettuce.core.KqueueProvider 70 <clinit> - Starting without optional kqueue library
2020-04-07 12:52:52 INFO  org.springframework.scheduling.concurrent.ExecutorConfigurationSupport 171 initialize - Initializing ExecutorService 'applicationTaskExecutor'
2020-04-07 12:52:53 INFO  org.springframework.scheduling.annotation.ScheduledAnnotationBeanPostProcessor 295 finishRegistration - No TaskScheduler/ScheduledExecutorService bean found for scheduled processing
2020-04-07 12:52:53 INFO  org.apache.juli.logging.DirectJDKLog 173 log - Starting ProtocolHandler ["http-nio-8080"]
2020-04-07 12:52:53 INFO  org.springframework.boot.web.embedded.tomcat.TomcatWebServer 204 start - Tomcat started on port(s): 8080 (http) with context path ''
2020-04-07 12:52:53 INFO  org.springframework.boot.StartupInfoLogger 59 logStarted - Started StartApp in 7.577 seconds (JVM running for 9.947)
2020-04-07 12:53:02 INFO  org.apache.juli.logging.DirectJDKLog 173 log - Initializing Spring DispatcherServlet 'dispatcherServlet'
2020-04-07 12:53:02 INFO  org.springframework.web.servlet.FrameworkServlet 524 initServletBean - Initializing Servlet 'dispatcherServlet'
2020-04-07 12:53:02 INFO  org.springframework.web.servlet.FrameworkServlet 546 initServletBean - Completed initialization in 8 ms
2020-04-07 12:53:09 ERROR com.alibaba.druid.support.logging.Log4j2Impl 58 error - testWhileIdle is true, validationQuery not set
2020-04-07 12:53:09 INFO  com.alibaba.druid.support.logging.Log4j2Impl 106 info - {dataSource-1} inited
2020-04-07 12:53:10 INFO  cn.com.alasky.controller.association.AssSignUpController 52 getAssSignUp - 新的社团报名: f315f75a-ca2e-4e69-bbbb-d9dae8cab394
2020-04-07 12:56:00 INFO  cn.com.alasky.controller.association.AssIGetInfoController 99 getAssDetail - 获取社团详细信息: 8cff4bc2-07e3-4099-84f5-89e7b880a197
2020-04-07 12:56:09 INFO  cn.com.alasky.controller.association.AssSignUpController 52 getAssSignUp - 新的社团报名: f315f75a-ca2e-4e69-bbbb-d9dae8cab394
2020-04-07 12:57:47 INFO  cn.com.alasky.controller.association.AssIGetInfoController 99 getAssDetail - 获取社团详细信息: 8cff4bc2-07e3-4099-84f5-89e7b880a197
2020-04-07 12:57:54 INFO  cn.com.alasky.controller.association.AssSignUpController 52 getAssSignUp - 新的社团报名: f315f75a-ca2e-4e69-bbbb-d9dae8cab394
2020-04-07 12:57:56 INFO  cn.com.alasky.controller.association.AssIGetInfoController 99 getAssDetail - 获取社团详细信息: 8cff4bc2-07e3-4099-84f5-89e7b880a197
2020-04-07 12:57:57 INFO  cn.com.alasky.controller.LoginController 100 logout - 11122223333 退出登录
2020-04-07 15:50:34 INFO  io.netty.util.internal.logging.AbstractInternalLogger 219 log - [null, java.io.IOException: An existing connection was forcibly closed by the remote host, java.io.IOException: An existing connection was forcibly closed by the remote host] Unexpected exception during request: [null, java.io.IOException: An existing connection was forcibly closed by the remote host, java.io.IOException: An existing connection was forcibly closed by the remote host]
2020-04-07 15:50:34 INFO  io.netty.util.internal.logging.AbstractInternalLogger 219 log - [null, java.io.IOException: An existing connection was forcibly closed by the remote host, java.io.IOException: An existing connection was forcibly closed by the remote host] Unexpected exception during request: [null, java.io.IOException: An existing connection was forcibly closed by the remote host, java.io.IOException: An existing connection was forcibly closed by the remote host]
2020-04-07 15:50:35 INFO  io.netty.util.internal.logging.AbstractInternalLogger 173 log - Reconnecting, last destination was /192.168.8.101:6379
2020-04-07 15:50:35 INFO  io.netty.util.internal.logging.AbstractInternalLogger 173 log - Reconnecting, last destination was /192.168.8.101:6379
2020-04-07 15:50:45 WARN  io.netty.util.internal.logging.AbstractInternalLogger 176 log - Cannot reconnect: io.netty.channel.ConnectTimeoutException: connection timed out: /192.168.8.101:6379
2020-04-07 15:50:45 WARN  io.netty.util.internal.logging.AbstractInternalLogger 176 log - Cannot reconnect: io.netty.channel.ConnectTimeoutException: connection timed out: /192.168.8.101:6379
2020-04-07 15:50:45 INFO  io.netty.util.internal.logging.AbstractInternalLogger 173 log - Reconnecting, last destination was 192.168.8.101:6379
2020-04-07 15:50:45 INFO  io.netty.util.internal.logging.AbstractInternalLogger 173 log - Reconnecting, last destination was 192.168.8.101:6379
2020-04-07 15:50:45 INFO  io.lettuce.core.protocol.ReconnectionHandler 177 lambda$null$3 - Reconnected to 192.168.8.101:6379
2020-04-07 15:50:45 INFO  io.lettuce.core.protocol.ReconnectionHandler 177 lambda$null$3 - Reconnected to 192.168.8.101:6379
2020-04-07 15:53:13 INFO  cn.com.alasky.controller.LoginController 56 getLoginInfo - 新的登录(127.0.0.1): 11122223333
2020-04-07 15:53:15 ERROR cn.com.alasky.controller.association.AssIGetInfoController 104 getAssDetail - 获取社团详细信息出错: java.lang.NullPointerException
2020-04-07 15:53:17 INFO  cn.com.alasky.controller.admin.AdminController 41 getUserPosition - 查看控制台: 8cff4bc2-07e3-4099-84f5-89e7b880a197
2020-04-07 15:53:17 INFO  cn.com.alasky.controller.admin.UserDataController 49 getUserData - 查看用户信息: 8cff4bc2-07e3-4099-84f5-89e7b880a197
2020-04-07 15:53:21 INFO  cn.com.alasky.controller.admin.ActSignUpAdminController 44 getActSignUpAdminActNames - 控制台获取活动名称: 8cff4bc2-07e3-4099-84f5-89e7b880a197
2020-04-07 16:30:26 INFO  cn.com.alasky.controller.admin.AdminController 41 getUserPosition - 查看控制台: 8cff4bc2-07e3-4099-84f5-89e7b880a197
2020-04-07 16:30:26 INFO  cn.com.alasky.controller.admin.ActSignUpAdminController 44 getActSignUpAdminActNames - 控制台获取活动名称: 8cff4bc2-07e3-4099-84f5-89e7b880a197
2020-04-07 16:30:41 INFO  cn.com.alasky.controller.admin.AdminController 41 getUserPosition - 查看控制台: 8cff4bc2-07e3-4099-84f5-89e7b880a197
2020-04-07 16:30:41 INFO  cn.com.alasky.controller.admin.ActSignUpAdminController 44 getActSignUpAdminActNames - 控制台获取活动名称: 8cff4bc2-07e3-4099-84f5-89e7b880a197
2020-04-07 16:30:41 INFO  cn.com.alasky.controller.admin.AdminController 41 getUserPosition - 查看控制台: 8cff4bc2-07e3-4099-84f5-89e7b880a197
2020-04-07 16:30:41 INFO  cn.com.alasky.controller.admin.ActSignUpAdminController 44 getActSignUpAdminActNames - 控制台获取活动名称: 8cff4bc2-07e3-4099-84f5-89e7b880a197
2020-04-07 16:30:54 INFO  cn.com.alasky.controller.admin.AdminController 41 getUserPosition - 查看控制台: 8cff4bc2-07e3-4099-84f5-89e7b880a197
2020-04-07 16:30:54 INFO  cn.com.alasky.controller.admin.ActSignUpAdminController 44 getActSignUpAdminActNames - 控制台获取活动名称: 8cff4bc2-07e3-4099-84f5-89e7b880a197
2020-04-07 16:31:00 INFO  cn.com.alasky.controller.admin.AdminController 41 getUserPosition - 查看控制台: 8cff4bc2-07e3-4099-84f5-89e7b880a197
2020-04-07 16:31:00 INFO  cn.com.alasky.controller.admin.ActSignUpAdminController 44 getActSignUpAdminActNames - 控制台获取活动名称: 8cff4bc2-07e3-4099-84f5-89e7b880a197
2020-04-07 16:31:10 INFO  cn.com.alasky.controller.admin.AdminController 41 getUserPosition - 查看控制台: 8cff4bc2-07e3-4099-84f5-89e7b880a197
2020-04-07 16:31:10 INFO  cn.com.alasky.controller.admin.ActSignUpAdminController 44 getActSignUpAdminActNames - 控制台获取活动名称: 8cff4bc2-07e3-4099-84f5-89e7b880a197
2020-04-07 16:31:11 INFO  cn.com.alasky.controller.admin.AdminController 41 getUserPosition - 查看控制台: 8cff4bc2-07e3-4099-84f5-89e7b880a197
2020-04-07 16:31:11 INFO  cn.com.alasky.controller.admin.ActSignUpAdminController 44 getActSignUpAdminActNames - 控制台获取活动名称: 8cff4bc2-07e3-4099-84f5-89e7b880a197
2020-04-07 16:35:56 INFO  cn.com.alasky.controller.admin.AdminController 41 getUserPosition - 查看控制台: 8cff4bc2-07e3-4099-84f5-89e7b880a197
2020-04-07 16:35:56 INFO  cn.com.alasky.controller.admin.UserDataController 49 getUserData - 查看用户信息: 8cff4bc2-07e3-4099-84f5-89e7b880a197
2020-04-07 16:36:15 INFO  cn.com.alasky.controller.admin.AdminController 41 getUserPosition - 查看控制台: 8cff4bc2-07e3-4099-84f5-89e7b880a197
2020-04-07 16:36:15 INFO  cn.com.alasky.controller.admin.UserDataController 49 getUserData - 查看用户信息: 8cff4bc2-07e3-4099-84f5-89e7b880a197
2020-04-07 16:37:02 INFO  cn.com.alasky.controller.admin.AdminController 41 getUserPosition - 查看控制台: 8cff4bc2-07e3-4099-84f5-89e7b880a197
2020-04-07 16:37:02 INFO  cn.com.alasky.controller.admin.UserDataController 49 getUserData - 查看用户信息: 8cff4bc2-07e3-4099-84f5-89e7b880a197
2020-04-07 16:38:14 INFO  cn.com.alasky.controller.admin.ActSignUpAdminController 44 getActSignUpAdminActNames - 控制台获取活动名称: 8cff4bc2-07e3-4099-84f5-89e7b880a197
2020-04-07 16:43:27 INFO  cn.com.alasky.controller.admin.ActSignUpAdminController 44 getActSignUpAdminActNames - 控制台获取活动名称: 8cff4bc2-07e3-4099-84f5-89e7b880a197
2020-04-07 16:44:34 INFO  cn.com.alasky.controller.admin.ActSignUpAdminController 44 getActSignUpAdminActNames - 控制台获取活动名称: 8cff4bc2-07e3-4099-84f5-89e7b880a197
2020-04-07 16:44:35 INFO  cn.com.alasky.controller.admin.ActSignUpAdminController 44 getActSignUpAdminActNames - 控制台获取活动名称: 8cff4bc2-07e3-4099-84f5-89e7b880a197
2020-04-07 16:45:26 INFO  cn.com.alasky.controller.admin.AdminController 41 getUserPosition - 查看控制台: 8cff4bc2-07e3-4099-84f5-89e7b880a197
2020-04-07 16:45:26 INFO  cn.com.alasky.controller.admin.ActSignUpAdminController 44 getActSignUpAdminActNames - 控制台获取活动名称: 8cff4bc2-07e3-4099-84f5-89e7b880a197
2020-04-07 16:46:28 INFO  cn.com.alasky.controller.admin.ActSignUpAdminController 44 getActSignUpAdminActNames - 控制台获取活动名称: 8cff4bc2-07e3-4099-84f5-89e7b880a197
2020-04-07 16:49:59 INFO  cn.com.alasky.controller.admin.ActSignUpAdminController 44 getActSignUpAdminActNames - 控制台获取活动名称: 8cff4bc2-07e3-4099-84f5-89e7b880a197
2020-04-07 16:52:13 INFO  cn.com.alasky.controller.admin.AdminController 41 getUserPosition - 查看控制台: 8cff4bc2-07e3-4099-84f5-89e7b880a197
2020-04-07 16:52:13 INFO  cn.com.alasky.controller.admin.ActSignUpAdminController 44 getActSignUpAdminActNames - 控制台获取活动名称: 8cff4bc2-07e3-4099-84f5-89e7b880a197
2020-04-07 16:52:20 INFO  cn.com.alasky.controller.admin.AdminController 41 getUserPosition - 查看控制台: 8cff4bc2-07e3-4099-84f5-89e7b880a197
2020-04-07 16:52:20 INFO  cn.com.alasky.controller.admin.ActSignUpAdminController 44 getActSignUpAdminActNames - 控制台获取活动名称: 8cff4bc2-07e3-4099-84f5-89e7b880a197
2020-04-07 16:56:45 INFO  cn.com.alasky.controller.admin.AdminController 41 getUserPosition - 查看控制台: 8cff4bc2-07e3-4099-84f5-89e7b880a197
2020-04-07 16:56:45 INFO  cn.com.alasky.controller.admin.UserDataController 49 getUserData - 查看用户信息: 8cff4bc2-07e3-4099-84f5-89e7b880a197
2020-04-07 16:56:59 INFO  cn.com.alasky.controller.admin.AdminController 41 getUserPosition - 查看控制台: 8cff4bc2-07e3-4099-84f5-89e7b880a197
2020-04-07 16:57:00 INFO  cn.com.alasky.controller.admin.UserDataController 49 getUserData - 查看用户信息: 8cff4bc2-07e3-4099-84f5-89e7b880a197
2020-04-07 16:57:05 INFO  cn.com.alasky.controller.admin.ActSignUpAdminController 44 getActSignUpAdminActNames - 控制台获取活动名称: 8cff4bc2-07e3-4099-84f5-89e7b880a197
2020-04-07 16:57:08 INFO  cn.com.alasky.controller.admin.ActSignUpAdminController 44 getActSignUpAdminActNames - 控制台获取活动名称: 8cff4bc2-07e3-4099-84f5-89e7b880a197
2020-04-07 16:57:10 INFO  cn.com.alasky.controller.admin.ActSignUpAdminController 44 getActSignUpAdminActNames - 控制台获取活动名称: 8cff4bc2-07e3-4099-84f5-89e7b880a197
2020-04-07 17:12:20 INFO  cn.com.alasky.controller.admin.AdminController 41 getUserPosition - 查看控制台: 8cff4bc2-07e3-4099-84f5-89e7b880a197
2020-04-07 17:12:28 INFO  cn.com.alasky.controller.admin.AdminController 41 getUserPosition - 查看控制台: 8cff4bc2-07e3-4099-84f5-89e7b880a197
2020-04-07 17:13:07 INFO  cn.com.alasky.controller.admin.AdminController 41 getUserPosition - 查看控制台: 8cff4bc2-07e3-4099-84f5-89e7b880a197
2020-04-07 17:14:11 INFO  cn.com.alasky.controller.admin.AdminController 41 getUserPosition - 查看控制台: 8cff4bc2-07e3-4099-84f5-89e7b880a197
2020-04-07 17:14:12 INFO  cn.com.alasky.controller.admin.UserDataController 49 getUserData - 查看用户信息: 8cff4bc2-07e3-4099-84f5-89e7b880a197
2020-04-07 17:18:25 INFO  cn.com.alasky.controller.admin.AdminController 41 getUserPosition - 查看控制台: 8cff4bc2-07e3-4099-84f5-89e7b880a197
2020-04-07 17:18:25 INFO  cn.com.alasky.controller.admin.UserDataController 49 getUserData - 查看用户信息: 8cff4bc2-07e3-4099-84f5-89e7b880a197
2020-04-07 17:26:45 INFO  org.springframework.scheduling.concurrent.ExecutorConfigurationSupport 208 shutdown - Shutting down ExecutorService 'applicationTaskExecutor'
2020-04-07 17:26:45 INFO  com.alibaba.druid.support.logging.Log4j2Impl 106 info - {dataSource-1} closed
