2020-04-07 18:07:24 INFO  cn.com.alasky.StartApp 28 main - 启动应用
2020-04-07 18:07:25 INFO  org.springframework.boot.StartupInfoLogger 50 logStarting - Starting StartApp on Alasky with PID 3572 (F:\develop\association\target\classes started by Alasky in F:\develop\association)
2020-04-07 18:07:25 INFO  org.springframework.boot.SpringApplication 675 logStartupProfileInfo - No active profile set, falling back to default profiles: default
2020-04-07 18:07:26 INFO  org.springframework.data.repository.config.RepositoryConfigurationDelegate 244 multipleStoresDetected - Multiple Spring Data modules found, entering strict repository configuration mode!
2020-04-07 18:07:26 INFO  org.springframework.data.repository.config.RepositoryConfigurationDelegate 126 registerRepositoriesIn - Bootstrapping Spring Data repositories in DEFAULT mode.
2020-04-07 18:07:26 INFO  org.springframework.data.repository.config.RepositoryConfigurationDelegate 182 registerRepositoriesIn - Finished Spring Data repository scanning in 30ms. Found 0 repository interfaces.
2020-04-07 18:07:26 INFO  org.springframework.context.support.PostProcessorRegistrationDelegate$BeanPostProcessorChecker 330 postProcessAfterInitialization - Bean 'org.springframework.transaction.annotation.ProxyTransactionManagementConfiguration' of type [org.springframework.transaction.annotation.ProxyTransactionManagementConfiguration$$EnhancerBySpringCGLIB$$154ce814] is not eligible for getting processed by all BeanPostProcessors (for example: not eligible for auto-proxying)
2020-04-07 18:07:27 INFO  org.springframework.boot.web.embedded.tomcat.TomcatWebServer 90 initialize - Tomcat initialized with port(s): 8080 (http)
2020-04-07 18:07:27 INFO  org.apache.juli.logging.DirectJDKLog 173 log - Initializing ProtocolHandler ["http-nio-8080"]
2020-04-07 18:07:27 INFO  org.apache.juli.logging.DirectJDKLog 173 log - Starting service [Tomcat]
2020-04-07 18:07:27 INFO  org.apache.juli.logging.DirectJDKLog 173 log - Starting Servlet engine: [Apache Tomcat/9.0.16]
2020-04-07 18:07:27 INFO  org.apache.juli.logging.DirectJDKLog 173 log - The APR based Apache Tomcat Native library which allows optimal performance in production environments was not found on the java.library.path: [C:\Software\java\jdk1.8.0_211\bin;C:\Windows\Sun\Java\bin;C:\Windows\system32;C:\Windows;C:\Software\python\Scripts\;C:\Software\python\;C:\Windows\system32;C:\Windows;C:\Windows\System32\Wbem;C:\Windows\System32\WindowsPowerShell\v1.0\;C:\Windows\System32\OpenSSH\;C:\Software\java\jdk1.8.0_211\bin;C:\Software\java\jdk1.8.0_211\jre\bin;C:\Program Files\Intel\WiFi\bin\;C:\Program Files\Common Files\Intel\WirelessCommon\;D:\hadoop-2.7.7\bin;%CATALINA_HOME%\lib;%CATALINA_HOME%\bin;C:\Program Files (x86)\NVIDIA Corporation\PhysX\Common;C:\Program Files\NVIDIA Corporation\NVIDIA NvDLISR;C:\Software\Git\cmd;D:\mysql-8.0.18-winx64\bin;D:\pandoc\;C:\Program Files\nodejs\;C:\ProgramData\chocolatey\bin;C:\Software\python\python3.6\Scripts\;C:\Software\python\python3.6\;C:\Software\Scripts\;C:\Software\;C:\Users\Administrator\AppData\Local\Microsoft\WindowsApps;C:\Program Files\Intel\WiFi\bin\;C:\Program Files\Common Files\Intel\WirelessCommon\;D:\IntelliJ IDEA 2019.1.2\bin;D:\Microsoft VS Code\bin;D:\apache-maven-3.6.1\bin;C:\Software\python\Scripts;C:\Users\Administrator\AppData\Local\GitHubDesktop\bin;C:\Program Files\Bandizip\;C:\Users\Administrator\AppData\Roaming\npm;.]
2020-04-07 18:07:27 INFO  org.apache.juli.logging.DirectJDKLog 173 log - At least one JAR was scanned for TLDs yet contained no TLDs. Enable debug logging for this logger for a complete list of JARs that were scanned but no TLDs were found in them. Skipping unneeded JARs during scanning can improve startup time and JSP compilation time.
2020-04-07 18:07:27 INFO  org.apache.juli.logging.DirectJDKLog 173 log - Initializing Spring embedded WebApplicationContext
2020-04-07 18:07:27 INFO  org.springframework.boot.web.servlet.context.ServletWebServerApplicationContext 296 prepareWebApplicationContext - Root WebApplicationContext: initialization completed in 2433 ms
2020-04-07 18:07:28 INFO  io.lettuce.core.EpollProvider 68 <clinit> - Starting without optional epoll library
2020-04-07 18:07:28 INFO  io.lettuce.core.KqueueProvider 70 <clinit> - Starting without optional kqueue library
2020-04-07 18:07:30 INFO  org.springframework.scheduling.concurrent.ExecutorConfigurationSupport 171 initialize - Initializing ExecutorService 'applicationTaskExecutor'
2020-04-07 18:07:31 INFO  org.springframework.scheduling.annotation.ScheduledAnnotationBeanPostProcessor 295 finishRegistration - No TaskScheduler/ScheduledExecutorService bean found for scheduled processing
2020-04-07 18:07:31 INFO  org.apache.juli.logging.DirectJDKLog 173 log - Starting ProtocolHandler ["http-nio-8080"]
2020-04-07 18:07:31 INFO  org.springframework.boot.web.embedded.tomcat.TomcatWebServer 204 start - Tomcat started on port(s): 8080 (http) with context path ''
2020-04-07 18:07:31 INFO  org.springframework.boot.StartupInfoLogger 59 logStarted - Started StartApp in 6.699 seconds (JVM running for 9.035)
2020-04-07 18:07:45 INFO  org.apache.juli.logging.DirectJDKLog 173 log - Initializing Spring DispatcherServlet 'dispatcherServlet'
2020-04-07 18:07:45 INFO  org.springframework.web.servlet.FrameworkServlet 524 initServletBean - Initializing Servlet 'dispatcherServlet'
2020-04-07 18:07:45 INFO  org.springframework.web.servlet.FrameworkServlet 546 initServletBean - Completed initialization in 11 ms
2020-04-07 18:07:45 INFO  cn.com.alasky.controller.admin.AdminController 41 getUserPosition - 查看控制台: 8cff4bc2-07e3-4099-84f5-89e7b880a197
2020-04-07 18:07:45 ERROR com.alibaba.druid.support.logging.Log4j2Impl 58 error - testWhileIdle is true, validationQuery not set
2020-04-07 18:07:45 INFO  com.alibaba.druid.support.logging.Log4j2Impl 106 info - {dataSource-1} inited
2020-04-07 18:07:46 INFO  cn.com.alasky.controller.admin.AssSignUpAdminController 49 getAssSignUpAdminAssName - 查询社团报名信息
2020-04-07 18:07:57 ERROR org.apache.juli.logging.DirectJDKLog 175 log - Servlet.service() for servlet [dispatcherServlet] in context with path [] threw exception [Request processing failed; nested exception is java.lang.IllegalStateException: Optional int parameter 'actId' is present but cannot be translated into a null value due to being declared as a primitive type. Consider declaring it as object wrapper for the corresponding primitive type.] with root cause java.lang.IllegalStateException: Optional int parameter 'actId' is present but cannot be translated into a null value due to being declared as a primitive type. Consider declaring it as object wrapper for the corresponding primitive type.
	at org.springframework.web.method.annotation.AbstractNamedValueMethodArgumentResolver.handleNullValue(AbstractNamedValueMethodArgumentResolver.java:245) ~[spring-web-5.1.5.RELEASE.jar:5.1.5.RELEASE]
	at org.springframework.web.method.annotation.AbstractNamedValueMethodArgumentResolver.resolveArgument(AbstractNamedValueMethodArgumentResolver.java:115) ~[spring-web-5.1.5.RELEASE.jar:5.1.5.RELEASE]
	at org.springframework.web.method.support.HandlerMethodArgumentResolverComposite.resolveArgument(HandlerMethodArgumentResolverComposite.java:126) ~[spring-web-5.1.5.RELEASE.jar:5.1.5.RELEASE]
	at org.springframework.web.method.support.InvocableHandlerMethod.getMethodArgumentValues(InvocableHandlerMethod.java:166) ~[spring-web-5.1.5.RELEASE.jar:5.1.5.RELEASE]
	at org.springframework.web.method.support.InvocableHandlerMethod.invokeForRequest(InvocableHandlerMethod.java:134) ~[spring-web-5.1.5.RELEASE.jar:5.1.5.RELEASE]
	at org.springframework.web.servlet.mvc.method.annotation.ServletInvocableHandlerMethod.invokeAndHandle(ServletInvocableHandlerMethod.java:102) ~[spring-webmvc-5.1.5.RELEASE.jar:5.1.5.RELEASE]
	at org.springframework.web.servlet.mvc.method.annotation.RequestMappingHandlerAdapter.invokeHandlerMethod(RequestMappingHandlerAdapter.java:895) ~[spring-webmvc-5.1.5.RELEASE.jar:5.1.5.RELEASE]
	at org.springframework.web.servlet.mvc.method.annotation.RequestMappingHandlerAdapter.handleInternal(RequestMappingHandlerAdapter.java:800) ~[spring-webmvc-5.1.5.RELEASE.jar:5.1.5.RELEASE]
	at org.springframework.web.servlet.mvc.method.AbstractHandlerMethodAdapter.handle(AbstractHandlerMethodAdapter.java:87) ~[spring-webmvc-5.1.5.RELEASE.jar:5.1.5.RELEASE]
	at org.springframework.web.servlet.DispatcherServlet.doDispatch(DispatcherServlet.java:1038) ~[spring-webmvc-5.1.5.RELEASE.jar:5.1.5.RELEASE]
	at org.springframework.web.servlet.DispatcherServlet.doService(DispatcherServlet.java:942) ~[spring-webmvc-5.1.5.RELEASE.jar:5.1.5.RELEASE]
	at org.springframework.web.servlet.FrameworkServlet.processRequest(FrameworkServlet.java:1005) ~[spring-webmvc-5.1.5.RELEASE.jar:5.1.5.RELEASE]
	at org.springframework.web.servlet.FrameworkServlet.doGet(FrameworkServlet.java:897) ~[spring-webmvc-5.1.5.RELEASE.jar:5.1.5.RELEASE]
	at javax.servlet.http.HttpServlet.service(HttpServlet.java:645) ~[javax.servlet-api-4.0.1.jar:4.0.1]
	at org.springframework.web.servlet.FrameworkServlet.service(FrameworkServlet.java:882) ~[spring-webmvc-5.1.5.RELEASE.jar:5.1.5.RELEASE]
	at javax.servlet.http.HttpServlet.service(HttpServlet.java:750) ~[javax.servlet-api-4.0.1.jar:4.0.1]
	at org.apache.catalina.core.ApplicationFilterChain.internalDoFilter(ApplicationFilterChain.java:231) ~[tomcat-embed-core-9.0.16.jar:9.0.16]
	at org.apache.catalina.core.ApplicationFilterChain.doFilter(ApplicationFilterChain.java:166) ~[tomcat-embed-core-9.0.16.jar:9.0.16]
	at org.apache.tomcat.websocket.server.WsFilter.doFilter(WsFilter.java:53) ~[tomcat-embed-websocket-9.0.16.jar:9.0.16]
	at org.apache.catalina.core.ApplicationFilterChain.internalDoFilter(ApplicationFilterChain.java:193) ~[tomcat-embed-core-9.0.16.jar:9.0.16]
	at org.apache.catalina.core.ApplicationFilterChain.doFilter(ApplicationFilterChain.java:166) ~[tomcat-embed-core-9.0.16.jar:9.0.16]
	at org.springframework.web.filter.RequestContextFilter.doFilterInternal(RequestContextFilter.java:99) ~[spring-web-5.1.5.RELEASE.jar:5.1.5.RELEASE]
	at org.springframework.web.filter.OncePerRequestFilter.doFilter(OncePerRequestFilter.java:107) ~[spring-web-5.1.5.RELEASE.jar:5.1.5.RELEASE]
	at org.apache.catalina.core.ApplicationFilterChain.internalDoFilter(ApplicationFilterChain.java:193) ~[tomcat-embed-core-9.0.16.jar:9.0.16]
	at org.apache.catalina.core.ApplicationFilterChain.doFilter(ApplicationFilterChain.java:166) ~[tomcat-embed-core-9.0.16.jar:9.0.16]
	at org.springframework.web.filter.FormContentFilter.doFilterInternal(FormContentFilter.java:92) ~[spring-web-5.1.5.RELEASE.jar:5.1.5.RELEASE]
	at org.springframework.web.filter.OncePerRequestFilter.doFilter(OncePerRequestFilter.java:107) ~[spring-web-5.1.5.RELEASE.jar:5.1.5.RELEASE]
	at org.apache.catalina.core.ApplicationFilterChain.internalDoFilter(ApplicationFilterChain.java:193) ~[tomcat-embed-core-9.0.16.jar:9.0.16]
	at org.apache.catalina.core.ApplicationFilterChain.doFilter(ApplicationFilterChain.java:166) ~[tomcat-embed-core-9.0.16.jar:9.0.16]
	at org.springframework.web.filter.HiddenHttpMethodFilter.doFilterInternal(HiddenHttpMethodFilter.java:93) ~[spring-web-5.1.5.RELEASE.jar:5.1.5.RELEASE]
	at org.springframework.web.filter.OncePerRequestFilter.doFilter(OncePerRequestFilter.java:107) ~[spring-web-5.1.5.RELEASE.jar:5.1.5.RELEASE]
	at org.apache.catalina.core.ApplicationFilterChain.internalDoFilter(ApplicationFilterChain.java:193) ~[tomcat-embed-core-9.0.16.jar:9.0.16]
	at org.apache.catalina.core.ApplicationFilterChain.doFilter(ApplicationFilterChain.java:166) ~[tomcat-embed-core-9.0.16.jar:9.0.16]
	at org.springframework.session.web.http.SessionRepositoryFilter.doFilterInternal(SessionRepositoryFilter.java:151) ~[spring-session-core-2.1.4.RELEASE.jar:2.1.4.RELEASE]
	at org.springframework.session.web.http.OncePerRequestFilter.doFilter(OncePerRequestFilter.java:81) ~[spring-session-core-2.1.4.RELEASE.jar:2.1.4.RELEASE]
	at org.apache.catalina.core.ApplicationFilterChain.internalDoFilter(ApplicationFilterChain.java:193) ~[tomcat-embed-core-9.0.16.jar:9.0.16]
	at org.apache.catalina.core.ApplicationFilterChain.doFilter(ApplicationFilterChain.java:166) ~[tomcat-embed-core-9.0.16.jar:9.0.16]
	at org.springframework.web.filter.CharacterEncodingFilter.doFilterInternal(CharacterEncodingFilter.java:200) ~[spring-web-5.1.5.RELEASE.jar:5.1.5.RELEASE]
	at org.springframework.web.filter.OncePerRequestFilter.doFilter(OncePerRequestFilter.java:107) ~[spring-web-5.1.5.RELEASE.jar:5.1.5.RELEASE]
	at org.apache.catalina.core.ApplicationFilterChain.internalDoFilter(ApplicationFilterChain.java:193) ~[tomcat-embed-core-9.0.16.jar:9.0.16]
	at org.apache.catalina.core.ApplicationFilterChain.doFilter(ApplicationFilterChain.java:166) ~[tomcat-embed-core-9.0.16.jar:9.0.16]
	at org.apache.catalina.core.StandardWrapperValve.invoke(StandardWrapperValve.java:200) [tomcat-embed-core-9.0.16.jar:9.0.16]
	at org.apache.catalina.core.StandardContextValve.invoke(StandardContextValve.java:96) [tomcat-embed-core-9.0.16.jar:9.0.16]
	at org.apache.catalina.authenticator.AuthenticatorBase.invoke(AuthenticatorBase.java:490) [tomcat-embed-core-9.0.16.jar:9.0.16]
	at org.apache.catalina.core.StandardHostValve.invoke(StandardHostValve.java:139) [tomcat-embed-core-9.0.16.jar:9.0.16]
	at org.apache.catalina.valves.ErrorReportValve.invoke(ErrorReportValve.java:92) [tomcat-embed-core-9.0.16.jar:9.0.16]
	at org.apache.catalina.core.StandardEngineValve.invoke(StandardEngineValve.java:74) [tomcat-embed-core-9.0.16.jar:9.0.16]
	at org.apache.catalina.connector.CoyoteAdapter.service(CoyoteAdapter.java:343) [tomcat-embed-core-9.0.16.jar:9.0.16]
	at org.apache.coyote.http11.Http11Processor.service(Http11Processor.java:408) [tomcat-embed-core-9.0.16.jar:9.0.16]
	at org.apache.coyote.AbstractProcessorLight.process(AbstractProcessorLight.java:66) [tomcat-embed-core-9.0.16.jar:9.0.16]
	at org.apache.coyote.AbstractProtocol$ConnectionHandler.process(AbstractProtocol.java:834) [tomcat-embed-core-9.0.16.jar:9.0.16]
	at org.apache.tomcat.util.net.NioEndpoint$SocketProcessor.doRun(NioEndpoint.java:1415) [tomcat-embed-core-9.0.16.jar:9.0.16]
	at org.apache.tomcat.util.net.SocketProcessorBase.run(SocketProcessorBase.java:49) [tomcat-embed-core-9.0.16.jar:9.0.16]
	at java.util.concurrent.ThreadPoolExecutor.runWorker(ThreadPoolExecutor.java:1149) [?:1.8.0_211]
	at java.util.concurrent.ThreadPoolExecutor$Worker.run(ThreadPoolExecutor.java:624) [?:1.8.0_211]
	at org.apache.tomcat.util.threads.TaskThread$WrappingRunnable.run(TaskThread.java:61) [tomcat-embed-core-9.0.16.jar:9.0.16]
	at java.lang.Thread.run(Thread.java:748) [?:1.8.0_211]

2020-04-07 18:09:14 INFO  cn.com.alasky.controller.admin.AdminController 41 getUserPosition - 查看控制台: 8cff4bc2-07e3-4099-84f5-89e7b880a197
2020-04-07 18:09:15 INFO  cn.com.alasky.controller.admin.AssSignUpAdminController 49 getAssSignUpAdminAssName - 查询社团报名信息
2020-04-07 18:10:34 INFO  cn.com.alasky.controller.admin.AdminController 41 getUserPosition - 查看控制台: 8cff4bc2-07e3-4099-84f5-89e7b880a197
2020-04-07 18:10:34 INFO  cn.com.alasky.controller.admin.AssSignUpAdminController 49 getAssSignUpAdminAssName - 查询社团报名信息
2020-04-07 18:55:59 INFO  io.netty.util.internal.logging.AbstractInternalLogger 219 log - [null, java.io.IOException: An existing connection was forcibly closed by the remote host, java.io.IOException: An existing connection was forcibly closed by the remote host] Unexpected exception during request: [null, java.io.IOException: An existing connection was forcibly closed by the remote host, java.io.IOException: An existing connection was forcibly closed by the remote host]
2020-04-07 18:55:59 INFO  io.netty.util.internal.logging.AbstractInternalLogger 219 log - [null, java.io.IOException: An existing connection was forcibly closed by the remote host, java.io.IOException: An existing connection was forcibly closed by the remote host] Unexpected exception during request: [null, java.io.IOException: An existing connection was forcibly closed by the remote host, java.io.IOException: An existing connection was forcibly closed by the remote host]
2020-04-07 18:55:59 INFO  io.netty.util.internal.logging.AbstractInternalLogger 173 log - Reconnecting, last destination was /192.168.8.101:6379
2020-04-07 18:55:59 INFO  io.netty.util.internal.logging.AbstractInternalLogger 173 log - Reconnecting, last destination was /192.168.8.101:6379
2020-04-07 18:56:00 ERROR org.springframework.scheduling.support.TaskUtils$LoggingErrorHandler 96 handleError - Unexpected error occurred in scheduled task. org.springframework.dao.QueryTimeoutException: Redis command timed out; nested exception is io.lettuce.core.RedisCommandTimeoutException: Command timed out after 200 millisecond(s)
	at org.springframework.data.redis.connection.lettuce.LettuceExceptionConverter.convert(LettuceExceptionConverter.java:70) ~[spring-data-redis-2.1.5.RELEASE.jar:2.1.5.RELEASE]
	at org.springframework.data.redis.connection.lettuce.LettuceExceptionConverter.convert(LettuceExceptionConverter.java:41) ~[spring-data-redis-2.1.5.RELEASE.jar:2.1.5.RELEASE]
	at org.springframework.data.redis.PassThroughExceptionTranslationStrategy.translate(PassThroughExceptionTranslationStrategy.java:44) ~[spring-data-redis-2.1.5.RELEASE.jar:2.1.5.RELEASE]
	at org.springframework.data.redis.FallbackExceptionTranslationStrategy.translate(FallbackExceptionTranslationStrategy.java:42) ~[spring-data-redis-2.1.5.RELEASE.jar:2.1.5.RELEASE]
	at org.springframework.data.redis.connection.lettuce.LettuceConnection.convertLettuceAccessException(LettuceConnection.java:268) ~[spring-data-redis-2.1.5.RELEASE.jar:2.1.5.RELEASE]
	at org.springframework.data.redis.connection.lettuce.LettuceSetCommands.convertLettuceAccessException(LettuceSetCommands.java:520) ~[spring-data-redis-2.1.5.RELEASE.jar:2.1.5.RELEASE]
	at org.springframework.data.redis.connection.lettuce.LettuceSetCommands.sMembers(LettuceSetCommands.java:245) ~[spring-data-redis-2.1.5.RELEASE.jar:2.1.5.RELEASE]
	at org.springframework.data.redis.connection.DefaultedRedisConnection.sMembers(DefaultedRedisConnection.java:607) ~[spring-data-redis-2.1.5.RELEASE.jar:2.1.5.RELEASE]
	at org.springframework.data.redis.core.DefaultSetOperations.lambda$members$6(DefaultSetOperations.java:158) ~[spring-data-redis-2.1.5.RELEASE.jar:2.1.5.RELEASE]
	at org.springframework.data.redis.core.RedisTemplate.execute(RedisTemplate.java:224) ~[spring-data-redis-2.1.5.RELEASE.jar:2.1.5.RELEASE]
	at org.springframework.data.redis.core.RedisTemplate.execute(RedisTemplate.java:184) ~[spring-data-redis-2.1.5.RELEASE.jar:2.1.5.RELEASE]
	at org.springframework.data.redis.core.AbstractOperations.execute(AbstractOperations.java:95) ~[spring-data-redis-2.1.5.RELEASE.jar:2.1.5.RELEASE]
	at org.springframework.data.redis.core.DefaultSetOperations.members(DefaultSetOperations.java:158) ~[spring-data-redis-2.1.5.RELEASE.jar:2.1.5.RELEASE]
	at org.springframework.data.redis.core.DefaultBoundSetOperations.members(DefaultBoundSetOperations.java:152) ~[spring-data-redis-2.1.5.RELEASE.jar:2.1.5.RELEASE]
	at org.springframework.session.data.redis.RedisSessionExpirationPolicy.cleanExpiredSessions(RedisSessionExpirationPolicy.java:132) ~[spring-session-data-redis-2.1.4.RELEASE.jar:2.1.4.RELEASE]
	at org.springframework.session.data.redis.RedisOperationsSessionRepository.cleanupExpiredSessions(RedisOperationsSessionRepository.java:430) ~[spring-session-data-redis-2.1.4.RELEASE.jar:2.1.4.RELEASE]
	at org.springframework.session.data.redis.config.annotation.web.http.RedisHttpSessionConfiguration.lambda$configureTasks$0(RedisHttpSessionConfiguration.java:248) ~[spring-session-data-redis-2.1.4.RELEASE.jar:2.1.4.RELEASE]
	at org.springframework.scheduling.support.DelegatingErrorHandlingRunnable.run(DelegatingErrorHandlingRunnable.java:54) [spring-context-5.1.5.RELEASE.jar:5.1.5.RELEASE]
	at org.springframework.scheduling.concurrent.ReschedulingRunnable.run(ReschedulingRunnable.java:93) [spring-context-5.1.5.RELEASE.jar:5.1.5.RELEASE]
	at java.util.concurrent.Executors$RunnableAdapter.call(Executors.java:511) [?:1.8.0_211]
	at java.util.concurrent.FutureTask.run$$$capture(FutureTask.java:266) [?:1.8.0_211]
	at java.util.concurrent.FutureTask.run(FutureTask.java) [?:1.8.0_211]
	at java.util.concurrent.ScheduledThreadPoolExecutor$ScheduledFutureTask.access$201(ScheduledThreadPoolExecutor.java:180) [?:1.8.0_211]
	at java.util.concurrent.ScheduledThreadPoolExecutor$ScheduledFutureTask.run(ScheduledThreadPoolExecutor.java:293) [?:1.8.0_211]
	at java.util.concurrent.ThreadPoolExecutor.runWorker(ThreadPoolExecutor.java:1149) [?:1.8.0_211]
	at java.util.concurrent.ThreadPoolExecutor$Worker.run(ThreadPoolExecutor.java:624) [?:1.8.0_211]
	at java.lang.Thread.run(Thread.java:748) [?:1.8.0_211]
Caused by: io.lettuce.core.RedisCommandTimeoutException: Command timed out after 200 millisecond(s)
	at io.lettuce.core.ExceptionFactory.createTimeoutException(ExceptionFactory.java:51) ~[lettuce-core-5.1.4.RELEASE.jar:?]
	at io.lettuce.core.LettuceFutures.awaitOrCancel(LettuceFutures.java:114) ~[lettuce-core-5.1.4.RELEASE.jar:?]
	at io.lettuce.core.FutureSyncInvocationHandler.handleInvocation(FutureSyncInvocationHandler.java:69) ~[lettuce-core-5.1.4.RELEASE.jar:?]
	at io.lettuce.core.internal.AbstractInvocationHandler.invoke(AbstractInvocationHandler.java:80) ~[lettuce-core-5.1.4.RELEASE.jar:?]
	at com.sun.proxy.$Proxy105.smembers(Unknown Source) ~[?:?]
	at org.springframework.data.redis.connection.lettuce.LettuceSetCommands.sMembers(LettuceSetCommands.java:243) ~[spring-data-redis-2.1.5.RELEASE.jar:2.1.5.RELEASE]
	... 20 more

2020-04-07 20:09:00 WARN  io.netty.util.internal.logging.AbstractInternalLogger 176 log - Cannot reconnect: java.util.concurrent.TimeoutException: Reconnection attempt exceeded timeout of 60 SECONDS 
2020-04-07 20:09:00 WARN  io.netty.util.internal.logging.AbstractInternalLogger 176 log - Cannot reconnect: java.util.concurrent.TimeoutException: Reconnection attempt exceeded timeout of 60 SECONDS 
2020-04-07 20:09:00 INFO  io.netty.util.internal.logging.AbstractInternalLogger 173 log - Reconnecting, last destination was 192.168.8.101:6379
2020-04-07 20:09:00 INFO  io.netty.util.internal.logging.AbstractInternalLogger 173 log - Reconnecting, last destination was 192.168.8.101:6379
2020-04-07 20:09:10 WARN  io.netty.util.internal.logging.AbstractInternalLogger 176 log - Cannot reconnect: io.netty.channel.ConnectTimeoutException: connection timed out: /192.168.8.101:6379
2020-04-07 20:09:10 WARN  io.netty.util.internal.logging.AbstractInternalLogger 176 log - Cannot reconnect: io.netty.channel.ConnectTimeoutException: connection timed out: /192.168.8.101:6379
2020-04-07 20:09:10 INFO  io.netty.util.internal.logging.AbstractInternalLogger 173 log - Reconnecting, last destination was 192.168.8.101:6379
2020-04-07 20:09:10 INFO  io.netty.util.internal.logging.AbstractInternalLogger 173 log - Reconnecting, last destination was 192.168.8.101:6379
2020-04-07 20:09:10 INFO  io.lettuce.core.protocol.ReconnectionHandler 177 lambda$null$3 - Reconnected to 192.168.8.101:6379
2020-04-07 20:09:11 INFO  io.lettuce.core.protocol.ReconnectionHandler 177 lambda$null$3 - Reconnected to 192.168.8.101:6379
2020-04-07 20:09:31 INFO  cn.com.alasky.controller.association.AssIGetInfoController 51 getUniversityAss - 查看学校社团: 8cff4bc2-07e3-4099-84f5-89e7b880a197
2020-04-07 20:09:33 INFO  cn.com.alasky.controller.association.AssIGetInfoController 99 getAssDetail - 获取社团详细信息: 8cff4bc2-07e3-4099-84f5-89e7b880a197
2020-04-07 20:24:55 INFO  org.springframework.scheduling.concurrent.ExecutorConfigurationSupport 208 shutdown - Shutting down ExecutorService 'applicationTaskExecutor'
2020-04-07 20:24:55 INFO  com.alibaba.druid.support.logging.Log4j2Impl 106 info - {dataSource-1} closed
