2020-01-30 21:04:58 INFO  cn.com.alasky.StartApp 24 main - 启动应用
2020-01-30 21:04:58 INFO  org.springframework.boot.StartupInfoLogger 50 logStarting - Starting StartApp on spartan-PC with PID 4874 (/home/spartan/codes/associationplatform/target/classes started by spartan in /home/spartan/codes/associationplatform)
2020-01-30 21:04:58 INFO  org.springframework.boot.SpringApplication 675 logStartupProfileInfo - No active profile set, falling back to default profiles: default
2020-01-30 21:05:00 INFO  org.springframework.boot.web.embedded.tomcat.TomcatWebServer 90 initialize - Tomcat initialized with port(s): 8080 (http)
2020-01-30 21:05:00 INFO  org.apache.juli.logging.DirectJDKLog 173 log - Initializing ProtocolHandler ["http-nio-8080"]
2020-01-30 21:05:00 INFO  org.apache.juli.logging.DirectJDKLog 173 log - Starting service [Tomcat]
2020-01-30 21:05:00 INFO  org.apache.juli.logging.DirectJDKLog 173 log - Starting Servlet engine: [Apache Tomcat/9.0.16]
2020-01-30 21:05:00 INFO  org.apache.juli.logging.DirectJDKLog 173 log - The APR based Apache Tomcat Native library which allows optimal performance in production environments was not found on the java.library.path: [/usr/java/packages/lib/amd64:/usr/lib64:/lib64:/lib:/usr/lib]
2020-01-30 21:05:00 INFO  org.apache.juli.logging.DirectJDKLog 173 log - At least one JAR was scanned for TLDs yet contained no TLDs. Enable debug logging for this logger for a complete list of JARs that were scanned but no TLDs were found in them. Skipping unneeded JARs during scanning can improve startup time and JSP compilation time.
2020-01-30 21:05:00 INFO  org.apache.juli.logging.DirectJDKLog 173 log - Initializing Spring embedded WebApplicationContext
2020-01-30 21:05:00 INFO  org.springframework.boot.web.servlet.context.ServletWebServerApplicationContext 296 prepareWebApplicationContext - Root WebApplicationContext: initialization completed in 1434 ms
2020-01-30 21:05:00 INFO  org.springframework.scheduling.concurrent.ExecutorConfigurationSupport 171 initialize - Initializing ExecutorService 'applicationTaskExecutor'
2020-01-30 21:05:00 INFO  org.apache.juli.logging.DirectJDKLog 173 log - Starting ProtocolHandler ["http-nio-8080"]
2020-01-30 21:05:00 INFO  org.springframework.boot.web.embedded.tomcat.TomcatWebServer 204 start - Tomcat started on port(s): 8080 (http) with context path ''
2020-01-30 21:05:00 INFO  org.springframework.boot.StartupInfoLogger 59 logStarted - Started StartApp in 2.265 seconds (JVM running for 3.111)
2020-01-30 21:05:30 INFO  org.apache.juli.logging.DirectJDKLog 173 log - Initializing Spring DispatcherServlet 'dispatcherServlet'
2020-01-30 21:05:30 INFO  org.springframework.web.servlet.FrameworkServlet 524 initServletBean - Initializing Servlet 'dispatcherServlet'
2020-01-30 21:05:30 INFO  org.springframework.web.servlet.FrameworkServlet 546 initServletBean - Completed initialization in 6 ms
2020-01-30 21:05:38 INFO  cn.com.alasky.controller.LoginController 31 getRegisterInfo - 新的注册: null
2020-01-30 21:49:06 INFO  org.springframework.scheduling.concurrent.ExecutorConfigurationSupport 208 shutdown - Shutting down ExecutorService 'applicationTaskExecutor'
