2020-04-13 18:19:48 INFO  cn.com.alasky.StartApp 28 main - 启动应用
2020-04-13 18:19:49 INFO  org.springframework.boot.StartupInfoLogger 50 logStarting - Starting StartApp on Alasky with PID 4752 (F:\develop\association\target\classes started by Alasky in F:\develop\association)
2020-04-13 18:19:49 INFO  org.springframework.boot.SpringApplication 675 logStartupProfileInfo - No active profile set, falling back to default profiles: default
2020-04-13 18:19:50 INFO  org.springframework.data.repository.config.RepositoryConfigurationDelegate 244 multipleStoresDetected - Multiple Spring Data modules found, entering strict repository configuration mode!
2020-04-13 18:19:50 INFO  org.springframework.data.repository.config.RepositoryConfigurationDelegate 126 registerRepositoriesIn - Bootstrapping Spring Data repositories in DEFAULT mode.
2020-04-13 18:19:51 INFO  org.springframework.data.repository.config.RepositoryConfigurationDelegate 182 registerRepositoriesIn - Finished Spring Data repository scanning in 29ms. Found 0 repository interfaces.
2020-04-13 18:19:51 INFO  org.springframework.context.support.PostProcessorRegistrationDelegate$BeanPostProcessorChecker 330 postProcessAfterInitialization - Bean 'org.springframework.transaction.annotation.ProxyTransactionManagementConfiguration' of type [org.springframework.transaction.annotation.ProxyTransactionManagementConfiguration$$EnhancerBySpringCGLIB$$44a3c25e] is not eligible for getting processed by all BeanPostProcessors (for example: not eligible for auto-proxying)
2020-04-13 18:19:51 INFO  org.springframework.boot.web.embedded.tomcat.TomcatWebServer 90 initialize - Tomcat initialized with port(s): 8080 (http)
2020-04-13 18:19:51 INFO  org.apache.juli.logging.DirectJDKLog 173 log - Initializing ProtocolHandler ["http-nio-8080"]
2020-04-13 18:19:51 INFO  org.apache.juli.logging.DirectJDKLog 173 log - Starting service [Tomcat]
2020-04-13 18:19:51 INFO  org.apache.juli.logging.DirectJDKLog 173 log - Starting Servlet engine: [Apache Tomcat/9.0.16]
2020-04-13 18:19:52 INFO  org.apache.juli.logging.DirectJDKLog 173 log - The APR based Apache Tomcat Native library which allows optimal performance in production environments was not found on the java.library.path: [C:\Software\java\jdk1.8.0_211\bin;C:\Windows\Sun\Java\bin;C:\Windows\system32;C:\Windows;C:\Software\python\Scripts\;C:\Software\python\;C:\Windows\system32;C:\Windows;C:\Windows\System32\Wbem;C:\Windows\System32\WindowsPowerShell\v1.0\;C:\Windows\System32\OpenSSH\;C:\Software\java\jdk1.8.0_211\bin;C:\Software\java\jdk1.8.0_211\jre\bin;C:\Program Files\Intel\WiFi\bin\;C:\Program Files\Common Files\Intel\WirelessCommon\;D:\hadoop-2.7.7\bin;%CATALINA_HOME%\lib;%CATALINA_HOME%\bin;C:\Program Files (x86)\NVIDIA Corporation\PhysX\Common;C:\Program Files\NVIDIA Corporation\NVIDIA NvDLISR;C:\Software\Git\cmd;D:\mysql-8.0.18-winx64\bin;D:\pandoc\;C:\Program Files\nodejs\;C:\ProgramData\chocolatey\bin;C:\Software\python\python3.6\Scripts\;C:\Software\python\python3.6\;C:\Software\Scripts\;C:\Software\;C:\Users\Administrator\AppData\Local\Microsoft\WindowsApps;C:\Program Files\Intel\WiFi\bin\;C:\Program Files\Common Files\Intel\WirelessCommon\;D:\IntelliJ IDEA 2019.1.2\bin;D:\Microsoft VS Code\bin;D:\apache-maven-3.6.1\bin;C:\Software\python\Scripts;C:\Users\Administrator\AppData\Local\GitHubDesktop\bin;C:\Program Files\Bandizip\;C:\Users\Administrator\AppData\Roaming\npm;.]
2020-04-13 18:19:52 INFO  org.apache.juli.logging.DirectJDKLog 173 log - At least one JAR was scanned for TLDs yet contained no TLDs. Enable debug logging for this logger for a complete list of JARs that were scanned but no TLDs were found in them. Skipping unneeded JARs during scanning can improve startup time and JSP compilation time.
2020-04-13 18:19:52 INFO  org.apache.juli.logging.DirectJDKLog 173 log - Initializing Spring embedded WebApplicationContext
2020-04-13 18:19:52 INFO  org.springframework.boot.web.servlet.context.ServletWebServerApplicationContext 296 prepareWebApplicationContext - Root WebApplicationContext: initialization completed in 2676 ms
2020-04-13 18:19:53 INFO  io.lettuce.core.EpollProvider 68 <clinit> - Starting without optional epoll library
2020-04-13 18:19:53 INFO  io.lettuce.core.KqueueProvider 70 <clinit> - Starting without optional kqueue library
2020-04-13 18:19:55 INFO  org.springframework.scheduling.concurrent.ExecutorConfigurationSupport 171 initialize - Initializing ExecutorService 'applicationTaskExecutor'
2020-04-13 18:19:56 INFO  org.springframework.scheduling.annotation.ScheduledAnnotationBeanPostProcessor 295 finishRegistration - No TaskScheduler/ScheduledExecutorService bean found for scheduled processing
2020-04-13 18:19:56 INFO  org.apache.juli.logging.DirectJDKLog 173 log - Starting ProtocolHandler ["http-nio-8080"]
2020-04-13 18:19:56 INFO  org.springframework.boot.web.embedded.tomcat.TomcatWebServer 204 start - Tomcat started on port(s): 8080 (http) with context path ''
2020-04-13 18:19:56 INFO  org.springframework.boot.StartupInfoLogger 59 logStarted - Started StartApp in 7.19 seconds (JVM running for 9.748)
2020-04-13 18:21:23 INFO  org.apache.juli.logging.DirectJDKLog 173 log - Initializing Spring DispatcherServlet 'dispatcherServlet'
2020-04-13 18:21:23 INFO  org.springframework.web.servlet.FrameworkServlet 524 initServletBean - Initializing Servlet 'dispatcherServlet'
2020-04-13 18:21:23 INFO  org.springframework.web.servlet.FrameworkServlet 546 initServletBean - Completed initialization in 12 ms
2020-04-13 18:21:24 ERROR com.alibaba.druid.support.logging.Log4j2Impl 58 error - testWhileIdle is true, validationQuery not set
2020-04-13 18:21:24 INFO  com.alibaba.druid.support.logging.Log4j2Impl 106 info - {dataSource-1} inited
2020-04-13 18:21:55 INFO  cn.com.alasky.controller.LoginController 56 getLoginInfo - 新的登录(127.0.0.1): 11122223333
2020-04-13 18:56:07 INFO  cn.com.alasky.controller.admin.AdminController 41 getUserPosition - 查看控制台: 8cff4bc2-07e3-4099-84f5-89e7b880a197
2020-04-13 18:56:07 INFO  cn.com.alasky.controller.admin.UserDataController 49 getUserData - 查看用户信息: 8cff4bc2-07e3-4099-84f5-89e7b880a197
2020-04-13 18:56:12 INFO  cn.com.alasky.controller.admin.PersonalDataController 51 getPersonalData - 查看个人信息: 8cff4bc2-07e3-4099-84f5-89e7b880a197
2020-04-13 18:56:13 INFO  cn.com.alasky.controller.admin.AssSignUpAdminController 50 getAssSignUpAdminAssName - 查询社团报名信息
2020-04-13 18:56:15 INFO  cn.com.alasky.controller.admin.ActSignUpAdminController 44 getActSignUpAdminActNames - 控制台获取活动名称: 8cff4bc2-07e3-4099-84f5-89e7b880a197
2020-04-13 18:56:20 INFO  cn.com.alasky.controller.admin.AssSignUpAdminController 50 getAssSignUpAdminAssName - 查询社团报名信息
2020-04-13 18:56:22 INFO  cn.com.alasky.controller.admin.AssSignUpAdminController 69 getAssSignUpAdminSignUpInfos - 查看社团的报名信息列表(f315f75a-ca2e-4e69-bbbb-d9dae8cab394)
2020-04-13 18:56:24 INFO  cn.com.alasky.controller.admin.AssSignUpAdminController 69 getAssSignUpAdminSignUpInfos - 查看社团的报名信息列表(e47154dd-bcd6-448e-a5fd-16f9d9f620ff)
2020-04-13 18:56:27 INFO  cn.com.alasky.controller.admin.AssSignUpAdminController 69 getAssSignUpAdminSignUpInfos - 查看社团的报名信息列表(e47154dd-bcd6-448e-a5fd-16f9d9f620ff)
2020-04-13 18:56:28 INFO  cn.com.alasky.controller.admin.AssSignUpAdminController 69 getAssSignUpAdminSignUpInfos - 查看社团的报名信息列表(f315f75a-ca2e-4e69-bbbb-d9dae8cab394)
2020-04-13 18:59:17 INFO  cn.com.alasky.controller.admin.AssSignUpAdminController 84 getAssSignUpDetail - 查看社团的报名信息详情(5)
2020-04-13 18:59:21 INFO  cn.com.alasky.controller.admin.AssSignUpAdminController 84 getAssSignUpDetail - 查看社团的报名信息详情(6)
2020-04-13 19:28:11 INFO  cn.com.alasky.controller.admin.AssSignUpAdminController 84 getAssSignUpDetail - 查看社团的报名信息详情(6)
2020-04-13 19:28:56 INFO  cn.com.alasky.controller.admin.AssSignUpAdminController 84 getAssSignUpDetail - 查看社团的报名信息详情(5)
2020-04-13 19:30:26 INFO  cn.com.alasky.controller.admin.AdminController 41 getUserPosition - 查看控制台: 8cff4bc2-07e3-4099-84f5-89e7b880a197
2020-04-13 19:30:26 INFO  cn.com.alasky.controller.admin.AssSignUpAdminController 50 getAssSignUpAdminAssName - 查询社团报名信息
2020-04-13 19:30:30 INFO  cn.com.alasky.controller.admin.AssSignUpAdminController 69 getAssSignUpAdminSignUpInfos - 查看社团的报名信息列表(e47154dd-bcd6-448e-a5fd-16f9d9f620ff)
2020-04-13 19:30:32 INFO  cn.com.alasky.controller.admin.AssSignUpAdminController 69 getAssSignUpAdminSignUpInfos - 查看社团的报名信息列表(f315f75a-ca2e-4e69-bbbb-d9dae8cab394)
2020-04-13 19:30:34 INFO  cn.com.alasky.controller.admin.AssSignUpAdminController 84 getAssSignUpDetail - 查看社团的报名信息详情(6)
2020-04-13 19:30:45 INFO  cn.com.alasky.controller.admin.AdminController 41 getUserPosition - 查看控制台: 8cff4bc2-07e3-4099-84f5-89e7b880a197
2020-04-13 19:30:45 INFO  cn.com.alasky.controller.admin.AssSignUpAdminController 50 getAssSignUpAdminAssName - 查询社团报名信息
2020-04-13 19:30:47 INFO  cn.com.alasky.controller.admin.AssSignUpAdminController 69 getAssSignUpAdminSignUpInfos - 查看社团的报名信息列表(f315f75a-ca2e-4e69-bbbb-d9dae8cab394)
2020-04-13 19:30:48 INFO  cn.com.alasky.controller.admin.AssSignUpAdminController 84 getAssSignUpDetail - 查看社团的报名信息详情(6)
2020-04-13 19:31:20 INFO  cn.com.alasky.controller.admin.AdminController 41 getUserPosition - 查看控制台: 8cff4bc2-07e3-4099-84f5-89e7b880a197
2020-04-13 19:31:20 INFO  cn.com.alasky.controller.admin.AssSignUpAdminController 50 getAssSignUpAdminAssName - 查询社团报名信息
2020-04-13 19:32:41 INFO  cn.com.alasky.controller.admin.AssSignUpAdminController 69 getAssSignUpAdminSignUpInfos - 查看社团的报名信息列表(f315f75a-ca2e-4e69-bbbb-d9dae8cab394)
2020-04-13 19:32:42 INFO  cn.com.alasky.controller.admin.AssSignUpAdminController 84 getAssSignUpDetail - 查看社团的报名信息详情(5)
2020-04-13 19:32:58 INFO  cn.com.alasky.controller.admin.AssSignUpAdminController 84 getAssSignUpDetail - 查看社团的报名信息详情(6)
2020-04-13 19:33:02 INFO  cn.com.alasky.controller.admin.AssSignUpAdminController 84 getAssSignUpDetail - 查看社团的报名信息详情(5)
2020-04-13 19:38:04 INFO  cn.com.alasky.controller.admin.AssSignUpAdminController 69 getAssSignUpAdminSignUpInfos - 查看社团的报名信息列表(e47154dd-bcd6-448e-a5fd-16f9d9f620ff)
2020-04-13 19:38:07 INFO  cn.com.alasky.controller.admin.AssSignUpAdminController 69 getAssSignUpAdminSignUpInfos - 查看社团的报名信息列表(f315f75a-ca2e-4e69-bbbb-d9dae8cab394)
2020-04-13 19:38:14 INFO  cn.com.alasky.controller.admin.AssSignUpAdminController 84 getAssSignUpDetail - 查看社团的报名信息详情(5)
2020-04-13 19:40:17 INFO  org.springframework.scheduling.concurrent.ExecutorConfigurationSupport 208 shutdown - Shutting down ExecutorService 'applicationTaskExecutor'
2020-04-13 19:40:17 INFO  com.alibaba.druid.support.logging.Log4j2Impl 106 info - {dataSource-1} closed
