2020-03-29 23:19:51 INFO  cn.com.alasky.StartApp 28 main - 启动应用
2020-03-29 23:19:52 INFO  org.springframework.boot.StartupInfoLogger 50 logStarting - Starting StartApp on Alasky with PID 18904 (F:\develop\association\target\classes started by Alasky in F:\develop\association)
2020-03-29 23:19:52 INFO  org.springframework.boot.SpringApplication 675 logStartupProfileInfo - No active profile set, falling back to default profiles: default
2020-03-29 23:19:53 INFO  org.springframework.data.repository.config.RepositoryConfigurationDelegate 244 multipleStoresDetected - Multiple Spring Data modules found, entering strict repository configuration mode!
2020-03-29 23:19:53 INFO  org.springframework.data.repository.config.RepositoryConfigurationDelegate 126 registerRepositoriesIn - Bootstrapping Spring Data repositories in DEFAULT mode.
2020-03-29 23:19:53 INFO  org.springframework.data.repository.config.RepositoryConfigurationDelegate 182 registerRepositoriesIn - Finished Spring Data repository scanning in 23ms. Found 0 repository interfaces.
2020-03-29 23:19:53 INFO  org.springframework.context.support.PostProcessorRegistrationDelegate$BeanPostProcessorChecker 330 postProcessAfterInitialization - Bean 'org.springframework.transaction.annotation.ProxyTransactionManagementConfiguration' of type [org.springframework.transaction.annotation.ProxyTransactionManagementConfiguration$$EnhancerBySpringCGLIB$$ad150deb] is not eligible for getting processed by all BeanPostProcessors (for example: not eligible for auto-proxying)
2020-03-29 23:19:54 INFO  org.springframework.boot.web.embedded.tomcat.TomcatWebServer 90 initialize - Tomcat initialized with port(s): 8080 (http)
2020-03-29 23:19:54 INFO  org.apache.juli.logging.DirectJDKLog 173 log - Initializing ProtocolHandler ["http-nio-8080"]
2020-03-29 23:19:54 INFO  org.apache.juli.logging.DirectJDKLog 173 log - Starting service [Tomcat]
2020-03-29 23:19:54 INFO  org.apache.juli.logging.DirectJDKLog 173 log - Starting Servlet engine: [Apache Tomcat/9.0.16]
2020-03-29 23:19:54 INFO  org.apache.juli.logging.DirectJDKLog 173 log - The APR based Apache Tomcat Native library which allows optimal performance in production environments was not found on the java.library.path: [C:\Software\java\jdk1.8.0_211\bin;C:\Windows\Sun\Java\bin;C:\Windows\system32;C:\Windows;C:\Software\python\Scripts\;C:\Software\python\;C:\Windows\system32;C:\Windows;C:\Windows\System32\Wbem;C:\Windows\System32\WindowsPowerShell\v1.0\;C:\Windows\System32\OpenSSH\;C:\Software\java\jdk1.8.0_211\bin;C:\Software\java\jdk1.8.0_211\jre\bin;C:\Program Files\Intel\WiFi\bin\;C:\Program Files\Common Files\Intel\WirelessCommon\;D:\hadoop-2.7.7\bin;%CATALINA_HOME%\lib;%CATALINA_HOME%\bin;C:\Program Files (x86)\NVIDIA Corporation\PhysX\Common;C:\Program Files\NVIDIA Corporation\NVIDIA NvDLISR;C:\Software\Git\cmd;D:\mysql-8.0.18-winx64\bin;D:\pandoc\;C:\Program Files\nodejs\;C:\ProgramData\chocolatey\bin;C:\Software\python\python3.6\Scripts\;C:\Software\python\python3.6\;C:\Software\Scripts\;C:\Software\;C:\Users\Administrator\AppData\Local\Microsoft\WindowsApps;C:\Program Files\Intel\WiFi\bin\;C:\Program Files\Common Files\Intel\WirelessCommon\;D:\IntelliJ IDEA 2019.1.2\bin;D:\Microsoft VS Code\bin;D:\apache-maven-3.6.1\bin;C:\Software\python\Scripts;C:\Users\Administrator\AppData\Local\GitHubDesktop\bin;C:\Program Files\Bandizip\;C:\Users\Administrator\AppData\Roaming\npm;.]
2020-03-29 23:19:54 INFO  org.apache.juli.logging.DirectJDKLog 173 log - At least one JAR was scanned for TLDs yet contained no TLDs. Enable debug logging for this logger for a complete list of JARs that were scanned but no TLDs were found in them. Skipping unneeded JARs during scanning can improve startup time and JSP compilation time.
2020-03-29 23:19:54 INFO  org.apache.juli.logging.DirectJDKLog 173 log - Initializing Spring embedded WebApplicationContext
2020-03-29 23:19:54 INFO  org.springframework.boot.web.servlet.context.ServletWebServerApplicationContext 296 prepareWebApplicationContext - Root WebApplicationContext: initialization completed in 2121 ms
2020-03-29 23:19:55 INFO  io.lettuce.core.EpollProvider 68 <clinit> - Starting without optional epoll library
2020-03-29 23:19:55 INFO  io.lettuce.core.KqueueProvider 70 <clinit> - Starting without optional kqueue library
2020-03-29 23:19:56 INFO  org.springframework.scheduling.concurrent.ExecutorConfigurationSupport 171 initialize - Initializing ExecutorService 'applicationTaskExecutor'
2020-03-29 23:19:57 INFO  org.springframework.scheduling.annotation.ScheduledAnnotationBeanPostProcessor 295 finishRegistration - No TaskScheduler/ScheduledExecutorService bean found for scheduled processing
2020-03-29 23:19:57 INFO  org.apache.juli.logging.DirectJDKLog 173 log - Starting ProtocolHandler ["http-nio-8080"]
2020-03-29 23:19:57 INFO  org.springframework.boot.web.embedded.tomcat.TomcatWebServer 204 start - Tomcat started on port(s): 8080 (http) with context path ''
2020-03-29 23:19:57 INFO  org.springframework.boot.StartupInfoLogger 59 logStarted - Started StartApp in 5.75 seconds (JVM running for 7.898)
2020-03-29 23:20:52 INFO  org.apache.juli.logging.DirectJDKLog 173 log - Initializing Spring DispatcherServlet 'dispatcherServlet'
2020-03-29 23:20:52 INFO  org.springframework.web.servlet.FrameworkServlet 524 initServletBean - Initializing Servlet 'dispatcherServlet'
2020-03-29 23:20:52 INFO  org.springframework.web.servlet.FrameworkServlet 546 initServletBean - Completed initialization in 13 ms
2020-03-29 23:20:52 INFO  cn.com.alasky.controller.admin.AdminController 41 getUserPosition - 查看控制台: 8cff4bc2-07e3-4099-84f5-89e7b880a197
2020-03-29 23:20:52 ERROR com.alibaba.druid.support.logging.Log4j2Impl 58 error - testWhileIdle is true, validationQuery not set
2020-03-29 23:20:52 INFO  com.alibaba.druid.support.logging.Log4j2Impl 106 info - {dataSource-1} inited
2020-03-29 23:20:52 WARN  org.springframework.web.servlet.handler.AbstractHandlerExceptionResolver 197 logException - Resolved [org.springframework.web.method.annotation.MethodArgumentTypeMismatchException: Failed to convert value of type 'java.lang.String' to required type 'int'; nested exception is java.lang.NumberFormatException: For input string: ""]
2020-03-29 23:20:54 INFO  cn.com.alasky.controller.admin.ActSignUpAdminController 40 getActSignUpAdminActNames - 控制台获取活动名称: 8cff4bc2-07e3-4099-84f5-89e7b880a197
2020-03-29 23:22:54 INFO  cn.com.alasky.controller.admin.AdminController 41 getUserPosition - 查看控制台: 8cff4bc2-07e3-4099-84f5-89e7b880a197
2020-03-29 23:22:55 WARN  org.springframework.web.servlet.handler.AbstractHandlerExceptionResolver 197 logException - Resolved [org.springframework.web.method.annotation.MethodArgumentTypeMismatchException: Failed to convert value of type 'java.lang.String' to required type 'int'; nested exception is java.lang.NumberFormatException: For input string: ""]
2020-03-29 23:22:55 INFO  cn.com.alasky.controller.admin.ActSignUpAdminController 40 getActSignUpAdminActNames - 控制台获取活动名称: 8cff4bc2-07e3-4099-84f5-89e7b880a197
2020-03-29 23:23:22 INFO  cn.com.alasky.controller.admin.AdminController 41 getUserPosition - 查看控制台: 8cff4bc2-07e3-4099-84f5-89e7b880a197
2020-03-29 23:23:23 INFO  cn.com.alasky.controller.admin.ActSignUpAdminController 40 getActSignUpAdminActNames - 控制台获取活动名称: 8cff4bc2-07e3-4099-84f5-89e7b880a197
2020-03-29 23:23:23 INFO  cn.com.alasky.controller.admin.ActSignUpAdminController 59 getActSignUpAdminSignUpInfos - 获取活动报名信息(61): 61
2020-03-29 23:24:56 INFO  cn.com.alasky.controller.admin.AdminController 41 getUserPosition - 查看控制台: 8cff4bc2-07e3-4099-84f5-89e7b880a197
2020-03-29 23:24:57 INFO  cn.com.alasky.controller.admin.ActSignUpAdminController 40 getActSignUpAdminActNames - 控制台获取活动名称: 8cff4bc2-07e3-4099-84f5-89e7b880a197
2020-03-29 23:25:12 INFO  cn.com.alasky.controller.admin.AdminController 41 getUserPosition - 查看控制台: 8cff4bc2-07e3-4099-84f5-89e7b880a197
2020-03-29 23:25:12 INFO  cn.com.alasky.controller.admin.ActSignUpAdminController 40 getActSignUpAdminActNames - 控制台获取活动名称: 8cff4bc2-07e3-4099-84f5-89e7b880a197
2020-03-29 23:25:33 INFO  cn.com.alasky.controller.admin.AdminController 41 getUserPosition - 查看控制台: 8cff4bc2-07e3-4099-84f5-89e7b880a197
2020-03-29 23:25:33 INFO  cn.com.alasky.controller.admin.ActSignUpAdminController 40 getActSignUpAdminActNames - 控制台获取活动名称: 8cff4bc2-07e3-4099-84f5-89e7b880a197
2020-03-29 23:25:39 INFO  cn.com.alasky.controller.LoginController 100 logout - 11122223333 退出登录
2020-03-29 23:25:40 ERROR cn.com.alasky.controller.admin.AdminController 45 getUserPosition - 获取用户职位出错: java.lang.NullPointerException
2020-03-29 23:25:44 INFO  cn.com.alasky.controller.LoginController 56 getLoginInfo - 新的登录(127.0.0.1): 22233334444
2020-03-29 23:25:46 INFO  cn.com.alasky.controller.admin.AdminController 41 getUserPosition - 查看控制台: 639c1f8c-9ec9-42ef-b413-b76711ce57f8
2020-03-29 23:25:46 INFO  cn.com.alasky.controller.admin.UserDataController 49 getUserData - 查看用户信息: 639c1f8c-9ec9-42ef-b413-b76711ce57f8
2020-03-29 23:25:49 INFO  cn.com.alasky.controller.admin.ActSignUpAdminController 40 getActSignUpAdminActNames - 控制台获取活动名称: 639c1f8c-9ec9-42ef-b413-b76711ce57f8
2020-03-29 23:26:17 INFO  cn.com.alasky.controller.admin.AdminController 41 getUserPosition - 查看控制台: 639c1f8c-9ec9-42ef-b413-b76711ce57f8
2020-03-29 23:26:17 INFO  cn.com.alasky.controller.admin.ActSignUpAdminController 40 getActSignUpAdminActNames - 控制台获取活动名称: 639c1f8c-9ec9-42ef-b413-b76711ce57f8
2020-03-29 23:26:22 INFO  cn.com.alasky.controller.admin.ActSignUpAdminController 59 getActSignUpAdminSignUpInfos - 获取活动报名信息(58): 58
2020-03-29 23:26:26 INFO  cn.com.alasky.controller.admin.ActSignUpAdminController 59 getActSignUpAdminSignUpInfos - 获取活动报名信息(58): 58
2020-03-29 23:26:50 INFO  cn.com.alasky.controller.admin.AdminController 41 getUserPosition - 查看控制台: 639c1f8c-9ec9-42ef-b413-b76711ce57f8
2020-03-29 23:26:51 INFO  cn.com.alasky.controller.admin.UserDataController 49 getUserData - 查看用户信息: 639c1f8c-9ec9-42ef-b413-b76711ce57f8
2020-03-29 23:26:55 INFO  cn.com.alasky.controller.admin.ActSignUpAdminController 40 getActSignUpAdminActNames - 控制台获取活动名称: 639c1f8c-9ec9-42ef-b413-b76711ce57f8
2020-03-29 23:27:14 ERROR cn.com.alasky.controller.admin.AdminController 45 getUserPosition - 获取用户职位出错: java.lang.NullPointerException
2020-03-29 23:27:17 INFO  cn.com.alasky.controller.LoginController 56 getLoginInfo - 新的登录(127.0.0.1): 22233334444
2020-03-29 23:27:19 INFO  cn.com.alasky.controller.admin.AdminController 41 getUserPosition - 查看控制台: 639c1f8c-9ec9-42ef-b413-b76711ce57f8
2020-03-29 23:27:19 INFO  cn.com.alasky.controller.admin.UserDataController 49 getUserData - 查看用户信息: 639c1f8c-9ec9-42ef-b413-b76711ce57f8
2020-03-29 23:27:26 INFO  cn.com.alasky.controller.admin.ActSignUpAdminController 40 getActSignUpAdminActNames - 控制台获取活动名称: 639c1f8c-9ec9-42ef-b413-b76711ce57f8
2020-03-29 23:27:29 INFO  cn.com.alasky.controller.admin.ActSignUpAdminController 59 getActSignUpAdminSignUpInfos - 获取活动报名信息(58): 58
2020-03-29 23:27:31 INFO  cn.com.alasky.controller.admin.ActSignUpAdminController 59 getActSignUpAdminSignUpInfos - 获取活动报名信息(58): 58
2020-03-29 23:32:17 INFO  org.springframework.scheduling.concurrent.ExecutorConfigurationSupport 208 shutdown - Shutting down ExecutorService 'applicationTaskExecutor'
2020-03-29 23:32:17 INFO  com.alibaba.druid.support.logging.Log4j2Impl 106 info - {dataSource-1} closed
